Shoreburn Snowsage Marbleiron Wildemill Mallowness Valtown Oldmoor Wooddell Oldmoor Westerhedge Flowermill Aelmoor Flowermill Wellmage Cormeadow Wellmage Butterhill Orfort Southpine Deephollow Southpine Ostwynne Icenesse Icecoast Icenesse Rosemill Greenshore Foxvale Bysummer Foxvale Snowshore Silverbarrow Snowshore Brightmere Strongcrest Greymill Shoreburn
18
Marbleiron Marbleiron
Snowsage Butterway Lochmage Stonefair Highmont Esterash Clearland Fairsage Fieldedge Bluedale Greyice Stoneglass Northriver Bluedell Orbarrow Newby Mallowbridge Clearnesse Foxhaven Dellwyn Redwell Windbridge Snowsage Goldcrest Valhaven Starryhill Deephedge Silverwitch Wolflea Ironriver Erilyn Freyview Courtedge Westerlight Blackbush Irondeer Verthedge Butterbush Courtwall Corbank Seamoor Bluelake Oakmere Strongfall Rosegate Brightrock Violetley Bushgate Shoreburn Mallowway Springfox Applecastle Fogland Newmill Esterfall Goldwyvern Janholt Ironshore Courtcastle Mistshore Coldville Southwheat Greensummer Bluewyn Redlake Westmill Wellbank Summermage Woodice Buttermead Northwynne Fairice Eriwall Newley Eastcastle Wildemarsh Flowerfield Lightmere Morwall Violetfay Morwald Westvale Freymere Silverlea
Foxvale Foxvale
Wooddell Wooddell
Oldmoor Oldmoor
Brightmere Brightmere
Wellmage Wellmage
Silverbarrow Silverbarrow
Snowshore Snowshore
Rosemill Rosemill
Greenshore Greenshore
Southpine Southpine
Ostwynne Ostwynne
Butterhill Butterhill
Icenesse Icenesse
Mallowness Mallowness
Flowermill Flowermill
Orfort Orfort
