Brightmere Fairsage Eriwall Dellwyn Fairsage Eastcastle Morwald Woodice Greenshore Marbleiron Rosemill Courtcastle Ironriver Eastcastle Foxvale Snowsage Foxvale Wellmage Irondeer Bluedell Snowshore Greyice Valhaven Greyice Windbridge Lochmage Stonefair Esterash Morwall Ironshore Clearnesse Wildemarsh Brightmere Windbridge Westvale Seamoor Westvale Erilyn Newby Westerlight Violetley Wolflea Bushgate Clearland Erilyn Blackbush Brightmere
34
Ironriver Ironriver
Courtcastle Courtcastle
Rosemill Rosemill
Marbleiron Marbleiron
Greenshore Greenshore
Woodice Woodice
Morwald Morwald
Eastcastle Eastcastle
Bluedell Newley Foxhaven Buttermead Westmill Butterbush Stoneglass Bluedell Courtwall Freyview
Brightmere Brightmere
Wildemarsh Wildemarsh
Clearnesse Clearnesse
Ironshore Ironshore
Morwall Morwall
Esterash Esterash
Stonefair Stonefair
Lochmage Lochmage
Valhaven Valhaven
Greyice Greyice
Clearland Clearland
Bushgate Bushgate
Wolflea Wolflea
Violetley Violetley
Westerlight Westerlight
Newby Newby
Erilyn Erilyn
Westvale Westvale
Wellmage Corbank Oldmoor Lightmere Southwheat Oakmere Goldwyvern Esterfall Shoreburn Wellmage
Dellwyn Dellwyn
Eriwall Eriwall
Fairsage Fairsage
Foxvale Foxvale
Snowshore Snowshore
Irondeer Irondeer
