FacultyClub MLK BancroftLibrary Library FPF SutardjaDai EarthquakeLibrary FacultyClub MLK WooHonFai BrainImagingCenter WooHonFai MathLibrary Giauque CalvinLaboratory Giauque IRLE Campbell IRLE Classof54Gate Stephens Classof54Gate LiKaShingCenter Wellman EnergyBuilding Wheeler CareerCenter SpaceLab LiKaShingCenter InsectaryGreenhouse Warren UniversityHouse CesarChavez UniversityHouse CesarChavez Demography MartinezCommons Cheit PacificFilmArchive VisualCenter Demography MemorialPool SummerSession MaxwellField SummerSession SimpsonCenter Davis InternationalHouse Davis StowPlaza AnnaHeadAlumnae StowPlaza SproulPlaza Pimentel HearstGym Pimentel EastAsianLibrary PhysicsLibrary EastAsianLibrary MelvinLaboratory Investigative MelvinLaboratory DonnerLaboratory MediaCenter Hilgard DonnerLaboratory PEERLibrary FacultyClub
44
FacultyClub FacultyClub
EarthquakeLibrary EarthquakeLibrary Morrison
SutardjaDai SutardjaDai
FPF FPF
Library Library
BancroftLibrary BancroftLibrary
MLK MLK
InsectaryGreenhouse BioscienceLibrary Jacobs Unit3 OptometryLibrary BerkeleyWayWest HearstFountain VLSB Stanley SEAsianLibrary EngineeringLibrary Durant LatinAmerican FoundersRock
SproulPlaza Etcheverry SproulPlaza StudentUnion LawrenceofScience Manville EarthLibrary AnthropologyLibrary NewspapersLibrary TAAP HearstFieldAnnex Underhill NorthGate Senior EthnicLibrary
Hilgard Hilgard HearstGreekTheatre
MediaCenter MediaCenter UpperHearstParking
DonnerLaboratory DonnerLaboratory
CesarChavez CesarChavez
UniversityHouse UniversityHouse
HearstGym HearstGym
Pimentel Pimentel
MathLibrary Mulford Durham Spieker Koshland BancroftDance ArtHistoryLibrary Sproul CITRIS MSRI MathLibrary AquaticCenter BerkeleyLawLibrary AlumniHouse Bowles Hildebrand BanwayBuilding McCone LawSchool Boalt
SpaceLab Soda
CareerCenter CareerCenter
Wheeler Wheeler
EnergyBuilding EnergyBuilding IdaHouse
Wellman Wellman
Stephens Stephens OBrien
Classof54Gate Birge LeConte
VisualCenter VisualCenter AndersenAuditorium
PacificFilmArchive PacificFilmArchive
Cheit Cheit
MartinezCommons MartinezCommons
BrainImagingCenter BrainImagingCenter SocialLibrary
WooHonFai WooHonFai Bechtel
Investigative Investigative
MelvinLaboratory MelvinLaboratory
StowPlaza StowPlaza
InternationalHouse InternationalHouse
Davis Davis FoxCottage
Campbell Campbell
IRLE IRLE SpringerGateway
Warren Warren
PhysicsLibrary PhysicsLibrary
EastAsianLibrary EastAsianLibrary HealthServices Evans
Giauque Giauque
SimpsonCenter SimpsonCenter
MaxwellField MaxwellField
SummerSession Latimer
