FacultyClub BioscienceLibrary Etcheverry FacultyClub Morrison BioscienceLibrary EarthLibrary Unit3 CareerCenter Pimentel Library FacultyClub
22
BioscienceLibrary BioscienceLibrary
SutardjaDai SutardjaDai
Etcheverry Etcheverry
StudentUnion StudentUnion
UniversityHouse UniversityHouse
LawrenceofScience LawrenceofScience
Pimentel Pimentel
CareerCenter CareerCenter
HearstGym HearstGym
OBrien OBrien
Library Library
FPF FPF
PacificFilmArchive PacificFilmArchive
BrainImagingCenter BrainImagingCenter
Morrison Morrison
Wheeler Wheeler
Cheit Cheit
Manville Hilgard Manville
EarthLibrary FacultyClub
StowPlaza EarthquakeLibrary
MartinezCommons SproulPlaza Durham
Warren Mulford Spieker
