FacultyClub Cheit Wheeler Cheit Unit3 Jacobs Unit3 TAAP EarthquakeLibrary FacultyClub Durham Warren TAAP SproulPlaza CareerCenter Underhill MelvinLaboratory FPF Birge StowPlaza Morrison Stephens AndersenAuditorium Underhill Koshland Spieker NewspapersLibrary BancroftDance Mulford McCone EnergyBuilding Bechtel LawrenceofScience NewspapersLibrary LawrenceofScience CITRIS MLK Etcheverry SpringerGateway DonnerLaboratory CITRIS BioscienceLibrary Hilgard BioscienceLibrary AquaticCenter AnthropologyLibrary Sproul AnthropologyLibrary FacultyClub
35
Warren Warren PacificFilmArchive
Durham Durham
FacultyClub FacultyClub
EarthquakeLibrary EarthquakeLibrary
Hilgard Hilgard
BioscienceLibrary BioscienceLibrary
SproulPlaza SutardjaDai SproulPlaza StudentUnion UniversityHouse OBrien Library Investigative EarthLibrary MartinezCommons OptometryLibrary
DonnerLaboratory DonnerLaboratory
SpringerGateway SpringerGateway
Etcheverry Etcheverry
MLK MediaCenter
CITRIS CITRIS
LawrenceofScience LawrenceofScience
Bechtel BrainImagingCenter
EnergyBuilding EnergyBuilding
McCone InternationalHouse
Mulford Mulford
BancroftDance BancroftDance ArtHistoryLibrary
NewspapersLibrary NewspapersLibrary
Jacobs Jacobs Pimentel
Unit3 Unit3 Manville HearstGym
CareerCenter CareerCenter
Spieker Spieker
AndersenAuditorium AndersenAuditorium
Stephens Stephens
Morrison Morrison
StowPlaza StowPlaza
Birge Birge
FPF FPF
MelvinLaboratory MelvinLaboratory
Wheeler Wheeler
Cheit Cheit IRLE
Koshland Koshland
Sproul Sproul
AnthropologyLibrary AnthropologyLibrary
