Home46 Home49 Home83 Home63 Home83 Home49 Home9 Home49 Home88 Home32 Home31 Home89 Home82 Home89 Home31 Home32 Home88 Home85 Home88 Home54 Home44 Home23 Home35 Home39 Home0 Home42 Home60 Home86 Home35 Home39 Home0 Home39 Home35 Home86 Home24 Home4 Home24 Home86 Home1 Home72 Home78 Home71 Home78 Home51 Home55 Home30 Home55 Home30 Home13 Home15 Home10 Home57 Home10 Home57 Home10 Home15 Home82 Home48 Home67 Home48 Home82 Home17 Home80 Home74 Home45 Home74 Home45 Home6 Home69 Home77 Home69 Home63 Home83 Home49 Home46
22
Home39 Home39 Home41
Home35 Home68
Home60 Home60
Home42 Home42
Home55 Home55
Home30 Home30 Home5
Home9 Home9 Home28
Home83 Home83
Home63 Home63 Home66
Home49 Home49
Home4 Home27
Home24 Home40 Home62
Home57 Home57
Home85 Home85 Home12
Home88 Home33
Home31 Home31
Home82 Home82 Home48 Home13
Home71 Home71
Home78 Home11
Home45 Home45
Home74 Home80
Home69 Home69
