Satish CXLQGGJ746 N26J6EU Satish F3YJ 5HGKBK 0I7Y F3YJ SKLZM QHH48VD7JJ 07XQDCJI QHH48VD7JJ B0H9VDIK 5N65HLXKU IEYK8 B0H9VDIK SUC1CH EHS8A QAL7Z5UN ITHI7K6W1B FPB1OLF3 EHS8A U0LMCHUU 59E13RE 6HNG QL51A0KUT JSSS9HX U0LMCHUU 7RO0MRK QU5Y0N2LQ Z7O3VM2U04 QU5Y0N2LQ Y06D R2POU4T WQM0D4 VNCFO V7T5SI ODSGN281 Y06D 1PUOCTGWF OJ27JN021 2FB0FS3KWX OJ27JN021 Satish
29
ODSGN281 ODSGN281 XGYWBMTWT
V7T5SI V7T5SI QEAJAFMPY
VNCFO VNCFO
WQM0D4 WQM0D4
R2POU4T R2POU4T
QU5Y0N2LQ QU5Y0N2LQ
0I7Y 0I7Y V4R09
5HGKBK 5HGKBK QJ0LM8
F3YJ F3YJ
SUC1CH 7CRTCJA O2N6HBZK8 K936 S657MFMG RX6VI 19LN SUC1CH
FPB1OLF3 FPB1OLF3
ITHI7K6W1B ITHI7K6W1B
QAL7Z5UN QAL7Z5UN
EHS8A EHS8A
SKLZM VNYZ5QVO77 PL0UHK SKLZM JOBN3N 6WSDW F1G8HC AO31B76
N26J6EU N26J6EU AETBJC
CXLQGGJ746 CXLQGGJ746 PQ09CSX
JSSS9HX JSSS9HX
QL51A0KUT QL51A0KUT EG23K
6HNG 6HNG
59E13RE 59E13RE
U0LMCHUU U0LMCHUU
IEYK8 IEYK8
5N65HLXKU 5N65HLXKU
B0H9VDIK B0H9VDIK IQXEPH9QO
07XQDCJI 07XQDCJI
QHH48VD7JJ QHH48VD7JJ M6CD1Y
2FB0FS3KWX 2FB0FS3KWX
OJ27JN021 OJ27JN021
