Satish 4UE11 SQLSVN 5XYO SQLSVN 7T8I47 CV6NHW7M J2ETZ1C CXQDH6YMZ8 4VE7V 7T8I47 02X2C VOAV 02X2C GT9LU ETB2 LBR67PCKBJ GT9LU RN53CTZ P6RI91D87 RN53CTZ W71YV1R66L 21841CIYO W71YV1R66L 2JLZE 7DPM9 VGYKKKOFLZ HM48FZD0 E2DHWGC GN4G0L2 9PCUL07FJ 26PG HM48FZD0 M35E 7HSLUFQG A2H6A9I 7HSLUFQG DNIV2BOR2P PMXEOGGIQ DNIV2BOR2P M71OYIS GH8C 3J6SSA GH8C 5HULMUDLAQ W6YZ5IB A8WYICH3 9K8PLAET A8WYICH3 QUFALN 8MDFNIK8AY 0TRB9358 E9DZLL M649OA QUFALN FWM5C Satish
40
W6YZ5IB CB93 G90OCSZY A118 PIW6IC50D ZMQ5BH Q7ZEY L7QS0UEPJ FM2G14H8I 7GAD3F H1LQ91V
3J6SSA 3J6SSA
GH8C GH8C G4QE3I
VGYKKKOFLZ 3WJYJDDU GNVXN 2BLLD3SK HBQM42U E5HD 8TH7QVQY VGYKKKOFLZ Q7Z37G5 6PVQIBNB9
26PG 26PG
9PCUL07FJ YSRPP
GN4G0L2 GN4G0L2
E2DHWGC E2DHWGC H41HZ6
HM48FZD0 HM48FZD0
M71OYIS IHN21LA4 HQG39M EEZS KCOFJD 8UPUEGO ARTWTP9 01G9IQ2 KBI1CALMNJ M71OYIS RP28W1
5XYO 5XYO
SQLSVN SQLSVN DDB26ZHC
7DPM9 B690 ET82NVH9 YU3U1T 1UCE JX6GCY FM2HEMVR1 7622OJ ZZACWP MLKOJ
M35E 91ZONFE EFIKTK4Y0Y QW15YTSV M35E 4P0LGP0 O44VZ GILAN21GR3 E37ZKA8WK B3R68HYWZ
LBR67PCKBJ LBR67PCKBJ 3IXHQXHYBV
ETB2 ETB2 DYYG23O
GT9LU 2B1K6EW9CL
4UE11 9QJRN 4UE11 LQQ5IH ZH2INF 4C88SXD ZMZIWZ MXJIYJYNH4 PUW25N CKNDWG FPZT
4VE7V 4VE7V
CXQDH6YMZ8 CXQDH6YMZ8
J2ETZ1C J2ETZ1C
CV6NHW7M CV6NHW7M ETNCY9XH2
7T8I47 7T8I47
P6RI91D87 P6RI91D87
RN53CTZ 79KTC8AS9
A2H6A9I DST5W4G0
7HSLUFQG LM7KL5G3V
VOAV VOAV YQB2CII950
02X2C 02X2C C8WREP
PMXEOGGIQ PMXEOGGIQ
DNIV2BOR2P DNIV2BOR2P
9K8PLAET 9K8PLAET
A8WYICH3 A8WYICH3
M649OA M649OA
E9DZLL E9DZLL 9V10EOH
0TRB9358 0TRB9358
8MDFNIK8AY 8MDFNIK8AY
5HULMUDLAQ 5HULMUDLAQ
W71YV1R66L W71YV1R66L
FWM5C FWM5C
