129 9 184 30 111 142 46 37 41 146 55 170 55 0 91 181 155 49 64 128 26 178 39 178 175 45 175 45 19 92 83 130 89 80 161 9 137 19 174 24 174 1 5 40 88 149 87 33 5 186 44 168 183 131 183 47 62 47 187 183 131 129
29
0 65 160 152 15 145 0 126 16 188 61 177 14 82
49 121 150 53 97 189 2 17 48 63 123 49 171 155 96 191 76 8 57
30 180 11 122 158 101 84 50 100 107 103 66 109 13 81 4
33 33
87 87
88 88
40 40
5 5
41 95 128 110 23 125 56 195 98 156 163 29 51 114 21 157 196 99 85 26 194 59 105 6 151 108 25 190 192
137 137 197
9 9
161 161
89 89
130 130
83 36
92 92
174 174
39 39
178 178
44 44
175 175
62 62
47 58
55 55
64 64
91 91
183 183
142 142
184 184
