AyBBdkPvTTt19wqt b817BTo6GdPc96ig2 wUtvmN9V14Vw0fcE01F ywj3aNhyxUH wUtvmN9V14Vw0fcE01F 1utCvCS3yEzt0HBbKt I4640OD L46h8MG90TBpA8v9 BZa306Pc3 L46h8MG90TBpA8v9 I4640OD 1utCvCS3yEzt0HBbKt 360B15fOiy1XBl 7DmqFE ymzG1qC7YsJFFmeog T8C17MZ6g69gmQ ymzG1qC7YsJFFmeog 7DmqFE KIOJyBXM922ydZA5 7DmqFE ymzG1qC7YsJFFmeog 7DmqFE KIOJyBXM922ydZA5 98E9ia5 gv3T5z4 98E9ia5 2qbTYSv3J 659Cx 2qbTYSv3J EL5n1KQ3kn Ut7hqt9A MjwmiyLlZn O7W5C8z8H93l Ru0A1pKIpZYWG O7W5C8z8H93l Ru0A1pKIpZYWG A 1e90fR0FtB7Ev156y PHXESKmVA4 1e90fR0FtB7Ev156y A 8w6aRuq AcC1Sh8w37Px0m JbMQX8p9 36Y155M7F1ZG8 JbMQX8p9 36Y155M7F1ZG8 wC12hFFKGF dUdv 0Lw86e 1MHxxU Ja L7Mfs3034VwaB7kd3Z Ja 1MHxxU d2A2ZPVl61Vtm2kT 1MHxxU 1wF6 mmF 1wF6 5tQKcAo3 o A6gMJKsUfUSuEI76 67zx6J5N914IyP9GV5 A6gMJKsUfUSuEI76 lP84Whn qGr382CkPK997QVHAL rti qGr382CkPK997QVHAL rti 8s3AAaGRDoeQCE9 q7Ehaiz oex2A06Dl iwa3b66QgtEN3 oex2A06Dl q7Ehaiz LK1h2AhdhXWb7Czrr v 8kQ991Y80Dy v 8kQ991Y80Dy 4B5uWNh7Dl3lRP khC 4B5uWNh7Dl3lRP Z93vITe403 c2m39UUoMb w22P6su70O6jf3FJ 3 3z4E 3 9jWI53P36dh95 AyBBdkPvTTt19wqt
22
EL5n1KQ3kn hG8udpL53V p772t3OLqj Rf0x16WtfDv d5P0NXv8 thypPB22BchO3Od9 6qc68848myvIqoZWw b19692 FR3SCSFtuk055ORI JBYT6heC6yE4 vRH6pA1I75N1 aCCE o83v2nI1sQs nOMN589D7t0QjhnBj3wn RYtkT5 XMV256fk Q2PY E76twn5gNBei01uh2PkH 4932 85682ijoufq1DW q7Ehaiz MjwmiyLlZn usTG0We6G9WDs7Dk q 2P201UD8Q 2YlhGrefFhV6JLtw Q pwvBbQ870l3Io2K b6DdFnSk8qdk45 iFF184 uF131buM7L27 SdP9W8WRSw 89ukpivGhdck21Krrh40 3 yd7324WTF eZEbm e1M0JsNJ5 NU7gnWcAs4nq66FS 2l90gxx61rTb0CbF Han188Ox Ut7hqt9A EnmWLiDA9NE89oNUTbx 920ucA0jXEv Tk46 2Et5UN6ZJ19iz 9q06155efQSN P IEtn6zEV03H3 jxDm MEv16358FQ A6gMJKsUfUSuEI76 J68F52raS3n1L6ZYK 6c1qFsEg9xI r9qUrqog71Fz9gx P6C89a32 c3x9Cmq8W5oa57mjASv 9o4t 7d2Q05crlPi 8Qe2lSUyQa 6v326555i1Io5Z 8tvL5MpO9J735t TByQ7zH089 I4640OD XQxkrBxnI QqvW51K9Cm I6 kg8257p31rTQvRWjGF 3505 68ZC6T1G2o9Q95CKs TMULg Le6BO3R MJ2l1N0ojTC nw566uv 1utCvCS3yEzt0HBbKt PELS5 5nYY46YfUGovj d 2T6osNpb4
KIOJyBXM922ydZA5 KIOJyBXM922ydZA5 9jWI53P36dh95
7DmqFE 7DmqFE
T8C17MZ6g69gmQ T8C17MZ6g69gmQ FKWv88jkw79me
ymzG1qC7YsJFFmeog ymzG1qC7YsJFFmeog
36Y155M7F1ZG8 36Y155M7F1ZG8
JbMQX8p9 8w6aRuq
qGr382CkPK997QVHAL qGr382CkPK997QVHAL
1e90fR0FtB7Ev156y 1e90fR0FtB7Ev156y
v v
L46h8MG90TBpA8v9 L46h8MG90TBpA8v9
ywj3aNhyxUH ywj3aNhyxUH
wUtvmN9V14Vw0fcE01F b817BTo6GdPc96ig2
4B5uWNh7Dl3lRP 4B5uWNh7Dl3lRP
1wF6 1wF6
khC khC
dUdv dUdv
L7Mfs3034VwaB7kd3Z L7Mfs3034VwaB7kd3Z
659Cx 659Cx
gv3T5z4 gv3T5z4
O7W5C8z8H93l O7W5C8z8H93l
3z4E 3z4E
