loc0 loc58 loc185 loc58 loc185 loc100 loc124 loc100 loc85 loc173 loc85 loc67 loc65 loc96 loc134 loc96 loc122 loc53 loc160 loc106 loc160 loc53 loc160 loc53 loc19 loc48 loc196 loc50 loc196 loc50 loc130 loc29 loc130 loc26 loc188 loc120 loc8 loc120 loc84 loc154 loc84 loc194 loc39 loc28 loc40 loc28 loc61 loc98 loc199 loc127 loc156 loc169 loc47 loc159 loc47 loc177 loc108 loc177 loc189 loc32 loc138 loc25 loc0
18
loc185 loc185
loc156 loc37 loc129 loc167 loc168 loc82 loc49 loc187 loc192 loc191 loc147 loc36 loc118 loc15 loc109 loc41 loc179 loc164 loc39 loc172 loc27 loc116 loc66 loc119 loc198 loc150 loc20 loc89 loc31 loc10 loc156 loc57 loc184 loc182 loc97 loc113 loc25 loc69 loc14 loc188 loc112 loc144 loc186 loc138 loc165 loc93 loc42 loc157 loc75 loc183 loc17 loc162 loc32 loc46 loc11 loc92 loc105 loc131 loc197 loc83
loc134 loc134
loc96 loc96
loc53 loc54 loc78 loc122
loc106 loc106 loc52
loc160 loc160 loc45
loc8 loc8
loc100 loc100
loc28 loc28
loc130 loc130
loc47 loc47
loc196 loc196
loc67 loc67
loc84 loc84
loc85 loc85
loc120 loc120
loc177 loc177
