112 96 118 96 125 147 82 147 11 72 70 183 34 72 131 9 170 9 17 105 137 105 21 124 193 124 194 43 194 133 16 3 150 144 150 58 59 58 199 80 199 64 98 64 37 136 149 66 120 37 145 112
30
125 102 117 166 151 28 104 0 95 35
133 83 52 71 84 40 143 27 81 73 152 126 85 127 23 13 129 174 33 53 109 168 172 107 123 29 146 36 97 190 158 8 94 60 49
144 144 165
150 119 138
131 160 42 131 78 56 41 99 184 163 6 24 154 181 68 187
170 170
9 9
11 11
34 34
183 183
70 70
72 72 171
59 59
58 58 14 130
120 120 121
66 66
149 149
136 136 169
17 17
21 157 114 182 75 21 188 44 54
82 20
147 147 69
194 194
64 64
80 80
199 162
118 118
96 96
105 105
124 124
