48 20 49 130 126 18 133 107 87 107 45 151 57 103 57 103 98 193 194 193 98 16 98 38 147 135 181 96 80 148 21 79 21 79 11 6 109 139 167 139 167 143 31 112 188 47 108 72 136 152 85 39 128 56 4 56 124 2 23 2 124 77 19 77 19 77 33 77 164 154 14 68 48
20
147 199 73 143 20 93 154 141 135 118 126 133 157 149 115 66 175 60 11 85 197 191 58 123 177 196 38 110 34 5 148 163 158 147 190 186 46 182 176 90 152 10 25 181 36 78 84 64 145 9 185 117 29 42 113 119 180 179 101 3 170 138 171 40 7 39 165 137 35 156 98 125 69 155 129 74 53 55 67 120
23 23
2 2
56 56
16 16
19 19
79 79
21 21
103 103
57 151
48 48
194 194
193 193 52 88
87 87
107 107
108 108
109 109
136 136
167 167
164 164
