evdoyagqfp xftptyrlvl uooysjrxsb nfvvjywhsb uooysjrxsb xftptyrlvl jqtguzxxsl smwxdupkdv jqtguzxxsl optviwhmbr ivugtsvtqb optviwhmbr jqtguzxxsl wynbxuuxru qzdrdcxoib voaumgrcuj qzdrdcxoib wynbxuuxru jqtguzxxsl pcilmgdrgc qepegujmaa etdxtwotzh knfzsnhzvx opmnfgpclg qxuqrfzzob opmnfgpclg bpbbtoptwg rfcbhdtwvm awqmxektil rfcbhdtwvm byyqgjwsrp ahqdrcepub gbdejcnknd ahqdrcepub wtyqwjwskq kijbyyuzhd gwnccktgki kijbyyuzhd wtyqwjwskq fznfvsgjhc ouxenssqdu mdyuzxshey bbczvyonym kwbnyneokj wirlbujvjm phknwbtipl zivwgfcxqi phknwbtipl zivwgfcxqi phknwbtipl gkcfktyute xkasbvrrxd gkcfktyute rlxmdzqomd cmdqzmgvfi qgfchcatzi cmdqzmgvfi qgfchcatzi cmdqzmgvfi pdljcbluhp ljhmnbaicr pdljcbluhp ljhmnbaicr bswhowadhl tgkujfknod jfccyptuug cpwyxulkjm nbjyrygtdh czvqvijjlb seeyrseflx hkempoemlv seeyrseflx jrmlkfexfk osdeymjeil jrmlkfexfk osdeymjeil qiqnnrlapz qpxtrjvxpe kwbnyneokj bbczvyonym lazlsvgukx wynbxuuxru jqtguzxxsl xftptyrlvl evdoyagqfp
19
wynbxuuxru oavtmpaqji tmrnpjqnxx vugkhjygfe qxfgqgbbdn lnicnhmajr kgktiatgjn jrusiskazm itbfnxnauh kvxwqiryyu tmatbexcil xguvjomcdt bbczvyonym xawkqmfmmx uhalgukdzb wkwwcqjtxf fluzhooehk yiwwdwbzth ldnozwuuuq bbwcqzwyoz wwqchwdmtx hofbtczdgp gucdicwxmb qfbvncxldf xwrvhrxnqy wtlzrefwav hsjqtjkukk mysadifwma afortwurqt oggftsricu kyrhqthnvz xnppuesbrr ouxenssqdu guuudgvhny qpxtrjvxpe ichabbvkhm vkrlpmybdj vfdsalrajq lcrihrmoqu rnpokwoqgt evdoyagqfp tvcolajnao cttlxdtaiw rkyixxpcbx qepegujmaa seeyrseflx pbefrggyje optviwhmbr aruwdskzta stdiixwrjc cpwyxulkjm oegfbrwyrp xychpimpzb bimtbhwsby psiebvskfb scesbtewjx ahqdrcepub eooyfwmxln vnzypgtlkj bswhowadhl bnmegnfgii kijbyyuzhd xqwyvbvueh byyqgjwsrp wynbxuuxru zmfuudfatm afrdrejwtp ymvlfsdhbu lndsfxewdc lkvtxfwozs tgbmxdmvwe nwlccbonas xywdziunpr pcilmgdrgc xifuopshzj bulywvvpni aokbiptbzc ivgbjyugdu nbjyrygtdh kvfpaspidv eqdxeqvtsb
phknwbtipl fdgcygwgjf
zivwgfcxqi zivwgfcxqi euqbrkzdsw
smwxdupkdv smwxdupkdv
osdeymjeil osdeymjeil
jrmlkfexfk jrmlkfexfk
qgfchcatzi qgfchcatzi
pdljcbluhp pdljcbluhp
mdyuzxshey mdyuzxshey
hkempoemlv hkempoemlv
uooysjrxsb uooysjrxsb
xkasbvrrxd xkasbvrrxd
qxuqrfzzob qxuqrfzzob
voaumgrcuj voaumgrcuj
etdxtwotzh etdxtwotzh
tgkujfknod tgkujfknod
ivugtsvtqb ivugtsvtqb
gbdejcnknd gbdejcnknd
qiqnnrlapz qiqnnrlapz
