0 41 112 113 112 41 31 118 119 118 31 71 94 127 126 94 126 94 60 108 109 108 60 43 59 67 9 161 162 161 9 47 164 165 164 47 72 39 107 106 39 44 104 105 104 44 62 87 151 150 149 87 26 158 159 158 26 10 199 10 0
20
72 100 101 102 103 110 111 114 115 116 117 120 121 122 123 124 125 128 129 130 131 132 133 134 135 136 137 138 139 140 141 142 143 144 145 146 147 148 149 152 153 154 155 156 157 160 161 163 164 166 167 168 169 170 171 172 173 174 175 176 177 178 179 180 181 182 183 184 185 186 187 188 189 190 191 192 193 194 195 196 197 198
126 126
105 105
104 104
106 106
107 107
109 109
108 108
113 113
112 112
119 119
118 118
127 127
150 150
151 151
158 158
159 159
162 162
165 165
199 199
