loc0 loc184 loc104 loc194 loc176 loc86 loc125 loc98 loc170 loc26 loc169 loc187 loc88 loc187 loc169 loc142 loc97 loc133 loc150 loc105 loc195 loc150 loc78 loc133 loc42 loc105 loc168 loc159 loc24 loc159 loc114 loc123 loc93 loc123 loc30 loc186 loc30 loc183 loc138 loc39 loc180 loc36 loc171 loc63 loc108 loc63 loc198 loc162 loc172 loc82 loc172 loc55 loc127 loc109 loc146 loc164 loc73 loc119 loc73 loc164 loc173 loc155 loc56 loc155 loc173 loc128 loc74 loc110 loc92 loc110 loc182 loc74 loc128 loc173 loc38 loc112 loc31 loc121 loc0
23
loc184 loc13 loc31 loc40 loc50 loc58 loc76 loc94 loc95
loc39 loc1 loc3 loc4 loc6 loc9 loc10 loc12 loc18 loc19 loc21 loc22 loc27 loc39 loc45 loc46 loc48 loc49 loc54 loc55 loc57 loc64 loc66 loc67 loc72 loc75 loc81 loc84 loc85 loc90 loc91 loc99
loc164 loc2 loc5 loc14 loc20 loc28 loc29 loc32 loc37 loc38 loc41 loc65 loc73 loc74 loc77 loc83 loc100
loc88 loc7 loc16 loc25 loc34 loc43 loc61 loc70 loc79 loc88
loc98 loc8 loc17 loc23 loc26 loc35 loc44 loc53 loc59 loc62 loc68 loc71 loc80 loc89 loc98
loc92 loc92
loc110 loc47 loc11
loc24 loc24 loc15
loc159 loc87
loc30 loc30
loc93 loc93
loc123 loc33
loc36 loc36
loc42 loc42
loc133 loc52
loc78 loc78
loc150 loc69
loc195 loc96 loc60 loc51
loc56 loc56
loc63 loc63
loc82 loc82
loc86 loc86
loc97 loc97
