loc0 loc66 loc99 loc27 loc63 loc45 loc90 loc9 loc54 loc18 loc99 loc54 loc36 loc90 loc63 loc3 loc93 loc6 loc60 loc57 loc34 loc97 loc43 loc70 loc97 loc25 loc53 loc26 loc77 loc67 loc2 loc65 loc82 loc19 loc82 loc65 loc92 loc68 loc5 loc86 loc32 loc67 loc14 loc68 loc5 loc95 loc23 loc95 loc23 loc95 loc41 loc98 loc44 loc71 loc26 loc70 loc0
22
loc70 loc22
loc43 loc43
loc97 loc34
loc65 loc1 loc10 loc11 loc20 loc28 loc29 loc37 loc38 loc46
loc14 loc14
loc67 loc2
loc32 loc32
loc5 loc5
loc68 loc50 loc47
loc66 loc3 loc13 loc30 loc31 loc39 loc40 loc48 loc49
loc18 loc18
loc9 loc9
loc45 loc45
loc27 loc27
loc99 loc4
loc60 loc6 loc12 loc15 loc21 loc24 loc33 loc42
loc53 loc7 loc8 loc16 loc17 loc25 loc26 loc35
loc19 loc19
loc23 loc23
loc36 loc36
loc41 loc41
loc44 loc44
