99 176 35 14 35 110 151 110 151 6 75 156 142 156 70 156 70 156 142 107 163 187 68 182 20 153 20 138 170 64 59 113 114 113 54 39 58 1 19 106 50 28 137 85 186 85 192 71 192 71 112 2 86 181 86 99
20
54 0 4 5 8 9 10 12 15 17 18 22 24 25 26 27 30 33 34 40 41 42 47 51 53 55 56 61 63 66 73 78 80 82 83 88 90 92 94 97 98 99 100 102 103 106 111 117 119 122 123 124 125 126 130 131 132 146 148 149 150 155 158 160 161 164 165 166 167 168 169 171 172 173 178 180 183 184 185 188 190
1 1
35 35
20 20
28 28
39 39
59 59
68 68
70 70
192 192
75 75
186 186
85 127 174
151 151
112 112
114 114
142 142
163 163
170 170
181 181
