10 41 16 10 50 180 164 160 135 131 128 115 109 108 107 109 111 109 99 91 92 89 91 85 84 86 85 81 80 81 77 76 77 72 73 71 72 66 67 66 193 55 60 197 50 10
25
16 1 2 3 5 11 12 15 21 22 23 25 29 51 184 185 186 187
41 6 7 8 32 34 35 36 37 38 39 41 42 43
55 52 53 54 56 57 190 191 192
60 58 59 61 62 63 196 198 199
67 67 68
66 66 64
71 71 69
73 73 74
72 72
76 76
77 77 78
80 79
81 81 82
86 86 87
84 84 83
89 89 88
92 92 93
91 91
99 94 96 97 98 99 101 102 103 104
111 111 112
107 107 106
108 108
109 109
193 193
197 197
