0 2 3 5 6 7 8 9 11 12 13 15 16 17 18 17 16 17 16 15 13 12 11 9 10 20 21 23 21 23 24 25 26 27 26 25 24 23 21 20 10 9 8 7 6 5 3 4 28 30 31 32 33 34 41 42 41 34 33 35 36 38 39 38 36 35 33 32 31 30 28 4 3 2 0 1 69 71 73 74 75 76 77 78 79 80 81 83 81 80 79 78 77 76 75 74 73 71 72 90 105 106 107 108 109 110 112 113 115 116 117 118 117 116 115 113 112 110 109 108 107 108 107 106 105 90 72 91 93 95 96 95 96 95 93 91 72 71 69 70 122 123 138 139 140 141 142 143 145 146 152 153 154 155 156 157 158 159 160 159 158 159 158 157 156 155 154 153 152 153 152 146 152 146 151 150 148 149 148 147 145 143 142 141 140 139 138 123 122 124 125 131 132 133 134 135 136 137 136 135 134 133 132 131 125 124 122 70 121 162 121 163 164 165 166 167 168 169 171 172 177 175 177 175 173 171 169 170 183 185 186 187 191 192 193 194 195 196 195 196 197 198 199 198 197 196 195 194 193 192 191 187 186 185 183 170 169 168 167 166 165 164 163 121 70 69 1 0
29
69 76 142 75 132 57 167 100 79 163 14 54 68 35 128 166 168 131 66 94 31 129 91 73 61 140 101 9 90 44 148 10 50 63 147 19 69 0 121 52 93 65 13 77 59 29 141 11 1 188 183 5 170 45 4 15 51 78 2 62 58 74
17 17
18 18
23 24
21 21 22
27 27
26 26 25
39 39
38 38
42 42
83 83
81 82 80
95 95
96 96
108 108
107 107
118 118 120
117 113
137 137
136 136 134
146 146 150
153 153 154
159 159
158 158
175 175 176
177 172 181
196 196 198
195 195 191
199 199
