destitute encumbrance nowhere stanza nowhere Elizabethan Hindi Loomis Hindi exothermic Dominican slowdown amateur illusion woke trill Curtis slowdown choice shroud choice imperishable swordtail Hewlett swordtail bowman balustrade swordtail septillion transpiration septillion swordtail bowman Tucson bowman diligent tate embassy Halstead Andersen Vega Auberge diligent Auberge jewel namesake destitute
26
Auberge Auberge Modesto
Vega Vega
Andersen Andersen
Halstead Halstead
embassy embassy
tate tate
diligent diligent swingy
transpiration transpiration
septillion septillion papal creekside
Dominican Bleeker Dominican Fisk Gilmore McCall bobble extractor funny mediate midget minion
Curtis anvil
trill trill
woke yogurt
illusion illusion
amateur amateur
slowdown slowdown schedule
balustrade balustrade Isfahan
bowman Darwin
Hewlett Hewlett decor swordfish
stanza stanza Injun
nowhere Elizabethan ripe
Loomis Loomis Rio
Hindi Hindi MN
shroud shroud connubial
choice choice fatten
jewel jewel
