Loc35 Loc54 Loc95 Loc35 Loc23 Loc44 Loc34 Loc12 Loc40 Loc80 Loc83 Loc25 Loc20 Loc93 Loc43 Loc79 Loc10 Loc21 Loc77 Loc47 Loc15 Loc20 Loc8 Loc86 Loc0 Loc22 Loc24 Loc73 Loc0 Loc90 Loc91 Loc90 Loc35
20
Loc73 Loc73
Loc24 Loc24
Loc22 Loc22
Loc0 Loc0 Loc74
Loc44 Loc97 Loc23 Loc67 Loc70 Loc33 Loc28 Loc1 Loc13 Loc44
Loc95 Loc95
Loc54 Loc54
Loc35 Loc31
Loc83 Loc89 Loc84 Loc78 Loc62 Loc4 Loc92 Loc80
Loc8 Loc39 Loc65 Loc48 Loc71 Loc41 Loc14 Loc66 Loc52 Loc63 Loc64
Loc34 Loc58 Loc46 Loc7 Loc51 Loc37 Loc81 Loc34
Loc15 Loc15
Loc47 Loc47
Loc77 Loc77
Loc10 Loc10
Loc79 Loc79
Loc93 Loc93
Loc25 Loc25
Loc86 Loc86
Loc90 Loc90
