Loc151 Loc130 Loc131 Loc57 Loc119 Loc57 Loc98 Loc41 Loc98 Loc0 Loc170 Loc150 Loc92 Loc88 Loc92 Loc160 Loc9 Loc160 Loc169 Loc33 Loc148 Loc33 Loc153 Loc142 Loc20 Loc182 Loc106 Loc158 Loc182 Loc106 Loc166 Loc47 Loc102 Loc124 Loc99 Loc21 Loc47 Loc32 Loc34 Loc86 Loc126 Loc86 Loc58 Loc196 Loc173 Loc196 Loc123 Loc111 Loc123 Loc76 Loc15 Loc51 Loc15 Loc25 Loc183 Loc81 Loc151
30
Loc34 Loc55 Loc27 Loc7 Loc147 Loc34 Loc85 Loc54 Loc96 Loc195 Loc118 Loc52 Loc2 Loc163 Loc117 Loc110 Loc141 Loc24 Loc59 Loc32 Loc180 Loc28 Loc70
Loc170 Loc49 Loc16 Loc184 Loc170 Loc36 Loc156 Loc115 Loc104 Loc161 Loc65 Loc138 Loc3 Loc128
Loc130 Loc4 Loc177 Loc130 Loc151 Loc48 Loc165 Loc135 Loc171
Loc76 Loc94 Loc109 Loc6 Loc77 Loc127 Loc122 Loc68 Loc120 Loc154 Loc62 Loc46 Loc194 Loc66 Loc157 Loc181 Loc38 Loc50 Loc43 Loc167 Loc61 Loc13 Loc17 Loc72 Loc190 Loc134 Loc125
Loc148 Loc148
Loc33 Loc33
Loc160 Loc160
Loc15 Loc15
Loc20 Loc20
Loc21 Loc21
Loc99 Loc99
Loc124 Loc124
Loc102 Loc102
Loc47 Loc47
Loc92 Loc92
Loc182 Loc182
Loc158 Loc158
Loc106 Loc142
Loc41 Loc41
Loc98 Loc98 Loc172 Loc101
Loc57 Loc57
Loc173 Loc173 Loc58
Loc196 Loc187 Loc89
Loc126 Loc126
Loc86 Loc93
Loc111 Loc111
Loc123 Loc123 Loc185
Loc131 Loc131
Loc166 Loc166
Loc183 Loc183
