6Zg7j6t8kt wXTrLT9dUx dojrtYXceT wXTrLT9dUx 8pgnfE3xKu oRs9wR3IGE 8pgnfE3xKu ReGEuwhnqY 1iUrZ2N0MA s8EkvbOYAX 79JJ9GZF8c fhmE7A9rVl 79JJ9GZF8c s8EkvbOYAX 1iUrZ2N0MA s8EkvbOYAX 79JJ9GZF8c fbxiHLAsv4 ECFKqOm791 OR78sPVsV9 4RZs4XFvF9 G05S6XZiBa 1koyFI8rlU G05S6XZiBa 4RZs4XFvF9 OR78sPVsV9 ECFKqOm791 fbxiHLAsv4 KpPj50fAfy zG9cl6Gy30 7cteJXIZM1 YrPP1U1r20 I1RTFIGWhc YrPP1U1r20 ckEVpwA8CD YrPP1U1r20 I1RTFIGWhc NgxnYo41LY 4lUeyqYb0U NgxnYo41LY cqCbnI2bkr NgxnYo41LY I1RTFIGWhc 0sg7h6elOW xKltif8n2P l4hZbrGnD5 4ViGHxfdlc MpRNDD0glq 4ViGHxfdlc l4hZbrGnD5 xKltif8n2P pm1Yq2dCLL xKltif8n2P gSP0irArmo xKltif8n2P pm1Yq2dCLL bc4pLp9tiD oQb2PqTM8x Iroa6leixY oQb2PqTM8x H0NdoJawvz 4JtfcKJvHu GSDEYlNcCM HpRVhY9Btb ka4cgDWgq7 qOQTd9nboV ka4cgDWgq7 6Zg7j6t8kt
28
HpRVhY9Btb zH4Z0p0Ftj 97dvK2Az7S KpPj50fAfy GSDEYlNcCM Dkc5CxJ6RV VWD9Yy5Xrg vD4d0BZ03p ka4cgDWgq7
1iUrZ2N0MA ESDdDChkYw UgxUR9jKcJ
79JJ9GZF8c 79JJ9GZF8c
fhmE7A9rVl fhmE7A9rVl 0gqiqztWgj
s8EkvbOYAX s8EkvbOYAX
gSP0irArmo M9d0z6OccV N08DpqDewo
pm1Yq2dCLL iyQiEnpG35 uXkvSfF7Kv
4ViGHxfdlc 4ViGHxfdlc
MpRNDD0glq MpRNDD0glq lrFRnKniRv
dojrtYXceT dojrtYXceT
wXTrLT9dUx wXTrLT9dUx 1aPtXDhYtV
Iroa6leixY Iroa6leixY
oQb2PqTM8x H0NdoJawvz
ckEVpwA8CD ckEVpwA8CD YQKcyMibnc
YrPP1U1r20 YrPP1U1r20 7cteJXIZM1
I1RTFIGWhc I1RTFIGWhc TH1GgoG5GU OGWcs2X8pk
cqCbnI2bkr cqCbnI2bkr b3jUAAPOlA
NgxnYo41LY NgxnYo41LY
4lUeyqYb0U 4lUeyqYb0U OpwMnuSGmp
oRs9wR3IGE oRs9wR3IGE
8pgnfE3xKu 8pgnfE3xKu vCSWEyz4PC
ECFKqOm791 YZKJeBb8Pe
OR78sPVsV9 EZQ9HUGjRN
1koyFI8rlU 1koyFI8rlU Octagmmhko
G05S6XZiBa G05S6XZiBa
4RZs4XFvF9 4RZs4XFvF9
fbxiHLAsv4 fbxiHLAsv4 tvKOOMQ7Sv
4JtfcKJvHu 4JtfcKJvHu
