153 114 89 20 89 74 28 59 152 89 20 7 97 31 164 31 33 75 146 194 135 111 37 90 40 91 19 186 50 173 184 18 184 21 184 21 36 10 49 167 49 113 68 197 115 197 180 70 180 70 39 80 140 61 153
21
186 168 127 29 150 12 119 81 196 145 118 2 58 15 26 13 124 86 3 160 182 90 112 4 163 16 11 98 178 153 135 156 52 8 47 188 137 41 93 172 129 120 60 42 138 56 36 122 96 23 95 99 88 19 35 177 192 53 128 136 131 187 146 169 0 108 77 34 134 83 195 170 43 147 79 171 179 5 50
40 40
152 152
59 126
28 28
74 74
89 89 49
20 20
7 7
70 70
180 180
184 184
21 21 161
197 197
68 68
194 194
167 167
140 140
113 113
37 37
61 61
