Patrick0 Elaine1 Patrick0 Frank5 Julia9 Ray12 Tempie14 Doris19 John24 William28 Danny31 Flora33 Donna38 Scott43 Carolyn47 Sylvia50 Don52 Cheryl57 Amy62 Paul63 Joshua64 David65 Joshua64 Paul63 Amy62 Cheryl57 Joseph61 Cheryl57 Amy62 Joseph66 Steven67 Rhonda68 Steven67 Joseph66 Michell69 Dorothy70 Michell69 Dorothy70 Michell69 Cheryl71 Aaron72 Sarah73 Loretta75 Sarah73 Josephine74 Sarah73 Josephine74 Sarah73 Aaron72 Cheryl71 Ray76 Thomas80 Ray76 Salvador78 Ray76 Luisa81 Billie85 Keith88 Velva90 Nancy95 Colleen100 Vicente104 Ruth107 Jeremy109 Helen110 Morton111 Valerie112 Morton111 Helen110 Jeremy109 Gordon114 Ashley115 Gordon114 Peggy119 Susie120 Luz121 Susie120 Luz121 Susie120 Peggy119 Mark123 Marlene124 Richard125 Marlene124 Mark123 Levi126 Rick128 Christi133 Eric138 Sharon142 Samuel143 Man144 Samuel143 Sharon142 Eric138 Christi133 Eric138 Sharon142 Roberta145 Elizabeth147 Michael148 Brent149 Michael148 Elizabeth147 Karl152 Elizabeth147 Karl152 Michael155 Karl152 Kristy157 Ken158 Rhonda159 Terry160 Rhonda159 Ken158 Kristy157 Karl152 Elizabeth147 Roberta145 Sharon142 Eric138 Christi133 Rick128 Levi126 Mark123 Peggy119 Gordon114 Jeremy109 Ruth107 Vicente104 Colleen100 Nancy95 Velva90 Keith88 Billie85 Luisa81 Ray76 Cheryl71 Michell69 Joseph66 Amy62 Cheryl57 Don52 Sylvia50 Carolyn47 Scott43 Donna38 Flora33 Danny31 William28 John24 Doris19 Tempie14 Ray12 Julia9 Frank5 Patrick0
28
Elaine1 Elaine1
Patrick0 Antoinette2 Lawrence3 Minnie4
Danny31 Louis6 Taylor7 Gabrielle8 Matthew10 Brenda11 Lela13 Mary17 Dave18 Robert20 Catherine21 Vivian22 Paula23 Lorraine25 Louise26 Tisha27 Phyllis29 Kyle30 Yvonne32 Fred36 William37 Maria39 Bette40 William41 Brenda42 Gina44 Jose45 Richard46 Ronald48 Gerald49 Lori51 Lena55 Mercedes56 Charles58 Jenny59 Christine60
Joseph61 Joseph61
David65 David65
Joshua64 Joshua64 Paul63
Rhonda68 Rhonda68
Steven67 Steven67
Dorothy70 Dorothy70
Josephine74 Josephine74
Loretta75 Loretta75
Velva90 Emily77 Carol79 Dorothy82 David83 Tom84 Darnell86 Evangelina87 Ellis89 Joel93 Joyce94 Michael96 Donna97 Robert98 Judith99 Dominique101 Glen102 Brandon103 Ryan105 Jared106 Jean108
Salvador78 Salvador78
Thomas80 Thomas80
Valerie112 Valerie112
Morton111 Bill113
Ashley115 Ashley115
Gordon114 Christina116 Barbara117 Fidel118
Susie120 Susie120
Luz121 Luz121 Naomi122
Marlene124 Marlene124
Richard125 Richard125
Christi133 Joshua127 Darla131 Timothy132 William134 Andrew135 Robert136 Robert137 Irma139 Heidi140 Scott141 Samuel143
Man144 Man144
Karl152 Patricia153 John154 Tony156
Elizabeth147 Margaret146
Brent149 Nicholas150 Rebecca151
Michael155 Michael155
