index97 index39 index51 index63 index1 index97 index39 index48 index78 index5 index8 index48 index60 index96 index60 index57 index26 index57 index73 index68 index44 index7 index33 index73 index84 index23 index15 index3 index11 index84 index2 index83 index2 index16 index42 index38 index59 index70 index16 index70 index43 index29 index43 index25 index76 index53 index24 index56 index22 index91 index71 index13 index14 index0 index53 index61 index58 index61 index58 index97
40
index0 index0
index14 index14
index13 index13
index71 index10
index91 index91
index22 index22
index24 index24
index97 index97
index1 index1
index63 index63
index51 index51
index39 index39
index2 index2
index11 index11
index3 index3
index15 index15
index23 index23
index84 index49 index79
index8 index8
index5 index9
index78 index78
index48 index48 index31
index76 index6 index25 index27 index32 index35 index41 index76 index85 index94
index33 index33
index7 index7
index44 index44
index68 index68
index73 index73
index26 index26
index57 index57
index70 index70
index59 index59
index38 index38
index42 index42
index16 index52
index29 index29
index43 index43
index60 index60
index58 index58
index61 index72
