index155 index180 index155 index180 index144 index151 index144 index55 index56 index55 index156 index129 index156 index129 index7 index33 index90 index183 index130 index96 index137 index188 index137 index81 index170 index81 index196 index157 index133 index107 index59 index3 index110 index3 index97 index27 index97 index126 index17 index67 index164 index4 index28 index61 index17 index61 index191 index142 index14 index44 index98 index124 index87 index141 index128 index191 index139 index198 index155
32
index128 index128
index141 index141
index87 index87
index124 index124
index44 index44
index14 index14
index142 index142
index33 index5 index6 index9 index10 index11 index15 index18 index19 index20 index21 index22 index23 index26 index31 index32 index39 index40 index42 index49 index50 index52 index57 index58 index60 index63 index66 index83 index86 index88 index89 index90 index92 index95 index99 index106 index108 index109 index112 index114 index115 index116 index118 index121 index130 index131 index133 index134 index152 index158 index159 index167 index169 index172 index186 index190 index199
index110 index110
index3 index3 index113
index61 index150
index4 index4
index164 index164
index67 index67
index17 index17
index196 index24 index25 index30 index37 index47 index62 index69 index143 index165 index174 index196
index27 index27
index97 index97 index125
index56 index56
index55 index55
index144 index144
index170 index170
index81 index81
index96 index96
index129 index129
index156 index156 index100
index107 index107
index126 index126
index137 index137
index155 index155
index157 index157
index198 index198
