M2S9flVUcYP2sJdh8LXf 93aDiM8K0XhtiVcCVKi2 X9TJsvmT50zYeG0q6XSG H59EihDjhfpS7ToXFM3L M2S9flVUcYP2sJdh8LXf sH3pvLOfMUrEGUrmsHCu tuE7UekaxGUib4idWtYa 93aDiM8K0XhtiVcCVKi2 vodEvdIApqt0N3TZsbxN cdaizmjQrCe5Vnwy3JQF vodEvdIApqt0N3TZsbxN EtrZREkmL456viQQJ9Rb Pqf0Sn4UvsBLaxz7WO4n nbZglhhmYQAPQz4eETaj MtQDjkLToWj4d53MMhKG pNXWB5geApaSjbsCCT4J EtrZREkmL456viQQJ9Rb Pqf0Sn4UvsBLaxz7WO4n MtQDjkLToWj4d53MMhKG 9GrchmlNCDIapQ9OnEYh 9Jr76N4fnNot7SNYqBKG sZojFweTE55bBWYz0Tda zbFdxZAJcbci5gs01pnM sZojFweTE55bBWYz0Tda jgcWqrcniA4q9WNs9xkc Yj14cJHLteGLwnT0JCVo jgcWqrcniA4q9WNs9xkc 5gumrx48u1yPpF6ivPOI vxiwkV1b5fV2sGCBFsRQ 5gumrx48u1yPpF6ivPOI yHMPX8vHctuUweyLluyz 5gumrx48u1yPpF6ivPOI LxEzX08MG9T8knIYbul0 wMERbIWoRIf6BT6nQKYQ LxEzX08MG9T8knIYbul0 wMERbIWoRIf6BT6nQKYQ LxEzX08MG9T8knIYbul0 Dc1wEVV3kuOZotG6pNlL PbYOO88SokShsv7XrgBm NMTjl1jsvrb7y2ggdCSc XmlH4l2BXG35TF70bZqZ fmFrd4vggNac5TkiFJAd Z8MZ2JfftjeVVnGFSOQe PbYOO88SokShsv7XrgBm Z8MZ2JfftjeVVnGFSOQe wpBgd82GxlO3hr1i0lHL 5jhNGHh0Et1Lidy4vCpq wpBgd82GxlO3hr1i0lHL m1IYiQsUBuvvpTv7yWXO wYRR07UrNAdstlFcx7n2 M2S9flVUcYP2sJdh8LXf
29
EtrZREkmL456viQQJ9Rb EtrZREkmL456viQQJ9Rb
pNXWB5geApaSjbsCCT4J pNXWB5geApaSjbsCCT4J
nbZglhhmYQAPQz4eETaj nbZglhhmYQAPQz4eETaj
Pqf0Sn4UvsBLaxz7WO4n Pqf0Sn4UvsBLaxz7WO4n 48nWZMVqWDxfH9uMf2U3
Z8MZ2JfftjeVVnGFSOQe Z8MZ2JfftjeVVnGFSOQe
fmFrd4vggNac5TkiFJAd fmFrd4vggNac5TkiFJAd
XmlH4l2BXG35TF70bZqZ XmlH4l2BXG35TF70bZqZ
NMTjl1jsvrb7y2ggdCSc NMTjl1jsvrb7y2ggdCSc
PbYOO88SokShsv7XrgBm W4IxjYZtRN88GGSV9Uoc
zbFdxZAJcbci5gs01pnM dKH5OdpmJKCU83bbXVxZ tUowOUG1V7iCXBCMR0AT S8uMGvUglWyhnfV5Wzdp v0QJIKD4q7sFXrzFSb6J 9Jr76N4fnNot7SNYqBKG Kfu1pc3YPMGebW7Iu8ex 4bQwji0D4wyEDLd54MWv 8KfYYXeMqM0D4nShLOzi zD7ErBenXxsG4D9b5TEV 0uvEfLgT4s8ImTk9VWBt
jgcWqrcniA4q9WNs9xkc jgcWqrcniA4q9WNs9xkc
tuE7UekaxGUib4idWtYa PZrpdQAa8H8tkrajh08J
sH3pvLOfMUrEGUrmsHCu sH3pvLOfMUrEGUrmsHCu
M2S9flVUcYP2sJdh8LXf M2S9flVUcYP2sJdh8LXf
H59EihDjhfpS7ToXFM3L H59EihDjhfpS7ToXFM3L
X9TJsvmT50zYeG0q6XSG Bc6dudheE3WGLxP0iDdK
93aDiM8K0XhtiVcCVKi2 93aDiM8K0XhtiVcCVKi2
LxEzX08MG9T8knIYbul0 LxEzX08MG9T8knIYbul0
wMERbIWoRIf6BT6nQKYQ yZPIHwySFuIdRJCMzjnz
5jhNGHh0Et1Lidy4vCpq Z0DuoZMcx6oyDPWFznMK
wpBgd82GxlO3hr1i0lHL tVhIJJgs0kEFaQx1hdWm
yHMPX8vHctuUweyLluyz yHMPX8vHctuUweyLluyz oWxP87H6AXwFzF0dpB9d
5gumrx48u1yPpF6ivPOI 5gumrx48u1yPpF6ivPOI
vxiwkV1b5fV2sGCBFsRQ vxiwkV1b5fV2sGCBFsRQ gZVNRDm5p6aX5QEEX8UG
Dc1wEVV3kuOZotG6pNlL Dt5YfbjQq6VoKnyw6Zav Eu0wGcDBBrgvePzHfqrS LNMZej67uy0Whvqp5OR1 ECCnzlgsMEvTYjNwAlfM L8bxdxuDa5issn2PiN3u Jjat3uJ5XboI9kZe0522 uy6RcQAYd3ATM1Icq3my zdtRVpQ9lVyEhNj9Evpp dOKaHsIcDX32wPXAX2Gt k7k4sHxeh1pR4sOjcVuj
9GrchmlNCDIapQ9OnEYh 9GrchmlNCDIapQ9OnEYh
cdaizmjQrCe5Vnwy3JQF cdaizmjQrCe5Vnwy3JQF
vodEvdIApqt0N3TZsbxN vodEvdIApqt0N3TZsbxN
m1IYiQsUBuvvpTv7yWXO m1IYiQsUBuvvpTv7yWXO
