Jacksonville Atlanta Jacksonville Atlanta Jacksonville Milwaukee Tucson Columbus Detroit Tulsa Milwaukee Austin Raleigh Memphis Raleigh Indianapolis LosAngeles Indianapolis SanJose Baltimore LongBeach Baltimore LongBeach Oakland Phoenix OklahomaCity FortWorth SanJose Boston OklahomaCity Phoenix Oakland Philadelphia Oakland Arlington Portland Seattle Portland Arlington Louisville Atlanta Jacksonville
19
Tulsa Tulsa Minneapolis
Columbus Columbus
Tucson Tucson
Milwaukee ElPaso
LosAngeles LosAngeles
Indianapolis Indianapolis
Philadelphia Philadelphia VirginiaBeach
Oakland Albuquerque LasVegas
Boston Boston
SanJose SanJose
FortWorth FortWorth
Phoenix Phoenix
LongBeach LongBeach
Memphis Memphis
Raleigh Austin
Jacksonville Jacksonville
Atlanta Atlanta Louisville SanFrancisco Fresno
Seattle Seattle
Portland Portland
