Porterton Wallton Danielleport Melissaview Cheyennefurt Watsonville Robertomouth Watsonville Cheyennefurt Melissaview Campbellhaven Annberg Houstonchester Annberg Campbellhaven Melissaview Danielleport Cooperton Lopezborough Waltersmouth Adamport Waltersmouth Lopezborough Cooperton Danielleport Wallton Derekmouth Charlesberg Sethland Tannerhaven Sethland Charlesberg Weberbury Clarkport Weberbury Charlesberg Kevinberg Patriciabury Troyfort Patriciabury Kevinberg Charlesberg Derekmouth Jeffreyfort Johnsonchester Susanfort Johnsonchester Jeffreyfort Garytown Audreyfort Patriciaside Audreyfort Garytown Jeffreyfort Derekmouth Wallton Porterton Dianashire Burgessview Marcusburgh Tylerbury Jamestown Wilsonstad Jamestown Tylerbury Marcusburgh Fletcherland Willisfurt Ortizberg Willisfurt Ortizberg Willisfurt Fletcherland Marcusburgh Burgessview Billton Gabrielfort Jamieside Gabrielfort Billton Burgessview Williamfort Moodyburgh Gregoryberg Smithfort Millerborough Smithfort Gregoryberg Moodyburgh Williamfort Thomasville Webbview Thomasville Williamfort Burgessview Dianashire Ashleyborough Paulburgh Robertsstad Toddtown Swansonshire Abigailhaven Swansonshire Toddtown Robertsstad Paulburgh Walltown Callahantown Maryport Reynoldsview Maryport Callahantown Walltown Scotttown Jacksonview Scotttown Jacksonview Danielville Jacksonview Scotttown Walltown Paulburgh Ashleyborough Clarkberg Burtonview Murphyside Bakertown Jameston Bakertown Murphyside Burtonview Clarkberg Ashleyborough Osborneville Christophermouth Beckerton Christophermouth Osborneville Payneview Teresafort Smithtown Jacksonland Smithtown Teresafort Payneview Osborneville Ashleyborough Dianashire Porterton
20
Dianashire Johnsonberg Adamview Feliciaville Buckleyside Combsville Thompsonshire Mirandaview Derekville Haleview Hallstad Dannyside Jermaineton Parkermouth Hansonbury Kylieview Brendaview Mercedesmouth Kimberlyburgh Leahmouth Candiceland Michaelview Dyerport Cranemouth Audreyfort Ellisstad Byrdfurt Andrewschester Christyland Garciamouth Robinsonmouth Adamside Bakertown Williamland Horneside Loweryborough Bradberg Christopherhaven Harrisport Rioshaven Jonesfurt Taylorton Williamschester Candaceborough Hodgesstad Gabrielburgh Bondmouth Fordhaven Clarkborough Holthaven Osbornemouth Ortegaberg Shawnmouth Ryanside Smithtown Ramosborough Swansonshire Suttonville Annberg Maryport Calvinton Williamshire Codyton Vickiville Mindyview Abigailville Clarenceview Masseyside Michaelville Jennifertown Harrisborough Adkinsberg Shawnfort Watsonville Smithfort Josephstad Clarkbury Priceville Joneschester Hallborough Thomasborough
Abigailhaven Abigailhaven
Adamport Adamport
Tannerhaven Tannerhaven
Clarkport Clarkport
Wilsonstad Wilsonstad
Jacksonview Jacksonview
Ortizberg Ortizberg
Susanfort Susanfort
Johnsonchester Nealfurt
Danielville Danielville
Jameston Jameston
Reynoldsview Reynoldsview
Millerborough Millerborough
Troyfort Troyfort
Patriciabury Patriciabury Thomasmouth
Houstonchester Houstonchester
Patriciaside Patriciaside
Robertomouth Robertomouth
Jacksonland Jacksonland
