K BH FS BH FS GD GB CR BB CW BB FG CZ FG BI CO FJ P EC EA EM DX DB GJ FJ BP FF BP FJ BO DO FE GI I FL AK BY BE FL BA G BA EK DT EK T CX T EW DQ BK FC EQ O CL B AD B GQ K
29
O M R U V X Y Z AB AF AG AH AJ AM AN AS AW BF BG BJ BL BQ BR BX CE CF CJ CK CM CQ CT CY DC DG DH DI DK DP DR DS DV DZ ED EG EH EJ EL EN EO EQ EU EV EZ FD FH FI FM FP FR FU FX GC GD GF GG GK GL GO GR
B B
GJ GJ
DB DB
DX DX
EM EM
EA EA
EC EC
P P
FJ FJ
G G
BA BA CB
I I
CW CW
BB BB L
T T
BE BE
BY BY
AK AX
FL FZ FV
DT FO
EK EK GE
FG FG
FS FS
BI BI
BO BO
BP BP
FE FE
GI GI
