fmdhlepsteinstdnkill epsteindlsfdntmkillh dnkillepsteinlshdtfm dlnsthfmepsteinkilld epsteindfhlmdnskillt dlnsthfmepsteinkilld dfdkillepsteinslmhnt ntlepsteindmfdshkill lnsmkilltfdepsteindh lhsepsteindtdnmkillf nepsteinlmdkilldhfts ntlepsteindmfdshkill epsteinfsddmthkillnl dmdepsteinnhkilllsft fshtdepsteinmldnkill dmdepsteinnhkilllsft epsteinfsddmthkillnl hnsdkilllftdmepstein killlepsteindndtfhms depsteinnlsfmhtkilld epsteinmhndfkilltdls tdfepsteinnlhdkillsm dfkilllmtepsteinhdsn tdfepsteinnlhdkillsm epsteinmhndfkilltdls hsdlepsteinmnkilldft hsndepsteindlmtkillf hsdlepsteinmnkilldft epsteinmhndfkilltdls hmfnddkillepsteinslt killhdfdepsteinsltnm killdmnsfhldepsteint flepsteindndhmtkills killdmnsfhldepsteint nfmdkillhdlepsteinst hdepsteinskillldtnfm nfmdkillhdlepsteinst epsteinskilldlndhmtf lthfkilldnsmepsteind hepsteinsddnfkillmlt ddtmkillepsteinflsnh fddsepsteinhnlkilltm msfltdkillnepsteinhd fthddnmlepsteinkills killnsfmhdepsteindtl epsteinskilldlndhmtf sltepsteinkillndmdfh epsteinskilldlndhmtf epsteinkillmsftnddlh fkillepsteindlhdnsmt nltdmsfepsteinkilldh fkillepsteindlhdnsmt lsdepsteinfmkillndth tlmsdhdnkillfepstein lsdepsteinfmkillndth slepsteinntkillhddfm fkillepsteindlhdnsmt snfdlkillmtdhepstein fkillepsteindlhdnsmt epsteinkillmsftnddlh dnkillepsteinlshdtfm epsteindlsfdntmkillh fmdhlepsteinstdnkill
26
sltepsteinkillndmdfh hsdfepsteintlnkilldm
killnsfmhdepsteindtl killnsfmhdepsteindtl tmlepsteinsdnfkillhd
msfltdkillnepsteinhd msfltdkillnepsteinhd
ddtmkillepsteinflsnh ddtmkillepsteinflsnh
hepsteinsddnfkillmlt hepsteinsddnfkillmlt nkilltdhlmdepsteinsf
epsteinskilldlndhmtf epsteinskilldlndhmtf
dnkillepsteinlshdtfm epsteindlsfdntmkillh epsteinkillmsftnddlh dnkillepsteinlshdtfm killepsteinlhtfdsmdn dhkilllsepsteinmntdf nhmkilllsftepsteindd mftkillepsteinndlhsd lmhdtfdepsteinnkills fepsteinhsntddkilllm lhepsteinkilldtnmfsd epsteinlshkilldnfdmt ddlmnftepsteinhskill
flepsteindndhmtkills flepsteindndhmtkills
killdmnsfhldepsteint killdmnsfhldepsteint epsteintdkilllnfdhms fdshnmkillepsteinltd
hsndepsteindlmtkillf hsndepsteindlmtkillf lndsdkilltmepsteinhf
epsteinmhndfkilltdls epsteinmhndfkilltdls
dfkilllmtepsteinhdsn dfkilllmtepsteinhdsn nfdhkilllsmtepsteind
nepsteinlmdkilldhfts nepsteinlmdkilldhfts depsteinnlsfmhtkilld
lhsepsteindtdnmkillf fhndskillepsteintldm
lnsmkilltfdepsteindh lnsmkilltfdepsteindh
ntlepsteindmfdshkill ntlepsteindmfdshkill killmlepsteindthnfsd
slepsteinntkillhddfm ndkillftdsmepsteinlh
tlmsdhdnkillfepstein tlmsdhdnkillfepstein fmsepsteindntldhkill
lsdepsteinfmkillndth lsdepsteinfmkillndth
fkillepsteindlhdnsmt stepsteinhkillfmnldd
nltdmsfepsteinkilldh nltdmsfepsteinkilldh hnfdtmlepsteinkillds
fshtdepsteinmldnkill fshtdepsteinmldnkill dmepsteinfnhltkillsd
epsteinfsddmthkillnl hnsdkilllftdmepstein tlsfdmdepsteinnhkill dhepsteindsnlkillfmt
hdepsteinskillldtnfm hdepsteinskillldtnfm
epsteindfhlmdnskillt epsteindfhlmdnskillt
dlnsthfmepsteinkilld dlnsthfmepsteinkilld
