FortCollins Knoxville Harlingen Knoxville Independence ClarkeCounty Independence Bellevue Lakeland Bellevue LasVegas Anaheim Kennewick Anaheim Deltona Lorain CedarRapids Bryan CedarRapids Albany Macon Hagerstown Albany Anchorage Lancaster Gainesville Fayetteville Brownsville Fayetteville Kenosha Barnstable Kenosha Gilbert Kenosha JerseyCity Fullerton Birmingham AnnArbor Eugene BoiseCity Eugene Duluth Marysville FortCollins
20
Gilbert Gilbert Jacksonville
Kenosha Augusta
Barnstable Barnstable Aberdeen
FortCollins Abilene Akron Albuquerque Alexandria Allentown Amarillo AppleValley Arvada Atlanta Austin Bakersfield Baltimore Beaumont Berkeley Bethlehem Boise BonitaSprings Bradenton Bremerton Brighton Burbank CapeCoral Carrollton Cary Champaign Chandler Chicago Cleveland CollegeStation ColoradoSprings Dallas DalyCity Danbury DavidsonCounty Denver DesMoines Detroit ElMonte ElPaso Elizabeth Elkhart Erie Evansville Fairfield Fargo Fontana FortCollins FortWaltonBeach Frederick Fremont Fresno Garland GrandRapids Grayslake Hampton Harrisburg Henderson Hickory Hollywood Houston Indianapolis Inglewood Irvine Irving Jefferson Joliet Kalamazoo Lacey Lafayette Lakewood LasCruces Layton Leominster LittleRock Louisville Lubbock Manchester
Kennewick Kennewick
Anaheim Anaheim
Anchorage Anchorage
AnnArbor AnnArbor
Brownsville Brownsville
Fayetteville Fayetteville Appleton
Harlingen Harlingen
Knoxville Knoxville Hemet
Lakeland Lakeland
Bellevue Bellevue
CedarRapids CedarRapids
BoiseCity BoiseCity
Eugene Eugene
Independence Independence
Lancaster Lancaster
Lorain Lorain
