0 160 161 0 92 68 35 113 22 99 52 95 131 184 20 184 131 6 81 6 28 82 28 4 175 8 88 2 176 119 50 25 116 25 115 25 116 14 93 156 30 166 30 34 31 107 31 106 167 106 31 78 91 66 41 79 87 90 87 77 128 77 127 181 182 181 41 160 0
19
161 161
160 160
0 162
2 100 101 102 103 104 105 109 110 111 112 113 114 118 120 121 122 123 124 125 126 130 131 132 133 134 135 136 137 138 139 140 141 142 143 144 145 146 147 148 149 150 151 152 153 154 155 157 158 159 163 164 165 169 170 171 172 176 177 178 179 180 183 185 186 187 188 189 190 191 192 193 194 195 196 197 198
184 184
115 115 173
25 117
116 116 174
107 107 168
31 106 108
128 128
77 127 129
119 119
156 156
166 166
167 167
175 175
182 182
181 181
