0 1 3 7 16 33 68 138 68 33 16 7 3 8 18 38 78 158 78 38 77 155 77 38 18 8 17 35 72 146 72 35 17 36 73 148 73 147 73 36 74 149 74 149 74 150 74 36 17 8 3 1 4 10 22 46 93 188 93 187 93 187 93 46 94 190 94 46 22 10 4 9 19 39 80 162 80 39 19 9 20 41 83 167 83 41 20 9 4 1 0 2 6 13 28 58 118 58 28 57 116 57 115 57 28 13 6 14 30 62 125 62 30 14 6 2 5 11 24 49 99 199 99 199 99 49 24 50 102 50 24 11 23 48 97 196 97 48 23 11 5 2 0
23
1 100 101 103 104 105 106 107 108 109 110 111 112 113 114 117 119 120 121 122 123 124 126 127 128 129 130 131 132 133 134 135 136 137 139 140 141 142 143 144 145 151 152 153 154 156 157 159 160 163 164 165 166 169 170 171 172 173 174 175 176 177 178 179 180 181 182 183 184 185 186 189 191 192 193 194 195 197 198
149 149
162 162
80 161
167 167
83 168
187 187
199 199
102 102
115 115
116 116
118 118
125 125
138 138
146 146
147 147
148 148
150 150
155 155
158 158
188 188
190 190
196 196
