1 96 71 35 92 84 43 15 43 15 43 84 92 35 71 96 1 4 2 98 83 87 91 97 0 95 94 72 86 22 45 27 29 39 40 18 73 30 23 28 31 50 32 26 41 19 36 37 65 12 8 13 14 33 20 11 9 17 21 25 10 3 5 7 5 3 10 25 21 17 9 11 20 33 14 13 8 12 65 37 36 37 36 19 41 26 32 50 31 28 23 30 73 18 40 39 29 27 45 44 16 80 78 76 78 80 16 80 78 76 89 88 24 88 89 76 89 88 24 67 81 68 81 49 34 49 38 57 61 57 61 79 61 57 38 49 70 49 81 67 24 88 89 76 78 80 16 44 45 22 86 72 94 95 0 97 91 87 83 98 2 4 1
19
7 7 6
3 20
36 36
15 15
24 24 67
88 88
89 89
16 16 85 44
80 80
78 78
76 76
45 54 42 64 46 48 47 99 51 45 94
34 34
79 79 77
61 61
57 57 38
81 59 53 56 52 55 74 49 90 63 82 60 69 81 62 58 66 75
68 68
70 70
