A29 A67 A52 A36 A52 A74 A73 A19 A73 A19 A72 A5 A57 A47 A57 A5 A57 A47 A18 A81 A28 A45 A91 A45 A28 A45 A37 A12 A85 A3 A54 A65 A7 A65 A0 A1 A0 A65 A0 A21 A39 A84 A39 A4 A31 A51 A31 A49 A30 A6 A15 A82 A35 A6 A30 A6 A35 A64 A35 A82 A75 A62 A67 A29
21
A65 A65 A32 A79 A54
A1 A60 A88
A7 A2 A13 A77 A18 A97 A55 A68 A92 A14
A3 A3
A91 A91 A31
A28 A28 A34 A89
A5 A29 A27
A57 A38
A47 A47 A66
A30 A30 A26
A35 A35 A96
A82 A82
A15 A15
A6 A6
A12 A59 A53 A16 A99 A12 A10 A90 A85
A73 A73 A69
A19 A72 A95
A36 A36
A52 A52 A67
A39 A39
A51 A51
