9c2647cde6e44cc385c8 4b0552fc8849432cb855 b3931f6d1087486cb913 d5bccd7804014eca8c6c 2783e022fae94929bf16 5215b0f0bd724c5cb095 b3931f6d1087486cb913 e5d122afc38c45dea5ae 42f0effdbad6403aad72 ca0b4771edab4289a9de 42f0effdbad6403aad72 ca0b4771edab4289a9de b42e69fcc93540ff9100 ec162ad32a614344923a b42e69fcc93540ff9100 519c6812f5c84e2da127 7d843b16d519435d8fca 884e85a591684c7ebc61 7d843b16d519435d8fca 884e85a591684c7ebc61 42e3ccb6ddd54a0aa3cb 369f058d996d4cd0a86c 0b82efcb8c2c45aeb8a2 dbfc82377b8f4429bc5e c947a496d2b34bb89bb9 2bcf7711ba8b49129f0c e5a9ca3b130945588284 07d82226d1a44fadb059 c947a496d2b34bb89bb9 09b94d1b44c348ceadb9 df9fcc997b4f4a18b94a ef84408a20334d7d9940 c69875060dcb453ead1a f2ab71e12a0b4ca8a555 242983dadb1f4402a4a9 09b94d1b44c348ceadb9 44c8674ccef1477b965f 63ad956164364dd4aa85 44c8674ccef1477b965f 0fc9c09d9eab437c9f65 1be51209c79e402f9fee 7388a08e325743518e49 3db131116e904db799f7 85ec82d3a96e4436a5a2 3db131116e904db799f7 85ec82d3a96e4436a5a2 dc974af4378c41789aae 884523a7277b40f4972f dc974af4378c41789aae 7de7910c524e4920822e e3726a85ffc34b1282cf 33edfebd58804049be59 e3726a85ffc34b1282cf 2b0e5d986b0a4f1cb926 9f09c91be53540919ab1 2b0e5d986b0a4f1cb926 5b3dce289f444b0aa162 f74897e94729433fa22f bd01ba7047cb4d04a847 9f09c91be53540919ab1 19f204e30ad4442cb966 9f09c91be53540919ab1 f8959f42ae8745fe99d6 e74a97c92dba4d8ea2d5 9c2647cde6e44cc385c8
35
369f058d996d4cd0a86c fa1e4bc6ddcc462f984f 7a1df78f40b245bfbb97 a2e35f0c3c9143c68a9e 26a1d084007f489fba55 53afa325a7d34c438292 8fb88a81c320403c8940 bbd144150de64860b03c 06635824d9b841f7b41e e6237b02869349c2bcc8 b927c43e198546078ea6 0a53d934f24848f9bda3 42e3ccb6ddd54a0aa3cb 5fd6476364e640bea476
e5d122afc38c45dea5ae e5d122afc38c45dea5ae
e5a9ca3b130945588284 e5a9ca3b130945588284
2bcf7711ba8b49129f0c 2bcf7711ba8b49129f0c
c947a496d2b34bb89bb9 c947a496d2b34bb89bb9 e87b98454fe24297b210
242983dadb1f4402a4a9 242983dadb1f4402a4a9
f2ab71e12a0b4ca8a555 76432c67ac2d44b384c1
c69875060dcb453ead1a c69875060dcb453ead1a
ef84408a20334d7d9940 ef84408a20334d7d9940
df9fcc997b4f4a18b94a df9fcc997b4f4a18b94a
09b94d1b44c348ceadb9 09b94d1b44c348ceadb9
4b0552fc8849432cb855 a22afbff48914ac888a0 af0a537d56ff42a99a0a 664988394a5f48d79e79 5dc9f852f2454533879f 934f0cae8959401e9aa3 ce2f0e6b8eb94a748c7d 4c8b2bb0f24f4375a715 5a3b69fa8cfb4982a27c 1a4c9d2bea59474aa118 849492e2a4f04946a2c6 dee15252c0e54b84beaf babcd00b2c484c36bc48 bb5eae787bbc407b98a6 1c62a698c79e460eb5ff a0f6a505c8184e86afc9 d4f8d48cee014966a5b7 82654fedf62042cb92dc 910d00572d9d42cebb4a cd51464f29fe4984870b b3a599b5126842e1bf24 d8780223b4744b5b91e5 9b9da0cbe5514fabb1ae fab56f22f8684dd18893 54de46f8d4f647d1baa7 7e0770b0df094f329117 12a170c171ef44d4b662 0f214fa889a6406e8826 211ddbbf614a47428f13 eff3a759e4134e70a252 00dd89601f03490d8809 b47b7b94e7d74f398b8f e0d1e21ff6cc4d64aff7
33edfebd58804049be59 33edfebd58804049be59
e3726a85ffc34b1282cf e3726a85ffc34b1282cf
884523a7277b40f4972f a581f1b5cd374bd0ba96 3574209d67b74478ae2e fc38d8b64f88401c97fd f47cbc59a0584307a0f1 884523a7277b40f4972f 8a66a2d4fdf74f2e9b0e 9a6fd45cb4d44509bce9 c15cfb41ef824fd2a1c0
f8959f42ae8745fe99d6 b96177c96ab740b3965b 0753fe21061c4e058dad cfa4f7b46ab548c1a67a 404713e80e9740c9b7cd 5b7e4d089e434c6a9293 9b93a8a7d0b543339985 df9c93ed7a63447389dd 529d899e8f2545bfbc5a 205f1eddbda0478aada6 87788962cd304b248baf e05275dbed2540ddb1d0
85ec82d3a96e4436a5a2 85ec82d3a96e4436a5a2
42f0effdbad6403aad72 42f0effdbad6403aad72
ca0b4771edab4289a9de ca0b4771edab4289a9de d8316f23d67e43ccb5e7 74bfaa171ba342fc9e58
884e85a591684c7ebc61 884e85a591684c7ebc61
19f204e30ad4442cb966 19f204e30ad4442cb966 c7ef0821b71641f390ee
9f09c91be53540919ab1 8e02573f1324425c9311
bd01ba7047cb4d04a847 bd01ba7047cb4d04a847
f74897e94729433fa22f f74897e94729433fa22f
5b3dce289f444b0aa162 5b3dce289f444b0aa162
2b0e5d986b0a4f1cb926 2b0e5d986b0a4f1cb926
ec162ad32a614344923a ec162ad32a614344923a d484483c58914446843f
b42e69fcc93540ff9100 b42e69fcc93540ff9100
dbfc82377b8f4429bc5e dbfc82377b8f4429bc5e
44c8674ccef1477b965f 44c8674ccef1477b965f
5215b0f0bd724c5cb095 5215b0f0bd724c5cb095
2783e022fae94929bf16 2783e022fae94929bf16
d5bccd7804014eca8c6c d5bccd7804014eca8c6c
b3931f6d1087486cb913 b3931f6d1087486cb913
e74a97c92dba4d8ea2d5 e74a97c92dba4d8ea2d5
