9b0f0f4ded15491691bd 8234739fe11c4c58939e 5a7dba50af224e2ab6b8 bab9aa2939444af1b896 5a7dba50af224e2ab6b8 a01842095e984bd09db6 62d54404ca3d46179d84 a01842095e984bd09db6 0823afbd07bf45febe21 28b1f9c8d4d24d81bc6d 0823afbd07bf45febe21 0e0d299e29ff4259b447 c5365df821314eeb9891 bcb1ec18982a4bb0815b c5365df821314eeb9891 3023407343b546268275 ddfff2b50dff43868057 f69f6451080d4570851d 9ff40c0a1bef41898f25 3023407343b546268275 e2caa88e503f4129b613 885e825ee7fa47d0bf37 e2caa88e503f4129b613 be5b9781cabc47a78aac bcedb61dc02748cd9d61 4442f5bd42d743b693d2 bcedb61dc02748cd9d61 85d65d4df3204859a6e4 8a3bd04ca9844f3486da 17afab496b7b4f7fb1eb 0921b2d036264a09b57e 5054aa992299466d9c42 0921b2d036264a09b57e 9b0f0f4ded15491691bd
19
9ff40c0a1bef41898f25 9ff40c0a1bef41898f25
f69f6451080d4570851d f69f6451080d4570851d d3ae567eea5a44939b43
ddfff2b50dff43868057 ddfff2b50dff43868057
3023407343b546268275 f4d7e89ec3164c95942e
885e825ee7fa47d0bf37 885e825ee7fa47d0bf37
e2caa88e503f4129b613 e2caa88e503f4129b613 3f0f5ffb79ce42f4a325 eb960e815dd14fd6bd07
8234739fe11c4c58939e c65ed76062154b0ab868 1bcf747e9b5643a184fc bef459c8a1f84af3a3a9 c0e69339ecae4efdb4d8 cbdeaac599ea4917bf3b e70b11887ef14bce9075 cc612a917319427a804f 2bc5c3c02de447469b45 8234739fe11c4c58939e 9b0f0f4ded15491691bd 3404f2452daa4f839b9b e3f0a7bd5aa342ac9fe9
bcb1ec18982a4bb0815b bcb1ec18982a4bb0815b
c5365df821314eeb9891 c5365df821314eeb9891 b989f75f3cac48bfbf34
be5b9781cabc47a78aac 6c2d42b6b644452fbba1 be5b9781cabc47a78aac 8b72f079974a49c7aa40 d6b027921ae340ac8c4c 7a033f26eda14b709d28 2e7ecbbb3b3e47dc8d96 465a9fdfbe7e43bf9d6e
bab9aa2939444af1b896 bab9aa2939444af1b896 c0fd362b334d43189c08
5a7dba50af224e2ab6b8 c88b4673ce3d49c6908f 18bb444e17894062aa31 2343f68f1ed74a6f8567
62d54404ca3d46179d84 26bbebd3e4264edd8081
a01842095e984bd09db6 d41ce53800e74a0f849b
28b1f9c8d4d24d81bc6d 28b1f9c8d4d24d81bc6d
0823afbd07bf45febe21 0823afbd07bf45febe21
8a3bd04ca9844f3486da b645cb0bc92b4d92bdf9 85d65d4df3204859a6e4 7b57359ca242406bb373 4083eeebbfb942a38987 339edeefe40f47f4abbe 8a3bd04ca9844f3486da 97b46a2d8ead45d98077 b5e22237f3c14773b553
bcedb61dc02748cd9d61 bcedb61dc02748cd9d61
0921b2d036264a09b57e 0921b2d036264a09b57e
