YuhuaEast Shipyard SembawangStraits Shipyard ClarkeQuay TampinesWest MountPleasant BenoiSector PasirRisDrive Moulmein Tanglin TiongBahru TuasBay TiongBahru TuasBay PunggolField Rochor PunggolField MandaiEstate YioChuKang HollandDrive YioChuKang Aljunied TanjongIrau Aljunied FarrerCourt IstanaNegara KallangWay IstanaNegara BoonLay MandaiEast MonksHill MandaiEast MonksHill Mountbatten DairyFarm TagoreSindo SerangoonNorth TagoreSindo Sembawang EastCoast Plab EastCoast Port BukitTimah Port WoodlandsSouth Cairnhill YuhuaEast
19
SembawangStraits Northland HongKah AngMoKioTownCentre Paterson Punggol KentRidge Commonwealth KeatHong HongKahNorth BedokNorth Serangoon OneTreeHill Sennett WaterwayEast SungeiKadut TuasPromenade Museum PayaLebarEast LowerSeletar BedokSouth SembawangStraits TuasNorthPioneer CityHall TelokBlangahRise SungeiRoad SimpangNorth HougangCentral PangSua Trafalgar Tampines ChoaChuKang BukitBatokSouth PasirRis Shipyard JurongPort ClementiNorth GeylangEast Khatib Matilda Brickworks BukitBatokWest SerangoonGarden SerangoonCentral PearlsHill SembawangHills SingaporeRiver PasirRisPark BoatQuay BoonLayPlace EvertonPark AlexandraNorth PeiChun Sentosa InstitutionHill TohGuan DhobyGhaut ReservoirView JooSengPayaLebar PulauPunggolTimor Saujana UluPandan TampinesNorth Geylang Sembawang WoodlandsWest OneNorth Mandai YioChuKangEast DefuIndustrialPark UpperThomson ChinaSquare JurongWestCentral PeoplesPark ChangiWest BayfrontSubzone KebunBahru Kembangan OrangeGrove ChangiPoint SouthernIslands RochorCanal Chatsworth
Port Port
YioChuKang YioChuKang
EastCoast EastCoast
Moulmein Moulmein
MandaiEast MandaiEast
TuasBay TuasBay
TiongBahru TiongBahru
SerangoonNorth SerangoonNorth
TagoreSindo TagoreSindo
PunggolField PunggolField
IstanaNegara IstanaNegara
DairyFarm DairyFarm
PasirRisDrive PasirRisDrive
Mountbatten Mountbatten
Aljunied Aljunied
Tanglin Tanglin
BenoiSector BenoiSector
Cairnhill Cairnhill
