Burlington Killeen Prairie Denver Rapids Honolulu Cambridge Killeen Burlington Frederick Julian McAllen Merced Davenport Buffalo Cedar Julian Bridgeport Naperville Independence Naperville Plen Chattanooga Plen Louisville Chicago Louisville Burlington
18
Cambridge Cambridge
Honolulu Honolulu
Rapids Rapids
Denver Denver
Prairie Prairie
Killeen Killeen
Cedar Cedar
Buffalo Buffalo
Davenport Davenport
Merced Merced
McAllen McAllen
Bridgeport Amarillo Myrtle Columbus Bridgeport Hayward Clarke Miramar Hampton
Chattanooga Chattanooga
Plen Greenville
Independence Independence
Naperville Naperville
Chicago Chicago
Louisville Louisville
