Soda ResidenceHalls CareerCenter VLSB CareerCenter HertzHall CNMAT HertzHall EdwardsStadium GilmanHall EastGate BancroftLibrary Campanile AnthonyHall GilmanHall ClarkKerrCampus CalvinLaboratory BerkeleyArtMuseum DavisHall EastAsianLibrary CampbellHall ClarkKerrCampus CheitHall BlumHall IshiCourt AlumniHouse CheitHall BlackwellHall GiauqueHall BlackwellHall McEnerneyHall KroeberHall BarrowLane EvansDiamond FacultyClub HearstFieldAnnex ChanShunAuditorium DonnerLab BarrowsHall BarrowLane OldArtGallery Soda
27
AlumniHouse AlumniHouse DoeMemorialLibrary
IshiCourt BarkerHall
BlumHall BlumHall BirgeHall
CheitHall CheitHall
AnthonyHall AnthonyHall ChouHall
Campanile Campanile
BancroftLibrary BancroftLibrary BoaltHall
EastGate EastGate
EdwardsStadium BanwayBldg BerkeleyWayWest BotanicalGarden BrainImagingCenter CaliforniaHall Cory CyclotronRd EdwardsStadium
BarrowsHall BarrowsHall BARTStation
DonnerLab DonnerLab
ChanShunAuditorium ChanShunAuditorium
HearstFieldAnnex DurantHall
FacultyClub EshlemanHall
EvansDiamond EvansDiamond
BarrowLane BarrowLane
CampbellHall CampbellHall
EastAsianLibrary EastAsianLibrary
DavisHall DavisHall
BerkeleyArtMuseum BerkeleyArtMuseum
CalvinLaboratory CalvinLaboratory
ClarkKerrCampus ClarkKerrCampus
BlackwellHall BlackwellHall
VLSB VLSB
CareerCenter CareerCenter Dwinelle
CNMAT CNMAT
HertzHall EtcheverryHall
