Fizz ShadowShaman Urgot ShadowShaman PhantomAssassin Alistar Tristana Ziggs Tristana Puck StormSpirit Zed Lich Zed Nasus Viktor DeathProphet Timbersaw Talon Tiny Pudge Tiny WinterWyvern Omniknight WinterWyvern Kayn Vayne Sven Slardar Leona Pugna Fizz
18
Kayn Thresh Heimerdinger Huskar Medusa Katarina Terrorblade KhaZix Kassadin Gragas Kennen CentaurWarrunner Sniper Nidalee NightStalker Annie Singed Quinn Ekko Venomancer Karma BountyHunter Warlock Weaver ShadowFiend Fiddlesticks Janna Undying Rengar Fizz Magnus Visage TrollWarlord Kled Jinx Syndra Sona Azir LoneDruid Rubick Morphling Irelia Techies Beastmaster FacelessVoid VelKoz LeBlanc Pantheon ShadowDemon SpiritBreaker Bane Yorick Vladimir Ryze Mirana Slark Orianna Trundle JarvanIV Jayce Xayah Cassiopeia Chen Oracle Lucian Vi Nunu Brewmaster Rumble Zilean TahmKench Kayn
Talon Talon
Omniknight Omniknight
WinterWyvern WinterWyvern Amumu
Nasus Nasus
Tiny Tiny
Leona Leona
Ziggs Ziggs
Tristana Tristana
ShadowShaman ShadowShaman
Viktor Viktor
Slardar Slardar
Sven Sven
Puck Puck
StormSpirit StormSpirit
Timbersaw Timbersaw
Zed Zed
DeathProphet DeathProphet
