6 11 10 18 10 19 16 19 12 11 24 21 27 21 24 30 39 38 36 38 36 30 42 55 53 55 67 62 63 62 67 73 80 87 86 87 80 83 80 96 103 111 124 120 127 120 124 133 143 145 149 145 147 144 143 158 168 166 165 166 168 172 177 173 177 172 189 184 186 184 189 199 6
23
6 8 4 1 7 0 15 14 191 194 198 190 196
18 18
10 10
19 19
42 23 20 26 31 46 41 40 48 50 57 51 59
21 21
38 38
36 36
39 39
73 65 69 60 77 78 75 79 74 88 85 81
63 63
62 62
87 87
103 97 90 98 95 106 109 105 101 107 112 118 113 115 114
120 120
133 126 125 129 128 137 139 132 130 134 148 146 153 150 152 157
149 149
145 145
144 144
172 167 164 163 176 170 178 177 179
166 166
186 186 185
184 182 181 187
