5 3 5 11 17 15 17 23 29 28 29 35 34 35 41 38 37 38 41 47 53 59 65 71 77 83 89 95 93 95 94 90 91 92 95 101 100 99 98 97 96 101 107 101 107 104 105 104 107 113 108 113 119 114 119 125 131 128 131 137 143 141 143 149 155 154 155 161 167 166 167 173 179 174 178 177 179 5
22
17 0 1 2 4 6 7 8 9 10 12 13 14 16 18 19 20 21 22 24 25 26 27
3 3
15 15
28 28
53 30 31 32 33 36 40 42 43 44 45 46 48 49 50 51 52 54 55 56 57 58 60 61 62 63 64 66 67 68 69 70
34 34
37 37
38 38 39
83 72 73 74 75 76 78 79 80 81 82 84 85 86 87 88
92 92
91 91
90 90
94 94
93 93
107 102 106
96 96
97 97
98 98
99 99
100 100
105 105
104 104 103
