187 156 47 118 47 122 15 123 148 123 15 184 57 127 82 123 24 92 101 115 176 58 126 16 189 54 55 54 97 135 97 135 17 93 6 79 9 0 26 164 87 84 40 113 49 161 77 161 178 173 166 78 52 104 30 173 166 186 68 187
24
30 30 2
52 52
78 78
166 166
173 173 72
9 63 133 33 119 175 13 181 142 110 109 117 165 41 69 128 157 9 23 162 146 153 134 67 120 183 93 48 140 8 95 94 171 36 18 160 180 53 114 172 68 71 65 73 58 83 39 70 32 199 196 154 124 59 29 45 86 156 131 7 44 42
6 111 152 163 90 6 132 169 12 190 108
77 107
161 161 191 136
97 97
82 82
127 127
184 184
15 15
148 148 150
47 47
55 55
54 54 89 80
79 79
87 87
92 92
126 126
164 164
176 176
