location1 location38 location1 location32 location10 location20 location86 location92 location96 location68 location49 location10 location36 location75 location89 location42 location75 location9 location33 location60 location77 location60 location45 location46 location56 location94 location45 location50 location58 location50 location57 location43 location35 location30 location57 location80 location1
26
location38 location38 location90 location17
location1 location31
location36 location19 location23 location2 location54 location36 location44 location29 location71 location53
location77 location77
location60 location3 location78 location40 location72
location94 location94
location56 location56
location46 location46
location45 location45 location99
location42 location42 location59
location89 location89 location6
location75 location75 location21
location30 location30 location91
location35 location35 location79
location43 location43 location83
location57 location57 location95
location58 location58 location74
location50 location48 location8
location9 location9
location49 location49 location47
location68 location66
location96 location52
location92 location51
location10 location10
location32 location32
location80 location80
