0 18 21 25 78 85 18 197 109 199 103 20 182 42 35 38 182 123 112 90 112 131 139 44 66 1 71 87 131 27 45 116 45 93 193 93 140 99 140 79 128 190 48 46 190 5 134 5 171 17 13 62 61 36 33 171 54 7 54 77 95 77 156 0
41
85 85 100
78 78
25 25
21 21
18 18
87 87 30
71 71
1 1
66 66
44 44
139 2
197 3 6 14 23 24 26 29 31 43 51 52 57 58 59 63 68 69 70 72 73 83 84 91 92 94
38 38 39
35 35
42 42
182 4
5 5
7 7
54 54 53
128 8 40 50 55 65 75 82 96 97
123 9 10 11 12 15 19 22 28 32 37 41 47 49 67 76 80 81 86 88 89 98
33 33
36 36
61 61
62 62
13 13
17 17
46 46 56
48 48 16
20 20
27 27
99 99
140 34
116 64
45 45 74
90 90
112 60
95 95
77 77
79 79
93 93
