c5 t9 c5 d3 t0 d3 a7 k7 a7 s4 h4 s4 f3 c1 a1 c1 a8 o3 a8 j8 h7 b7 h7 k3 g6 k5 g6 r1 c3 r6 d1 l4 o6 l4 e7 t8 h9 t8 l5 e9 i4 e9 n0 s0 n0 c5
24
r1 n3 o0 r1 l6 a0 g1 h0 h2 q8 j7 o7 m4 q0 m7 i0 t2 h5 k1 f6
a1 a1
c1 b3
b7 b7
h7 p7
f3 e4 h1 d4 i1 b1 f5 h3 g9 n6 g3 t7 o4 g5 p0 m0 e1 q5 l0 e0 s2 g0 j3 k6 r2 j6 q3 r7 o2 f2 c4 f3 p9 o8
c3 c8 c3 j2 a6 s3 a4 l1 k9
e7 s1 h6 t6 d5 d6 l3 j5 o5 l8 b5 i5
a7 a7
a8 a8
h4 h4
s4 s4
t8 t8
t9 t9
c5 t1
t0 t0
d3 q1
r6 g7 s7 r4 g4 t5 g8 s9 e2 e5
i4 i4 n4
e9 r9
g6 g6
o6 o6
l4 l4
n0 n0
