114 85 6 133 18 26 18 160 190 29 0 190 155 127 155 111 22 69 22 5 82 116 177 140 177 156 23 194 118 32 147 32 24 179 167 96 147 153 34 3 174 150 174 66 68 66 55 79 197 39 132 146 192 58 114
24
0 0
29 29
190 76
85 78 188 199 102 75 191 170 51 175 182 49 10 154 173 133 171 1 28 149 187 98 117 67 92 35 135 74 100 95 108 91 161 81 62 114 93 53 119 164 47
146 16 183 12 146 169 84 176 87 38
3 103 7 4 31 14 3 124
5 196 37 195 115 41 5 134
127 127
155 155
96 96
167 167
179 36
24 24
32 32
147 147
79 21 166 42 33 148 197 70 15 112 105 131 43 109 89 181 59
26 26
18 18 63
69 69
22 111
177 177
66 66
150 150
174 174 94
