gc fz cq cf bp dq aw h dj gg dp fi cf fi do cb bi dz bi cl ee cj cv ao cs cl bz gn dx fk fq p by bc bz gh x gh fo bl an ft fo ac dy fw dy fy cg br g az db fy gm e c bq fe e at ci at am cd am cd ep de ep z ck z cn ed cn i ge gc
49
fe fe
bq bq
c a
e e ff
gm cm ds q j dg cz et dn u ab fr co ga bv y es ai cr gq fh v cp b bn dw gm bu
cq d eq bt ad fn ap gi as di en cq ey ae gj bx em dh gk bb
db db fa
az az
g g
br br er
cg cg
fy fy
fi fi bj
dp dp
gg gg
dj dj
aw aw
dq dq
bp bp
ck ck
z go
bc bc ah
by by
p p
fq fq
fk fk
dx dx
gn gn
cs cs
ao ao
cv cv
cj cj el
ee ee
cl cl
gh gh
ac ac
am am
ft ft
an an
bl bl
fo fo fd
at at
fw fw
dy dy
bi bi
ep ep
cn cn
do do
ge ge
