loc1 loc6 loc1 loc2 loc3 loc2 loc1 loc5 loc4 loc3 loc2 loc7 loc16 loc11 loc15 loc20 loc15 loc14 loc19 loc14 loc19 loc14 loc13 loc12 loc17 loc26 loc21 loc22 loc27 loc36 loc31 loc32 loc37 loc46 loc41 loc42 loc47 loc56 loc51 loc55 loc54 loc59 loc54 loc59 loc54 loc53 loc52 loc57 loc66 loc61 loc62 loc67 loc76 loc71 loc72 loc77 loc86 loc81 loc85 loc84 loc89 loc84 loc85 loc81 loc82 loc87 loc82 loc81 loc86 loc81 loc82 loc87 loc96 loc91 loc95 loc100 loc95 loc94 loc99 loc94 loc99 loc94 loc93 loc98 loc93 loc92 loc97 loc106 loc101 loc105 loc104 loc109 loc104 loc109 loc104 loc103 loc102 loc107 loc116 loc111 loc112 loc117 loc126 loc121 loc122 loc127 loc136 loc131 loc135 loc140 loc135 loc140 loc135 loc134 loc133 loc138 loc133 loc132 loc137 loc146 loc141 loc142 loc147 loc156 loc151 loc152 loc157 loc166 loc161 loc162 loc167 loc176 loc171 loc172 loc177 loc186 loc181 loc182 loc187 loc196 loc191 loc195 loc200 loc195 loc200 loc195 loc191 loc196 loc187 loc182 loc181 loc186 loc177 loc172 loc171 loc176 loc167 loc162 loc161 loc166 loc157 loc152 loc151 loc156 loc147 loc142 loc141 loc146 loc137 loc132 loc131 loc136 loc127 loc122 loc121 loc126 loc117 loc112 loc111 loc116 loc107 loc102 loc101 loc106 loc97 loc92 loc91 loc96 loc87 loc82 loc81 loc86 loc77 loc72 loc71 loc76 loc67 loc62 loc61 loc66 loc57 loc52 loc51 loc56 loc47 loc42 loc41 loc46 loc37 loc32 loc31 loc36 loc27 loc22 loc21 loc26 loc17 loc12 loc11 loc16 loc7 loc2 loc1
27
loc4 loc9
loc5 loc10
loc2 loc7
loc3 loc8
loc6 loc6
loc21 loc16 loc17 loc18 loc26 loc27 loc28 loc29 loc30
loc19 loc19
loc20 loc20
loc46 loc36 loc37 loc38 loc39 loc40 loc46 loc47 loc48 loc49 loc50 loc56
loc62 loc57 loc58 loc60 loc66 loc67 loc68 loc69 loc70 loc76 loc78 loc79 loc80
loc59 loc59
loc86 loc86 loc77
loc81 loc90
loc82 loc88
loc87 loc87 loc96
loc89 loc89
loc99 loc99
loc111 loc97 loc106 loc107 loc108 loc110 loc116 loc117 loc118 loc119 loc120 loc126 loc128 loc129 loc130
loc98 loc98
loc100 loc100
loc109 loc109
loc146 loc127 loc136 loc137 loc139 loc146 loc147 loc148 loc149 loc150
loc140 loc140
loc138 loc138
loc161 loc156 loc157 loc158 loc159 loc160 loc166 loc167 loc168 loc169 loc170 loc176 loc178 loc179 loc180
loc187 loc177 loc186 loc187 loc188 loc189 loc190 loc196 loc197 loc198 loc199
loc200 loc200
