zero four eleven eighteen nineteen eighteen seventeen sixteen fifteen twentytwo twentynine thirtysix fortythree fifty fiftyone fiftytwo fiftynine sixtysix seventythree seventyfour seventythree seventytwo seventyone seventyseven eightyfour ninetyone ninetyeight onehunfive ninetynine onehunfive onehunfour onehunthree onehunten onehunnine onehunten onehuneleven onehuntwelve onehunnineteen onehuntwentysix onehuntwentyfive onehunthirtytwo onehunthirtynine onehunforty onehunthirtyfour onehunthirtyfive onehunthirtysix onehunthirtyfive onehunthirtysix onehunthirtyseven onehunfortyfour onehunfortyfive onehunfortyfour onehunfortyfive onehunfortysix onehunfiftythree onehunsixty onehunsixtyone onehunfiftyfive onehunfiftysix onehunfiftyfive onehunsixtyone onehunfiftyfour onehunfortyeight onehunfortynine onehunfifty onehunfiftyseven onehunfiftysix onehunsixtythree onehunsixtyfour onehunsixtythree onehunsixtyfour onehunsixtyfive onehunsixtysix onehunsixtyfive onehunsixtyfour onehunsixtythree onehunsixtytwo onehunsixtynine onehunseventyfive onehunseventyfour onehuneightyone onehuneighty onehuneightyseven onehuneightyeight onehuneightyseven onehuneightysix onehuneightyfive onehuneightyfour onehunninetyone onehunninetytwo onehunninetyone onehunninetytwo onehunninetythree onehunninetyfour onehunninetythree onehuneightysix onehunseventynine onehunseventytwo onehunsixtyfive onehunfiftyeight onehunfiftyone onehunfortyfour onehunthirtyseven onehunthirty onehuntwentythree onehunsixteen onehunnine onehuntwo ninetyfive eightyeight eightyone seventyfour sixtyseven sixty fiftythree fortysix thirtynine thirtytwo twentyfive eighteen eleven four zero
31
fifty one two three six seven ten eleven twelve fourteen fifteen sixteen twentythree twentyfive twentysix twentyseven twentynine thirtythree thirtyfour thirtyseven thirtyeight fortythree fortyfour fortyfive fortynine fiftytwo fiftythree fiftyfive fiftyseven fiftyeight sixty sixtyfour sixtysix sixtyseven sixtynine seventy seventyone seventyseven seventyeight seventynine eightytwo eightythree eightyfour eightyseven
nineteen twenty
eighteen seventeen
seventyfour seventyfive
seventythree seventytwo
ninetynine ninetynine onehunone
onehunfive ninetyeight
onehunnine onehuneight
onehunten onehunten onehuneleven
onehuntwentysix onehunthirteen onehunsixteen onehunseventeen onehuneighteen onehunnineteen onehuntwentyone onehuntwentythree onehuntwentyfour onehuntwentysix onehuntwentyseven onehuntwentyeight onehunthirty onehunforty
onehunthirtyfive onehunthirtyfive
onehunfortyfive onehunfortyfive onehunfortysix
onehunfortyfour onehunfortyfour onehunfortythree
onehunfiftyseven onehunfiftyseven onehunfiftynine
onehunfifty onehunfifty
onehunfortynine onehunfortynine
onehunfiftyfour onehunfiftyfour
onehunsixtyone onehunsixtyone
onehunsixty onehunsixty
onehunsixtyfour onehunsixtyfour
onehunsixtythree onehunsixtythree
onehunsixtysix onehunsixtysix
onehunsixtyfive onehunsixtyfive
onehunsixtynine onehunsixtynine onehunseventy onehunseventyone onehunseventythree onehunseventyfour onehunseventysix onehunseventyeight onehuneighty onehuneightytwo
onehunseventyfive onehunseventyfive
onehuneightyone onehuneightyone
onehunninetytwo onehunninetytwo
onehunninetyone onehunninetyone onehunninety onehuneightyfour
onehuneightyseven onehuneightyseven
onehunninetyfour onehunninetyfour
onehunninetythree onehunninetythree
