zero seven six five zero five twelve thirteen fourteen eight nine ten eleven twelve eleven eighteen nineteen twenty twentyone fifteen sixteen seventeen eighteen nineteen twenty twentyone twentyeight thirtyfive twentynine thirty thirtyone thirtytwo thirtythree thirtyfour thirtyfive twentynine thirty thirtyone thirtyeight thirtynine thirtyeight fortyfive fortysix fortyfive fortysix fortyseven fortyeight fortyone thirtyfour twentyseven twenty thirteen six zero
23
five five
six six
seven seven
zero three
eleven eleven
nine nine
fourteen fourteen
thirteen thirteen
twelve twelve
seventeen twentyfive
sixteen sixteen
fifteen fifteen
twenty twenty
nineteen nineteen
eighteen eighteen
thirtyfour thirtyfour
thirtytwo thirtytwo
thirtyone thirtyone
thirtyfive thirtyfive fortytwo
thirtynine forty
thirtyeight thirtyeight thirtyseven
fortysix fortysix
fortyfive fortyfive
