0 109 110 13 178 13 86 135 86 135 12 79 12 79 167 198 10 61 1 61 162 49 77 191 77 191 174 141 129 65 21 123 195 156 18 81 58 74 26 93 82 113 82 112 104 83 125 148 97 76 117 84 121 44 0
18
117 66 31 59 22 99 62 43 41 50 60 15 45 95 4 44 75 96 37 67 76 38 92 29 19 71 27 73 28 34 7 17 63 0 47 40 84 20 85 80 98 53 72 52 46 64 78 30 89 57 35 23 32 68 25 91 54 48 10 56 55 33 2 51 94 90 6 5 8 24 70 87 9 14 39 16 42 11 3 21 69 26 88
86 86
79 79
12 12 36
77 77
74 74
93 93
83 83
97 97
82 82
13 13
81 81
65 65
49 49
58 58
18 18
1 1
61 61
