0 66 67 68 69 70 71 72 22 72 22 72 71 70 69 68 67 66 0 41 42 83 84 85 44 45 44 45 44 85 84 83 42 41 0 4 57 58 10 9 8 5 6 5 8 5 8 9 10 58 57 4 0 17 13 19 14 15 11 15 11 16 18 12 18 16 11 15 14 19 13 17 0 78 38 79 40 37 80 81 82 39 82 39 82 81 80 37 40 79 38 78 0 33 34 75 76 35 32 77 36 77 36 77 32 35 76 75 34 33 0 59 60 61 21 62 63 20 64 20 63 62 21 61 60 59 0 51 52 53 54 3 55 56 2 1 2 1 2 56 55 3 54 53 52 51 0 49 50 87 47 88 48 89 48 89 48 88 47 87 50 49 0
19
0 3 4 10 13 14 17 19 21 23 24 25 26 27 28 29 30 33 34 35 37 38 40 41 42 47 49 50
2 2
1 1
8 8 9
5 5
6 6 7
15 15
11 11
12 12
18 18 16
20 20
22 22
77 32
36 36 31
39 39
44 44
45 45 43
48 48
89 46
