0 3 117 192 117 92 112 173 112 172 19 172 19 32 71 54 36 61 89 16 89 61 36 125 36 125 36 98 118 91 118 194 108 51 108 160 108 159 108 115 186 115 186 115 187 115 58 13 28 48 93 104 138 178 113 78 110 75 30 6 22 88 22 6 30 75 110 168 110 78 113 12 132 12 114 184 114 180 109 167 109 164 142 105 141 105 21 103 137 103 135 103 116 189 116 112 92 117 3 0
22
173 173
112 174 175 176 177
142 120 121 122 123 124 126 127 128 129 130 131 133 134 136 138 139 140 142 143 144 145 146 147 148 149 150 152 153 154 155 158 161 162 163 164 165 166 169 170 171 178 179 180 181 182 183 185 188 190 197 198 199
172 172
91 151
118 195 196
186 186
125 125
160 160
108 156 157 194
192 192
117 191 193
132 132
135 135
137 137
141 141
159 159
167 167
168 168
184 184
187 187
189 189
