Afghanistan Laos Kyrgyzstan Kuwait Kosovo Kuwait Kosovo Korea Kiribati Kenya Kazakhstan Kenya Kiribati Kenya Kazakhstan Jordan Japan Jordan Kazakhstan Jordan Japan Jamaica Italy Israel Ireland Iraq Ireland Israel Ireland Iraq Iran Indonesia Iran Iraq Iran Indonesia India Iceland Hungary Honduras Hungary Honduras HolySee Hesse Hawaii HanseaticRepublics Hanover HanseaticRepublics Hanover Haiti Guyana GuineaBissau Guinea Guatemala Grenada Guatemala Guinea GuineaBissau Guinea Guatemala Grenada Greece Ghana Greece Grenada Greece Ghana Germany Georgia Gabon France Finland Fiji Ethiopia Eswatini Estonia Eritrea EquatorialGuinea ElSalvador Egypt Ecuador Dominicanrepublic Dominica Djibouti Denmark Congo Czechoslovakia Czechi Cyprus Cuba Croatia CotedIvoire Costarica Comoros Costarica CotedIvoire Costarica Comoros Colombia China Chile Chad Canada Cameroon Cambodia Cabo Burundi Burma Burkina Bulgaria Brunswick Brunei Brunswick Brunei Brazil Botswana Bosnia Bolivia Benin Belize Belgium Belarus Bavaria Barbados Bangladesh Bahrain Baden Azerbaijan Austrian Austria Australia Armenia Argentina Antigu Angola Andorra Algeria Albania Afghanistan Malaysia Afghanistan Nassau Afghanistan Nepal Afghanistan Romania Afghanistan SierraLeone Afghanistan
35
Argentina Afghanistan Albania Algeria Andorra Angola Antigu Argentina Armenia Australia Austria Austrian Azerbaijan Baden Bahrain Bangladesh Laos
Belize Barbados Bavaria Belarus Belgium Belize Benin Bolivia Bosnia Botswana
Brunswick Brunswick Bulgaria
Brunei Brunei Brazil
Cambodia Burkina Burma Burundi Cabo Cambodia Cameroon Canada Chad Chile China
CotedIvoire CotedIvoire Croatia
Costarica Costarica
Comoros Comoros Colombia
Cuba Cuba
Djibouti Cyprus Czechi Czechoslovakia Congo Denmark Djibouti Dominica Dominicanrepublic Ecuador Egypt ElSalvador
Ethiopia EquatorialGuinea Eritrea Estonia Eswatini Ethiopia Fiji Finland France Gabon
Georgia Georgia
Ghana Ghana Germany
Greece Greece
Guinea Guinea
GuineaBissau GuineaBissau Guyana
Guatemala Guatemala
Grenada Grenada
HanseaticRepublics HanseaticRepublics Hawaii
Hanover Hanover Haiti
Hesse Hesse
Honduras Honduras HolySee
Hungary Hungary Iceland
Indonesia Indonesia India
Iran Iran
Israel Israel Italy
Ireland Ireland
Iraq Iraq
Japan Japan Jamaica
Jordan Jordan
Kiribati Kiribati Korea
Kenya Kenya
Kazakhstan Kazakhstan
Kosovo Kosovo
Kuwait Kuwait Kyrgyzstan
