Afghanistan Albania Afghanistan Albania Algeria Andorra Angola Andorra Angola Antigu Argentina Armenia Australia Austria Austrian Azerbaijan Baden Azerbaijan Austrian Austria Australia Armenia Australia Austria Austrian Azerbaijan Baden Bahrain Bangladesh Barbados Bavaria Belarus Bavaria Belarus Belgium Belize Belgium Belize Benin Bolivia Benin Bolivia Bosnia Botswana Brazil Brunei Brunswick Bulgaria Burkina Burma Burundi Cabo Cambodia Cameroon Canada Chad Chile China Chile Chad Canada Cameroon Canada Chad Chile China Colombia Comoros Costarica CotedIvoire Costarica CotedIvoire Croatia Cuba Cyprus Czechi Czechoslovakia Congo Czechoslovakia Czechi Cyprus Czechi Czechoslovakia Congo Denmark Djibouti Afghanistan Latvia Afghanistan
29
Albania Albania
Afghanistan Afghanistan Djibouti
Angola Angola Antigu
Andorra Andorra Algeria
Armenia Armenia Argentina
Australia Australia
Azerbaijan Azerbaijan
Baden Baden Bahrain
Austrian Austrian
Austria Austria
Bangladesh Bangladesh
Belarus Belarus
Bavaria Bavaria Barbados
Belize Belize
Belgium Belgium
Benin Benin
Bolivia Bolivia Bosnia
Bulgaria Botswana Brazil Brunei Brunswick Bulgaria Burkina Burma Burundi Cabo
Cameroon Cameroon Cambodia
Canada Canada
China China Colombia
Chile Chile
Chad Chad
CotedIvoire CotedIvoire Croatia
Costarica Costarica Comoros
Cyprus Cyprus Cuba
Czechi Czechi
Congo Congo Denmark
Czechoslovakia Czechoslovakia
