equinox tropical muggy tropical slice corpse flow slice jurisdiction essential jurisdiction machinery wilderness lamb band equinox dollar funeral method machinery union fibre union hiccup photograph hiccup presidential dry presidential chain liability chain farewell uncertainty disposition referee explicit clothes farewell paint orange houseplant seller paint fish shift equinox
32
flow flow
corpse corpse
slice slice
clothes clothes
explicit explicit
referee referee
disposition disposition
uncertainty uncertainty
farewell farewell
essential essential
jurisdiction jurisdiction secretary
muggy muggy
tropical tropical mastermind
seller seller
houseplant houseplant
orange orange
paint paint
method method
funeral funeral
dollar dollar
equinox equinox
band band
lamb lamb
wilderness wilderness
fibre fibre
union union
dry dry
presidential presidential prejudice
chain chain
fish brick aisle novel bark fish analyst twitch remark glove
photograph photograph
hiccup hiccup
