paint wooden paint imported thumb glamorous ray indicate nutty inherit imported ambiguous fetch ambiguous finish stink ice simple desire finish route slam floor diligent measure blade rake route complain determine learning complain same paint
25
desire desire
ice ice
stink stink
finish finish
rake rake
blade blade
measure measure
diligent diligent
floor floor
slam slam
route route
inherit inherit
nutty nutty
indicate indicate
ray ray
glamorous glamorous
thumb thumb
imported imported
learning learning
determine determine
complain complain
ambiguous ambiguous
wooden wooden
paint paint
same same
