F1E81B DD07FF 1E1095 DD07FF 6C010A 8417C8 F3EDB3 D1AE72 F3EDB3 191510 305D33 191510 305D33 191510 6B4619 CC9C14 A1F104 4B97F1 85D6DB 63361A 85D6DB 7D997B E51A66 7D997B 4B3F8A 0C73D8 86493E 0C73D8 2334E8 851F90 BB40E6 CF668A 62C365 9DA2E3 53C6C8 151BC9 8F17C0 151BC9 8F17C0 D8AAF4 C4303B BF6302 B23276 14B430 C953A6 5D0E2E 6E313C 5A3862 B23276 F1E81B
18
B23276 29D5D7 8015E0 CEAC59 AE4A01 D1967A B47658 230A7C 1F842B 47FACD C3EF62 52C88C E5E6C0 6B340B 2CCB19 AEFF96 8BFCAC 396D53 9096DB 596CF6 8F495E 4099A6 F33196 FFEEBD 614224 94A561 C18C9B 36C862 93EBE3 C9AF85 6B622D 783751 66048A 20EAE7 E80628 4B97F1 0CBC31 8B6C2F 685D1A 61199E 2BF7B5 59843B 4A28BA 5BB557 90451D 5F4E43 5C7062 8B519F 7829D7 B7F75A 14994D 6D51F4 239994 2FEDFB 813B05 DCE144 D4A75D 7E78F3 4CAD30 28F6D1 6966D7 7E1C6C 8EBF8A B69F55 3B4B53 D6CC7A 85D6DB 4A5708 490F1E DE6899 293D59 E3C2C9 BB4908 77A0B5 124C90 ABD8FE 36590B
DD07FF 573788 17779E D337F2 770D1A 0F5860 F1E81B C3B3E7 FFFD4B
C4303B C4303B
305D33 305D33
851F90 851F90
86493E 86493E
0C73D8 E81014
8F17C0 8F17C0
151BC9 151BC9
14B430 14B430
8417C8 8417C8
A1F104 A1F104
63361A 63361A
E51A66 E51A66
BB40E6 BB40E6
1E1095 1E1095
CC9C14 CC9C14
6E313C 6E313C
