a1 a5 a6 a86 a85 a81 a82 a83 a84 a85 a81 a80 a76 a80 a81 a85 a86 a54 a55 a56 a57 a56 a52 a56 a55 a54 a22 a23 a24 a20 a24 a25 a24 a23 a22 a70 a71 a72 a73 a72 a68 a72 a71 a70 a38 a39 a40 a41 a40 a36 a37 a33 a32 a28 a32 a33 a34 a35 a36 a40 a41 a42 a43 a11 a12 a13 a14 a13 a14 a13 a12 a11 a91 a92 a93 a94 a93 a94 a95 a96 a1
19
a5 a1 a3 a4 a6 a22 a38 a54 a70 a86
a11 a9 a11 a12 a17 a43 a44 a59 a60 a91 a92
a14 a14
a25 a25 a30
a20 a20 a19
a35 a35
a33 a33
a28 a28 a27
a36 a36
a41 a41 a46
a52 a52 a51 a49
a57 a57 a62
a68 a68 a67 a65
a73 a73 a78
a76 a76 a75
a84 a84 a89
a83 a83
a81 a81
a94 a94
