Wheeler Evans Morrison Hertz Kroeber Wurster Boalt Wurster Kroeber Hertz Morrison Hertz Kroeber Lewis Greek Bechtel Greek Morrison Evans Latimer Etcheverry Latimer Evans Morrison Evans Latimer Stanley Foothill Stanley Latimer Etcheverry Soda Sather Barrows Sather Soda Cheit Normandy Kresge Davis Kresge Davis Hearst Warren WayWest GBC WayWest GBC Anthony HearstAnnex Stephens HearstAnnex Anthony GBC Anthony HearstAnnex Stephens South McLaughlin Memorial Haviland Campbell LeConte Campanile Doe Wheeler Doe Campanile LeConte Birge Campbell Haviland Campbell Haviland Wellman Haviland Memorial Minor Haas Faculty FSM Baker FSM Faculty Haas Faculty FSM Baker McCone CKerr McCone BigC Pavilion Simons Koja Simons Koja TriDelta Koja Simons Pavilion BigC McCone Baker FSM Faculty Haas Minor Memorial Haviland Campbell LeConte Campanile Doe Wheeler
22
Etcheverry Etcheverry Moffitt
Morrison Morrison
Bechtel Bechtel Jacobs
Kroeber Kroeber
Foothill Foothill
Haviland IHouse RSF
Birge Birge
Wheeler Dwinelle Sproul
Baker Baker Fiji
Haas Haas Stonefire Hargrove
Stephens Moses McLaughlin
Anthony Anthony
WayWest Warren Cloyne Metropolitan
Boalt Boalt
Barrows OCF
Sather Martinez Unit3 Barker
Davis Davis Hearst
Kresge Cheit
Koja Legends
Simons Unit2 PeoplePark
CKerr CKerr
TriDelta TriDelta
