Soda H7 Soda H13 Soda H20 Soda H25 Soda H27 Soda H30 Soda H35 Soda H42 Soda H47 Soda H50 P50 P51 P52 P53 P54 P55 P56 P57 P58 P59 P60 P61 P62 P63 P64 P65 P66 P67 H67 Soda H77 Soda H79 Soda H82 Soda H89 P89 P90 P91 P92 P93 P94 P95 P96 P97 H97 P97 H97 P97 P98 H98 P98 H98 P98 P99 H99 P99 H99 Soda
21
Soda H1 H2 H3 H4 H5 H6 H8 H9 H10 H11 H12 H14 H15 H16 H17 H18 H19 H21 H22 H23 H24 H26 H28 H29 H31 H32 H33 H34
H7 H7
H13 H13
H20 H20
H25 H25
H27 H27
H30 H30
H35 H35
P58 H36 H37 H38 H39 H40 H41 H43 H44 H45 H46 H48 H49 H51 H52 H53 H54 H55 H56 H57 H58 H59 H60 H61 H62 H63 H64 H65 H66 H68 H69 H70 H71 H72 H73 H74 H75 H76 H78 H80 H81 H83
H42 H42
H47 H47
H50 H50
H67 H67
H77 H77
H79 H79
H82 H82
P90 H84 H85 H86 H87 H88 H90 H91 H92 H93 H94 H95 H96
H89 H89
H97 H97
H98 H98
H99 H99
