Soda H47 P47 P46 P45 P44 P45 P44 P43 P44 P43 P42 P41 P40 P39 P38 P37 P36 P35 P34 P33 P32 P31 P30 P31 P32 P33 P32 P31 P30 P29 P28 P27 P28 P27 P26 P25 P24 P23 P22 P21 P20 P19 P18 P17 P16 P15 P14 P13 P12 P11 P10 P9 P8 H8 P8 P7 P6 P5 P4 P3 P2 P1 P49 P1 P49 P48 H48 Soda
18
P49 H49
P1 H1 H2
P6 H3 H4 H5 H6 H7 H9 H10
H8 H8
P15 H11 H12 H13 H14 H15 H16 H17 H18
P22 H19 H20 H21 H22 H23 H24 H25 H26
P27 H27
P28 H28
P33 H33 H34
P32 H32
P31 H31
P30 H30 H29
P38 H35 H36 H37 H38 H39 H40 H41
P43 H43 H42
P44 H44
P45 H45 H46
H47 H47
H48 H48
