MapLocation152 MapLocation53 MapLocation76 MapLocation139 MapLocation4 MapLocation155 MapLocation4 MapLocation153 MapLocation34 MapLocation153 MapLocation55 MapLocation124 MapLocation179 MapLocation93 MapLocation179 MapLocation48 MapLocation60 MapLocation13 MapLocation60 MapLocation43 MapLocation159 MapLocation54 MapLocation94 MapLocation100 MapLocation35 MapLocation94 MapLocation108 MapLocation160 MapLocation56 MapLocation145 MapLocation102 MapLocation104 MapLocation56 MapLocation142 MapLocation14 MapLocation44 MapLocation183 MapLocation152
18
MapLocation14 MapLocation14 MapLocation15 MapLocation16 MapLocation17 MapLocation18 MapLocation19 MapLocation20 MapLocation69 MapLocation136 MapLocation198 MapLocation186 MapLocation81 MapLocation22 MapLocation72 MapLocation113 MapLocation50 MapLocation36 MapLocation67 MapLocation97 MapLocation12 MapLocation71 MapLocation154 MapLocation105 MapLocation156 MapLocation149 MapLocation127 MapLocation125 MapLocation129 MapLocation192 MapLocation107 MapLocation106 MapLocation61 MapLocation79 MapLocation123 MapLocation57 MapLocation164 MapLocation41 MapLocation137 MapLocation8 MapLocation59 MapLocation171 MapLocation122 MapLocation109 MapLocation152 MapLocation146 MapLocation9 MapLocation118 MapLocation10 MapLocation119 MapLocation116 MapLocation173 MapLocation96 MapLocation103 MapLocation85 MapLocation170 MapLocation47 MapLocation150 MapLocation135 MapLocation161 MapLocation29 MapLocation189 MapLocation77 MapLocation133 MapLocation92 MapLocation182 MapLocation128 MapLocation111 MapLocation86 MapLocation7 MapLocation32 MapLocation23 MapLocation99 MapLocation148 MapLocation185 MapLocation62 MapLocation121 MapLocation114 MapLocation194 MapLocation42 MapLocation70 MapLocation166 MapLocation28
MapLocation4 MapLocation4
MapLocation13 MapLocation13
MapLocation60 MapLocation60
MapLocation153 MapLocation153
MapLocation35 MapLocation35
MapLocation100 MapLocation100
MapLocation94 MapLocation94
MapLocation43 MapLocation43
MapLocation53 MapLocation53
MapLocation55 MapLocation55
MapLocation104 MapLocation104
MapLocation102 MapLocation102
MapLocation145 MapLocation145
MapLocation56 MapLocation56 MapLocation175
MapLocation76 MapLocation76
MapLocation179 MapLocation179
MapLocation183 MapLocation183
