110 0 154 28 29 107 126 147 0 79 36 1 79 175 96 50 96 52 22 165 19 52 161 70 161 71 101 105 16 30 40 170 14 94 30 41 25 41 37 54 134 178 148 74 134 55 142 151 142 114 75 91 75 122 190 110
38
147 147
126 126
107 107
29 29
28 28
154 154
0 0
1 1
36 36
79 79 149
114 152 90 163 60 160 99 44 195 159 15 81 87 11 13 171 38 72 110 182 124 127 98 103 39 66 3 85 100 67 181 199 189 138 77 176 168 26 132
101 141 51 101 43 18 193 6 140 121 123 5 131 83
25 25
41 41 20 192
74 74
148 148
178 178
134 172
94 94 76
14 14
170 170
40 40
30 30
19 19
165 165
22 22
52 52
50 50 56
96 96 53 64
54 54 197 47 169 45 73 92
55 55
161 161
91 91
75 145
122 122
142 142
175 175
190 190
