0 15 14 3 14 15 0 50 65 64 53 64 65 50 0 15 14 12 16 17 13 9 20 18 20 9 20 18 7 8 7 18 20 21 30 29 23 24 26 24 23 29 30 35 37 38 41 40 41 40 41 38 36 42 36 42 36 38 37 35 30 22 30 22 30 34 33 47 33 47 44 48 49 48 44 47 33 34 30 21 20 9 13 17 16 12 14 15 0 50 65 64 62 66 67 63 59 70 71 80 79 73 74 76 75 76 75 76 74 73 79 80 71 70 68 70 59 70 68 57 58 57 68 70 69 82 84 83 84 80 85 87 88 86 92 86 88 91 88 86 88 87 85 80 71 70 59 63 67 66 62 64 65 50 0
25
50 51
53 53 52
0 1
3 3 2
8 5 6
9 10 4
22 22
26 26 25
24 24 27
41 41
40 40
47 47
33 33
36 36
42 42 46
49 49
48 48 44
58 55 56
59 60 54
83 72 74 77 83 97 94 98 99
76 76
75 75
91 91 90
86 86
92 92 96
