0 15 14 3 2 3 14 12 16 17 13 9 20 21 30 29 23 24 23 24 26 25 26 24 23 29 30 21 20 9 13 17 16 12 14 15 0 50 65 64 62 66 67 63 59 70 71 80 79 73 74 76 75 76 74 73 79 80 71 70 59 63 67 66 62 64 53 52 53 52 53 64 65 50 100 115 114 103 102 103 114 112 116 117 113 111 104 111 104 111 113 109 110 109 120 121 130 135 137 138 136 142 136 142 136 138 141 140 141 140 141 138 137 135 130 129 123 124 126 125 126 124 123 129 130 121 120 109 113 117 116 112 114 115 100 150 165 164 162 166 167 163 161 154 161 154 161 163 159 170 168 157 158 155 158 157 168 170 171 180 185 187 188 178 188 187 185 180 184 182 184 183 197 194 198 199 150 100 50 0
23
100 1 3 51 101 103 151 152 153 199
2 2
30 4 5 6 10 22 33 47 44 48 49 46 42 36 40 41
23 27
24 24 26
25 25
53 53
52 52
80 54 55 56 60 72 74 76 77 83 97 94 98 99 96 92 86 90 91
75 75
102 102
104 104
130 105 106 122 124 126 127 133 147 144 148 149
110 110
125 125
136 136
142 142 146
141 141
140 140
154 154
155 155
158 156
180 160 172 174 175 176 177 183 197 194 198 196 192 186 190 191
