31 74 31 42 101 42 127 112 107 112 120 52 46 52 128 124 128 21 45 21 72 108 139 108 25 78 41 78 117 20 17 20 10 176 180 176 169 179 197 171 195 169 170 181 170 173 198 184 164 173 188 168 188 192 31
32
127 175 127 93 66 167 69 160 32 77 38 80 147 82 125 196 22 105 49 143 94 106 90 60 88 14 148 151 110 27 86 34 138 7 134 123 103 35 137 4 28 64 12 186 67 89 9 33 57 152 149 29 68 83 199
128 128
10 58 13 81 119 30 6 141 115 131
20 20
72 114 48 140 99 156 47 121
45 45
21 21
74 74
31 65
78 78
42 42
46 46
52 52
107 107
112 112 146
108 108
117 117
120 120
195 195
171 171
197 197
179 179
169 169
164 164
184 184
198 198
173 173
168 168
188 188
170 170
180 180
176 191
