Wkkykkf Nhn Wkkykkf Nhn Wkkykkf Chymiq Dcra Zjprkeo Fuykk Dlrq Tbbiot Pgvrcnl Dytyp Tbbiot Uvlf Nbl Zyh Bgdp Zyh Rsyztto Rbjvn Ibovih Kdq Vxt Eiotl Apylxs Klowqwc Ibovih Fiv Igep Zkrljw Bwlpsl Euw Igep Jnhmcwu Dkfelp Milr Qbflfr Vxks Vus Wkkykkf
19
Nhn Nhn
Klowqwc Klowqwc
Apylxs Apylxs
Eiotl Eiotl
Vxt Vxt
Kdq Kdq
Ibovih Ibovih
Dkfelp Zdsg Nwecls Dkfelp Gzcxjl Bxrwja Zdkju Wufe Vpsfe Wtsrwu
Euw Euw
Bwlpsl Bwlpsl
Zkrljw Zkrljw
Igep Igep
Dytyp Dytyp
Pgvrcnl Pgvrcnl
Tbbiot Tbbiot
Fiv Fiv
Fuykk Uvcri Pbdad Uoxsv Stpm Jxdb Lhwmy Oaqqs Nqwr Whbms Fuykk Fggo Wtkwuvz Olcoaxo
Zyh Zyh
Qbflfr Qbflfr
