142 132 39 115 39 115 5 185 22 185 22 149 63 171 17 171 140 129 67 129 140 171 17 6 128 122 64 69 64 69 158 195 178 195 178 37 172 52 134 14 134 14 134 52 172 90 143 77 143 77 160 108 148 108 148 46 4 174 3 91 181 153 139 145 139 153 181 91 101 91 101 2 101 161 49 81 119 136 47 20 184 74 15 31 8 31 8 45 173 199 71 199 112 156 198 156 56 135 137 121 142
18
17 150 144 133 181 141 30 174 70 183 106 21 186 159 124 34 41 7 121 177 89 23 127 63 151 157 76 60 3 197 167 48 35 38 55 140 16 137 93 58 97 4 33 44
115 115
39 39
31 31
14 14
22 22
129 129
91 91
46 46
195 195
178 178
69 69
64 64
77 77
90 90
108 108
145 145
158 158
