149 24 137 24 41 126 91 95 82 77 98 91 185 140 78 81 70 8 17 78 61 46 9 61 88 71 88 12 3 40 65 73 58 12 198 11 114 11 64 66 64 43 29 79 33 28 43 125 47 55 38 125 35 150 35 148 171 76 171 37 44 37 122 74 23 99 51 20 80 122 189 149
48
41 19 30 41 50 60 62 63 67
198 1 5 6 10 13 21 25 26 32 34 49 52 56 83 84 85 89 90 92
148 2 4 14 16 36 42 45 48 57 59 68 69 72 75 97
58 58
73 73
65 65
40 40
3 3
12 12
66 66
64 64 7
17 17
8 8
70 70
81 81
78 78
9 9
46 46
61 61
11 11
140 15 27 31 39 53 54 86 87 93 94
44 44
37 37 18
80 80
20 20
51 51
99 99
23 23
74 74
38 38 22
55 55
47 47
24 24
28 28
33 33
79 79
29 29
43 43
35 35
71 71
88 88
76 76 100
171 96
98 98
77 77
82 82
95 95
91 91
