PlmPdVeiiHQg3JYZCDWt BqpTiWAotYe5nRTWXkzn cYMPcE5UNSzOtkRY62gr iwJGcbQH2bifG6D82Iel gdO0wiBlQ8wFbeNyGtx5 iwJGcbQH2bifG6D82Iel npvmhiGWlG3giKEGoWCw JWIkMKKlAG6fUoRVxKKI 1JawjZrawLlOCGN1EB0O oera1CM7cj3K49AkZhzz 1JawjZrawLlOCGN1EB0O 804aK8wEArkuheeUiB4R q4nqG9N45SSRxndw48Xl WZsO2i9GZwvMYoV9SyKS 6WGzUhXeOltLDbkIvTzq 804aK8wEArkuheeUiB4R 7yt9hKqOEGabqtqIEmdH eUyNsK7nwP1YPac54CbU 76b3evP8JEiQ8c6jd2b5 yneFBbj6YjKvwSUW253g 76b3evP8JEiQ8c6jd2b5 N5YDsCDN1lKguyHbn4Zb Tr6dOTuKB3EM5juuJxqy N5YDsCDN1lKguyHbn4Zb Zzs5CIqF9Ll2avkxI78N MSj6zOuZ0EoAKjP4wXXW x5UVX06335fM5pfCNBMU Dwi7fYT8wa9I4Kzyto4Y nsq4rhHWMCaIVcah5fcd Zzs5CIqF9Ll2avkxI78N tX1uDaXm9hMlEKqU7m9j 48BAUsycKlkSkbOjYLFN 2Cz4Y4eG1XIezf9qpdQl tX1uDaXm9hMlEKqU7m9j IxWh6LSiXwGUWSx9VJ39 9gglBKpHLZmA2dFXYK5s IxWh6LSiXwGUWSx9VJ39 XfoLhICApzD21ekC6Raj nweJtOYiRJ9VPbpUTVQU XfoLhICApzD21ekC6Raj JTOsbkycRuz0e5JQ3gRH DF1KTiOHBIkswyjh8uB1 KjQNU2EAAYEZSeJWPxLM JTOsbkycRuz0e5JQ3gRH Wq14UxgLNQSDYKfwPKLH LWxNpOtygHuLI9qU5DwF Wq14UxgLNQSDYKfwPKLH JakuJordFcO229c3L5ct 3cixCQKdOFnhNCezth5V E59siIyngnj5PIsLeowv gu4ZhQvmb4pSQmUY70Nq E59siIyngnj5PIsLeowv RuUdtXtfFCKpaLUcmsqg PlmPdVeiiHQg3JYZCDWt
33
7yt9hKqOEGabqtqIEmdH 7yt9hKqOEGabqtqIEmdH
KjQNU2EAAYEZSeJWPxLM KjQNU2EAAYEZSeJWPxLM 2chOacZ5nNYuf6eeGFSW
DF1KTiOHBIkswyjh8uB1 DF1KTiOHBIkswyjh8uB1
JTOsbkycRuz0e5JQ3gRH dvxgUZzwjHAP85QpElWp
cYMPcE5UNSzOtkRY62gr nKDJ3ylOzub2eWcHnAhq WErk2X2lm629vuxPHVtl o85TEEBuzMbePdf5cbCv g0ywcwildP9K6oBendJq 3M9YkxmgHhrzhCgskWR0 GzSNGBn4EPemDLEWXNxx qOK6WPKQJA4Q9XqXgSgT dsndgEJWfBsFA2I3Hgqf 9zoM12ZWjXrKaszveCQH PIekFeWZsA6etqyFB2SF zforAf5jhSPEL0aOiCeo UkqILZ2p4EbRuMBIrGXp uaR7l3Qhn4FRAnSeVURz XdyhPab6W9wOZnKLq1fq yD8JCRUWcVAZxJ4ZDldr cYMPcE5UNSzOtkRY62gr EVtx7khff7Fs8yuuQKJx 4S2YiI3VYPKghkl95iqK uNMLlt0W1KUwk2d6EP98 nyd0fM2XE4qmli1xfIwr iFXIyHTPBX7ivXxsV1VM VuvjJGf6deKVAQ0JUD4i ML4pCjYl4gPEwSnvlRaD ANdko3dYAy7a2BOq7wpm cUanhOambcNkocePqfvx CofLnw0Ss4pVGWmPS5oO TpLamlzpT6GwerxzVsxr m1A3pMC42PQioFziqK5C 8RfB73Lw8C9LbSwIxA9Q irZyMKazQALnyfoOCtbL a06qeiApctGnC1GMtGuJ xcisI0PJDdG9nIuyj3IS GUntLlYA0xo9Vk4WLTLV KOLHrmR3FKDMdl4SYdK9 VXU331oDUcuzaGGUYIl9
nweJtOYiRJ9VPbpUTVQU EkRPPDhcu5ww6XulSOgx
XfoLhICApzD21ekC6Raj W9TKm0U6bNDZ1Aok7hNH
LWxNpOtygHuLI9qU5DwF Vh6ScHVb39wz7CmKwIuA
Wq14UxgLNQSDYKfwPKLH hZHynIvymuQxD6BftzWt
nsq4rhHWMCaIVcah5fcd nsq4rhHWMCaIVcah5fcd 1wRG7TNgo9ui6iZBLuaw
Dwi7fYT8wa9I4Kzyto4Y Dwi7fYT8wa9I4Kzyto4Y
x5UVX06335fM5pfCNBMU x5UVX06335fM5pfCNBMU
MSj6zOuZ0EoAKjP4wXXW MSj6zOuZ0EoAKjP4wXXW
Zzs5CIqF9Ll2avkxI78N Zzs5CIqF9Ll2avkxI78N
2Cz4Y4eG1XIezf9qpdQl 2Cz4Y4eG1XIezf9qpdQl
48BAUsycKlkSkbOjYLFN 48BAUsycKlkSkbOjYLFN
tX1uDaXm9hMlEKqU7m9j tX1uDaXm9hMlEKqU7m9j NA24XhOMsROCBnUViAJT
eUyNsK7nwP1YPac54CbU YmmIBqqdn3Z6PuFXWNHi ChEnlTNCMoqxBfyzEzW7 7qCgmo7DrrfnVQIWnbiV 060q0aISPODkGeAbYbQ6 zvH9G6FQ1xC7CVezs43e eUyNsK7nwP1YPac54CbU ukPtLY7YueARRkX8hPaS k8LvqKsQ4ejh0bCWs4fP yKQw7YXCNsthb1VWEFur U7iVliqmXRkLwyPSNdfv YIxKvTpWMaQKGFtD5BDH
1JawjZrawLlOCGN1EB0O 1JawjZrawLlOCGN1EB0O
gdO0wiBlQ8wFbeNyGtx5 gdO0wiBlQ8wFbeNyGtx5
iwJGcbQH2bifG6D82Iel iwJGcbQH2bifG6D82Iel
IxWh6LSiXwGUWSx9VJ39 IxWh6LSiXwGUWSx9VJ39
JakuJordFcO229c3L5ct SNmFiRdCmf8vg1yMqr30 JakuJordFcO229c3L5ct WsVMGV8yZisK6ojnqzBE 1tmkPhHujDQhTmW4oV7S NXYVlLN4oRDZThND0BmP kaVGl3oG0Ulg2MgkbJB8 3rqlQRwe5izypHjXjWla Osa2UT4anhyBl7doUFs5 AmAHnr1XXkPpwJ6DUDIO jVItWJkETNqrkY47Hghp YFXFh0nBpGYXfL8mfny3 kwA1qrRggH9YLKcVfIe5 EY9cQTmyqhrzeZsobQa5 E8pbRn7LIeWnB3swkYzz BWhyt9wATIprZDhzxwVv 4QLswP82Wvxw9Z42obzh PWUaVYPeofxjJdT472wG
Tr6dOTuKB3EM5juuJxqy Tr6dOTuKB3EM5juuJxqy C6w7afZujemehEooILjN
N5YDsCDN1lKguyHbn4Zb N5YDsCDN1lKguyHbn4Zb ELEJN8tWDJT7mLhCdqW3 MEVVMgbTLIgXdG4vAbeX
6WGzUhXeOltLDbkIvTzq 6WGzUhXeOltLDbkIvTzq
WZsO2i9GZwvMYoV9SyKS WZsO2i9GZwvMYoV9SyKS
q4nqG9N45SSRxndw48Xl q4nqG9N45SSRxndw48Xl
804aK8wEArkuheeUiB4R 804aK8wEArkuheeUiB4R LXqfTqJggDSh6mykPyz3
JWIkMKKlAG6fUoRVxKKI JWIkMKKlAG6fUoRVxKKI
76b3evP8JEiQ8c6jd2b5 76b3evP8JEiQ8c6jd2b5
E59siIyngnj5PIsLeowv E59siIyngnj5PIsLeowv
RuUdtXtfFCKpaLUcmsqg RuUdtXtfFCKpaLUcmsqg
