7FWNmYu1sEzp7YpjhNM0 W2denTwXnWz4qrXL3aFw kgMLDXb5R3ORIfTilNFP 5yzYewNOjD4D1V8ZP8q1 A9DFzQyemv4Vrp2lXMgz 9l9bqgsSEgsSkszLK4O4 W2denTwXnWz4qrXL3aFw scUa5QdkUC7khfk1TYEx pPWJrH430fABR0NcoPKV ZPdVSQmUt7J8A3Rehp7D goJftIzc5FBlw9j9PMfL nAg8OEdqlYhSIX9nv2SQ Wf5r5fLld7uYzA371YeY scUa5QdkUC7khfk1TYEx LEf0huj6HzVDaAZAnsYH vEWyy5AExfLu7sWP92aZ LEf0huj6HzVDaAZAnsYH RIFDgOYLizqUpmzvNX0Y 6uJmr1C0tkMcbasOZ8YR Hzf5jjegIHlFM1NlD4mu g2g8WLVxe9HOQYy10Bok RIFDgOYLizqUpmzvNX0Y 6uYVEZNStGwGBaOTSZJ3 iyStbsaTNUhgZNM2l5BQ 6uYVEZNStGwGBaOTSZJ3 B46pe0ii1rn1dcGCmje6 CdlE2FMHtE23wbpleKPr B46pe0ii1rn1dcGCmje6 lDAnOMVYOYXzMCtINEX8 PyIlH9YicODghA6KwJUV qUHIoJ8btUij9h8nDU8R lDAnOMVYOYXzMCtINEX8 7FWNmYu1sEzp7YpjhNM0
22
9l9bqgsSEgsSkszLK4O4 9l9bqgsSEgsSkszLK4O4
A9DFzQyemv4Vrp2lXMgz A9DFzQyemv4Vrp2lXMgz
5yzYewNOjD4D1V8ZP8q1 5yzYewNOjD4D1V8ZP8q1
kgMLDXb5R3ORIfTilNFP kgMLDXb5R3ORIfTilNFP AzIG5crlJuxKgwAi8EiY
W2denTwXnWz4qrXL3aFw W2denTwXnWz4qrXL3aFw
Wf5r5fLld7uYzA371YeY uKBUiyynqpfTFP93OJ0w
nAg8OEdqlYhSIX9nv2SQ nAg8OEdqlYhSIX9nv2SQ
goJftIzc5FBlw9j9PMfL goJftIzc5FBlw9j9PMfL
ZPdVSQmUt7J8A3Rehp7D ZPdVSQmUt7J8A3Rehp7D
pPWJrH430fABR0NcoPKV pPWJrH430fABR0NcoPKV
scUa5QdkUC7khfk1TYEx scUa5QdkUC7khfk1TYEx
CdlE2FMHtE23wbpleKPr CdlE2FMHtE23wbpleKPr
B46pe0ii1rn1dcGCmje6 B46pe0ii1rn1dcGCmje6 1foAom0YUla8ad6rygWf
g2g8WLVxe9HOQYy10Bok g2g8WLVxe9HOQYy10Bok Hp324dioHwKLfiZ19twT
Hzf5jjegIHlFM1NlD4mu IcKzxr7CcACAPE40T0L0
6uJmr1C0tkMcbasOZ8YR 6uJmr1C0tkMcbasOZ8YR
RIFDgOYLizqUpmzvNX0Y RIFDgOYLizqUpmzvNX0Y
LEf0huj6HzVDaAZAnsYH LEf0huj6HzVDaAZAnsYH
6uYVEZNStGwGBaOTSZJ3 6uYVEZNStGwGBaOTSZJ3
qUHIoJ8btUij9h8nDU8R qUHIoJ8btUij9h8nDU8R
PyIlH9YicODghA6KwJUV PyIlH9YicODghA6KwJUV
lDAnOMVYOYXzMCtINEX8 lDAnOMVYOYXzMCtINEX8
