xse rsg dkp rsg xnr khu xnr khu xnr nwc jom rtc njg cma hat ruo hyo ruo byu sad nko vmt rir qbf wiy vvn nwn uuw vmt hir tlh gsy tlh ceo xjt bad xjt vnr adx vlb adx wxx qol fin aft fin hcr ils hcr brt owy kgl krr qjf uwo ymw xse
23
byu fbk vtd bda nii mti wyg xeh vmv lvm uau miy tdu fia byu hmi pjf ttw cun nry yug ptu jgt aeg zkt nhi ogh nko qdw tso bod tko vzr nsw rjv bnl gex ukv emz kpp fyc qjf jfh svk ljd qxs nvz idv fjy
rtc ocp pvs aii lrj ikb bdh fzi fhv nfr hpx rtc lwk nmf vwg xme txq wbg
qol cen ybr loj uok phg zud ckx zdb ego jam kfu
rsg rsg
uuw uuw
vvn vvn
wiy wiy
qbf qbf
rir ksg
vmt vmt
khu khu
xjt xjt
fin fin
vlb mok fgp
adx adx kxn dgl
ruo ruo
nwc nwc
tlh tlh
cma cma
ils ils
hcr hcr
krr krr
uwo uwo
