1 5 4 8 4 3 22 23 24 20 21 17 18 19 30 29 25 24 23 22 23 22 107 108 112 113 117 118 119 118 119 120 121 125 124 128 124 125 121 122 123 134 133 129 128 129 133 132 136 137 141 137 141 142 147 148 152 148 147 166 167 168 164 163 38 37 33 37 38 99 100 101 97 101 102 91 90 91 90 89 88 84 85 81 82 83 94 93 89 88 84 83 78 77 76 75 74 73 77 73 72 68 69 65 64 60 61 57 58 59 70 69 65 64 60 59 54 53 49 53 52 56 55 54 43 42 41 45 44 48 49 48 47 46 179 180 181 180 184 185 189 185 189 188 192 193 197 193 197 196 200 1
58
8 2 4 5 7 10 12 13 15 196
25 26
29 29
30 31
18 18
21 21
20 20
23 23
33 34 28
37 37 36 39
44 44
45 45
42 42
55 55
52 52
53 53
49 50
47 47
65 66
69 69
70 71
58 58
61 61
60 60
64 63
73 68
74 74
76 76 79
77 77
88 87
93 93
94 95
82 82
85 85
84 84
90 90
91 92
97 98
101 101 103
112 100 106 108 109 111 114 116 117
119 119
129 130
133 133
134 135
122 122
125 125
124 124
128 127
141 141 143
137 138 132
152 140 146 148 149 151 154 156 157 159
168 162 164 165 167 170 172 173 175
181 181 178 183
180 180
185 186
189 189 191
197 197 199
193 194 188
