Evans WursterHall Evans WursterHall Campbell WursterHall Evans Artichokes Foothill HAAS BAMPFA HAAS Unit1 StrawberryCreek MemorialGlade StrawberryCreek GreekTheatre SatherGate Doe Plentea StrawberryCreek Plentea LatimerHall MLK Dwinelle MLK Dwinelle ThaiNoodle Marugame Campanile Marugame GreekTheatre SatherGate SproulHall Pappys Unit2 Pappys SproulHall LewisHall DavisHall LewisHall SproulHall Pappys Unit2 Barrows Unit2 Pappys Milkbomb SouthHall HesseHall LowerSproul HesseHall SouthHall Moffit HappyLemon HavilandHall BancroftLibrary LawrenceHall HappyLemon HavilandHall VLSB HavilandHall BancroftLibrary Cornerstone Firewings CaliforniaHall Firewings RSF Underhill Blackwell ImmThai AlumniHouse BerkeleyWayWest Yifang BerkeleyWayWest AlumniHouse ImmThai AshaTeaHouse HilgardHall Bowles HilgardHall AshaTeaHouse ImmThai AlumniHouse ImmThai AshaTeaHouse HilgardHall Bowles Unit3 Spats Boalt Spats Unit3 NorthHall Artichokes Evans
32
Campbell Campbell DurantHall LeConte
Evans Cory Foothill
Plentea Soda SutardjaDai
Doe Doe
SatherGate GiauqueHall
GreekTheatre GreekTheatre CanyonPool
MemorialGlade Kresge SouthHall
VLSB VLSB HearstMining
HavilandHall HavilandHall
HappyLemon Moffit
LawrenceHall LawrenceHall
BancroftLibrary BancroftLibrary
ImmThai Blackwell
Bowles Bowles ZellerbachHall
HilgardHall HilgardHall
Yifang UniversityVillage Wheeler
BerkeleyWayWest BerkeleyWayWest
AlumniHouse AlumniHouse
Campanile Campanile
Marugame Gilman ThaiNoodle Eshelman
Dwinelle Dwinelle
MLK MLK HildebrandHall
CaliforniaHall CaliforniaHall InternationalHouse
Firewings RSF
Barrows Barrows MemorialStadium Etcheverry
DavisHall DavisHall BotanicalGardens
Unit2 Unit2 Stern
BAMPFA BAMPFA
HAAS HAAS Unit1
Boalt Boalt
Spats Unit3
HesseHall HesseHall
