Loc48 Loc0 Loc28 Loc0 Loc41 Loc34 Loc2 Loc30 Loc6 Loc22 Loc48 Loc36 Loc41 Loc10 Loc69 Loc32 Loc45 Loc46 Loc37 Loc12 Loc47 Loc3 Loc69 Loc9 Loc39 Loc24 Loc42 Loc23 Loc9 Loc14 Loc31 Loc21 Loc44 Loc13 Loc14 Loc4 Loc15 Loc38 Loc5 Loc35 Loc11 Loc43 Loc26 Loc8 Loc15 Loc18 Loc61 Loc18 Loc25 Loc77 Loc25 Loc7 Loc29 Loc7 Loc93 Loc10 Loc48
41
Loc28 Loc28
Loc0 Loc0 Loc19
Loc4 Loc1 Loc4 Loc16 Loc17 Loc20 Loc27 Loc33 Loc40 Loc49
Loc36 Loc36
Loc48 Loc48
Loc22 Loc22
Loc6 Loc6
Loc30 Loc30
Loc2 Loc2
Loc34 Loc34
Loc41 Loc41
Loc3 Loc3
Loc47 Loc47
Loc12 Loc12
Loc37 Loc37
Loc46 Loc46
Loc45 Loc45
Loc32 Loc32
Loc8 Loc8
Loc26 Loc26
Loc43 Loc43
Loc11 Loc11
Loc35 Loc35
Loc5 Loc5
Loc38 Loc38
Loc15 Loc15
Loc29 Loc29
Loc7 Loc7
Loc23 Loc23
Loc42 Loc42
Loc24 Loc24
Loc39 Loc39
Loc9 Loc9
Loc10 Loc10
Loc13 Loc13
Loc44 Loc44
Loc21 Loc21
Loc31 Loc31
Loc14 Loc14
Loc18 Loc18
Loc25 Loc25
