Shelf0 Puppy140 Drugs184 Toilet13 Drugs184 Toolbox146 Prints121 Toolbox146 Light30 Solar130 Allergies23 Solar130 Water135 Water90 Leash46 Cat15 Drugs39 Toilet191 Dog181 Dislike170 Dog181 Poop80 Websites193 Poop80 Fusion104 Solar71 Fusion104 Solar71 Cone185 Fusion34 Rollers14 BBQ36 Rollers14 Plus112 Ice50 Urine97 Solar160 Kitty89 Crab81 Kitty89 Puppy117 Ice165 Water38 Ice165 Water38 Clock61 Whale31 Monster175 Toolbox146 Shelf0
23
Shelf0 Shelf0
Water135 Crab83 Boat67 Robot93 Kitty194 Drugs39 Shelf40 Leash77 Laptop125 Allergies88 Ice9 Soap58 Towel154 Water135 Dislike12 Shoe174 Dislike143 Ice41 Soda119 Rollers95 Water29 Robot51 Poop150 Drugs195 Laptop19 Toolbox72 Hnads116 Nuclear18 Soap64 Soda197 Clock139 Dislike27 System156 Solar162 Allergies176 Plus78 Solar192 Book24 Shoe17 Book171 Shoes8 Hnads182 Website190 Websites4 System79 Kitty98
Clock61 Post158 Sink109 Settings75 Body55 Shower47 Puppy117 Whale126 Printer188 Clock2 Mail6 Flowers178 Poop76 Clock61 Cat187 Shower57
Puppy140 Dog168 Urine124 Mail22 Allergies103 Robot164 Toolbox153 Puppy140 Whale137 Ring82 Ring169 Male149 Android196 Whale114 Towel92 Comics107
Crab81 System183
Kitty89 Kitty89 Horse148
Toilet13 Toilet13
Drugs184 Monster73
BBQ36 BBQ36 Urine20
Rollers14 Rollers14 Nuclear35
Cat15 Cat15
Solar130 Solar130
Light30 Light30
Fusion34 Fusion34
Ice165 Ice165
Water38 Water38
Fusion104 Fusion104 Breakfast85
Solar71 Solar71 Plants118
Poop80 Poop80
Urine97 Urine97
Toolbox146 Toolbox146
Dog181 Dog181
Monster175 Monster175
