Horse0 Poop43 Shower11 Whale59 Ring45 Breakfast74 Horse0 Floppy64 Breakfast19 Poop43 Whale59 Printer53 Rollers18 Mail88 Rollers18 Post2 Ring97 Floppy63 Website29 Shelf25 Whale22 Bird82 Prints23 Ice30 Allergies4 Website29 Video31 Leash27 Monster39 Leash27 Monster39 Trees96 BBQ86 Trees96 Monster80 Water66 Toilet20 Ice10 Book41 Male84 Kitty14 Leash68 Monster80 Water66 Bird93 Shower15 Horse0
30
Breakfast19 Breakfast19 Soda57
Floppy64 Horse55
Horse0 Horse0
Breakfast74 Breakfast74
Ring45 Ring45
Whale59 Whale59
Shower11 Shower11 Settings5
BBQ86 BBQ86
Trees96 Monster71
Post2 Websites81 Websites17 Plus62 Dislike51 Rollers34 Shower15 Ice38 Comics49 Post61
Ring97 Running77 Solar58 Water52 Ring97 Cat13 Flowers98 Allergies3 Towel16 Towel35
Allergies4 Allergies4
Ice30 Ice30
Prints23 Prints23
Bird82 Bird82
Whale22 Whale22
Shelf25 Shelf25
Monster39 Monster39
Mail88 Mail88 Robot9
Rollers18 Towel37
Leash68 Leash68
Kitty14 Kitty14
Male84 Male84
Book41 Book41 Rollers48
Ice10 Ice10
Toilet20 Toilet20
Water66 Water66
Printer53 Printer53
Floppy63 Floppy63
Bird93 Bird93
