S F K 2 T 10 T 10 H 3 G 7 12 17 Q Q3 Q Q3 127 E3 J3 O3 J3 O3 70 K3 70 76 91 H3 96 H3 84 71 64 P3 64 P3 64 M3 78 M3 58 129 130 U3 N3 U3 130 73 X2 73 130 73 X2 R 16 11 Y 15 Y 5 Z 6 M 4 C D 24 D U N V N V 1 43 44 45 46 41 40 45 44 43 1 I 11 16 L2 M2 N2 T2 48 52 56 57 A2 63 A2 63 69 83 90 101 109 108 I3 D3 I3 107 C3 107 105 R3 T3 104 T3 104 I3 D3 X3 81 67 61 56 52 48 T2 N2 I2 D2 C2 B2 I 1 V N U D C B S
28
K A B C E F J K L M O W X
D D
10 H
T T P
V V
N N U
15 W2
Y Y Z
N2 I B2 C2 D2 E2 F2 G2 H2 I2 J2 K2 L2 M2 N2 O2 P2 Q2 R2 T2 U2 V2 Y2 Z2 A3 B3 X3 Y3 Z3
G G
Q Q
Q3 Q3
P3 P3
X2 X2 R
U3 U3
N3 N3 V3
K3 K3 F3
70 L3
M3 M3
C3 C3 W3
107 R3
A2 A2
J3 J3 E3
O3 O3 G3
H3 H3
D3 D3
I3 I3
T3 T3
