0 97 161 162 163 164 165 166 167 168 169 170 169 170 171 170 171 172 173 174 175 174 175 176 177 178 179 180 181 182 183 184 183 182 181 180 179 180 181 182 183 184 185 186 187 186 185 184 183 182 181 180 179 178 177 176 175 174 173 172 171 170 169 168 167 166 165 164 163 162 161 24 44 24 45 123 106 122 145 64 39 52 69 188 189 190 191 192 191 192 193 194 195 196 195 194 195 196 197 198 199 198 197 196 195 194 193 192 191 190 189 188 69 29 0
28
161 2 3 5 7 12 13 19 22 28 31 34 35 36 43 47 51 53 54 56 59 60 61 62 65 66 67 68 69 72 73 77 80 83 86 94 95 101 102 107 112 118 120 121 124 129 133 135 140 142 143 146 148 151 153 155 157 159 160 162 163 164 165 166 188 189 190
44 44
24 24
122 122
145 145
167 167
171 171 172
170 170
169 169 168
175 175
174 174 173
176 176
177 177
179 179 178
180 180
183 183
184 184 185
182 182
181 181
187 187
186 186
191 191
192 192
194 194 193
195 195
196 196 197
199 199
198 198
