hdpxs cihba wnelr cihba oxitr amfiz dwyai amfiz rchbw lmwpk cgjda lmwpk htkwy frhgc bsvth utdhx qsmkj vcwfj htkwy yqtob pjzqm ahnds pjzqm ahnds lrqft tgeks gstwp pytwh gstwp ayrgb rzvtg tuhfw btwzv armnk tkwle armnk gufvs mhekz gufvs kzwah mujil pihld aedvq xcvow qpbmc kzwah dpuzr sktfj pgtfb aqoyk evsbm lpudv yvbse pgqva maqho qbdwz aqoyk rdoqk syoxf hdpxs
36
lrqft mlibf sxdiu uiogl uklga tmwdy nqtru bdevm lnjxt zqjxb ohzfn wotiq ymcfp btwzv rjuxc dkjro xnpwq qckjp rlumh yazqf vgwoi dbjxw iyuas jhlus ebwcp bwknx ehqyk hwmzn wdquv ktzce
sktfj xlrzc drojn jcwpu joztf tndwl qhibx kscoz mtcsd rjdai zntkr oaeyh evtgj cxajk gdovn wcjeg vobqh qhvsb
qbdwz qbdwz wajol
maqho maqho
pgqva pgqva
yvbse yvbse
lpudv lpudv gdnim
evsbm evsbm
lmwpk lmwpk
tkwle tkwle
armnk armnk bkfuc
wnelr wnelr
cihba cihba osxbc
mhekz mhekz syoxv
gufvs gufvs kjihy
ayrgb fjdqi ayrgb yqfdk cxdes stflc osvgp zcjqx oewcd mhuad oxuqn tjake rzvtg ypdnb
qpbmc qpbmc wkbuf
xcvow xcvow
aedvq aedvq
pihld pihld
mujil mujil
kzwah kzwah
yqtob yqtob
vcwfj vcwfj
qsmkj qsmkj
utdhx utdhx
bsvth bsvth
frhgc frhgc
htkwy htkwy
ahnds ahnds cqsby
oxitr oxitr
amfiz amfiz
rchbw rchbw
pytwh pytwh
gstwp gstwp
syoxf syoxf
