hutmk ynfag gizud spuoi kcley ynfag aeomh csirk aeomh ejulp otirh ejulp efjns ijofp ywion ijvuq xeljy efjns bjyil yaxts ugyls omjfc dowbf zbawl rlfxc ablxw yaxts urlkt nqtby urlkt oscrv xintv mlfbi oscrv tiyfv lcghr tyuep xnysi cursl zsehb tiyfv zsehb qdzgs krhxf qdzgs uaicq axmwy aqzce tejxc uaicq artvi abupm artvi hutmk
33
tejxc tejxc
aqzce aqzce
axmwy axmwy
uaicq hopbn vmgxh
kcley vczkh ugamb
spuoi spuoi
gizud mzlsn
mlfbi mlfbi lsnhz
xintv xintv coubd
oscrv oscrv
xeljy xeljy misyc
ijvuq ijvuq
ywion ywion
ijofp ijofp
efjns bcrwj
zsehb zsehb
cursl cursl
xnysi xnysi
tyuep tyuep
lcghr lcghr yzaje
ablxw ablxw gxdqt
rlfxc rlfxc
zbawl lnfiu
dowbf dowbf
omjfc omjfc
ugyls ugyls
yaxts yaxts
otirh otirh
ejulp yiodb
urlkt urlkt
qdzgs qdzgs
aeomh aeomh
artvi artvi
