Aberdeen Reno Hampton Tuscaloosa Hampton Newburgh ChulaVista Racine Elkhart Pensacola Hampton Reno Hampton Hartford SanBernardino Hartford SanBernardino Hartford Miramar Norwalk Miramar Norwalk SaltLakeCity Chattanooga SaltLakeCity Chattanooga Henderson WestValleyCity Frederick SouthLyon Montgomery Gainesville Lewisville StPetersburg Henderson Riverside Murrieta Columbia GreenBay Columbia GreenBay McAllen Marina McAllen Marina Bremerton SanAntonio Aberdeen
20
Reno Reno Springdale
Pensacola Pensacola
Racine Racine
Newburgh Newburgh
Tuscaloosa Tuscaloosa Winston
Hampton Hampton Lowell
Chattanooga Chattanooga
SaltLakeCity SaltLakeCity SanAntonio
StPetersburg StPetersburg
Lewisville Lewisville
Gainesville Gainesville
Montgomery Montgomery
SouthLyon SouthLyon
Frederick Modesto
WestValleyCity WestValleyCity
Henderson Henderson Austin
Miramar Miramar
SanBernardino SanBernardino
GreenBay GreenBay
Marina Marina
