Hayward Asheville Durham Bloomington Durham Asheville Durham Asheville McHenry Springdale Corona Modesto Hampton RichmondCounty Hampton Modesto Corona Springdale McHenry Springdale Topeka Omaha Topeka Montgomery Topeka Omaha PuntaGorda Omaha Topeka Montgomery PembrokePines Bremerton DalyCity NewBedford Aurora Bakersfield Aurora Bakersfield Aurora SanJose SaintLouis NewOrleans Burbank NewOrleans Waco NewBedford York BelAir SaintLouis Downey Abilene Atlanta Sebastian Kennewick Sebastian Atlanta Abilene Atlanta Memphis Winston Hickory Winston Tucson Bradenton Huntsville Bradenton Huntsville Bradenton SaintPaul SimiValley SaintPaul AtlanticCity Rochester Montgomery ThousandOaks Asheville Hayward
27
PuntaGorda PuntaGorda LakeCharles
Topeka Topeka
Montgomery ThousandOaks SantaCruz
Omaha Omaha
Hickory Tyler PalmBay Tucson Barnstable Yonkers HuntingtonBeach Tampa Memphis Hickory Waterloo
BelAir BelAir Monroe
York York
NewBedford NewBedford
Waco Waco
Burbank Burbank Chicago
SaintLouis Harlingen
McHenry McHenry Torrance Newark
Springdale Springdale
Modesto Modesto
Hampton Hampton
RichmondCounty RichmondCounty Charlotte
Durham Durham Deltona
Asheville Asheville CedarRapids SantaClara
Abilene GrandRapids Downey
Atlanta Danbury Atlanta
Kennewick Kennewick NewYorkCity
Bradenton Bradenton
Huntsville Huntsville McAllen
Aurora Aurora
Bakersfield Bakersfield
Bloomington Bloomington
SaintPaul SaintPaul
