1efe0a ca77e1 9e3235 22c398 525361 1c3716 ae5d4a 98b7f9 940b78 526e97 e758e6 525361 fc6ab6 22f6f5 9fb27b d4f94d fc6ab6 a3ccd4 d1ae8e a3ccd4 aeb965 5b1cb0 640320 bd00fb 640320 bf356c 6d606b 73dcf4 efb6f6 ccf3af 1aedf0 6d606b 1cb432 ef6e8d 390b11 8216e5 390b11 9b8a2b a4f7ab 770b7a 9b8a2b a4f7ab 444533 a7b708 444533 a4f7ab 1efe0a
27
aeb965 75b2ff 909532 e17800 c0df7c 22b74c 6d8fd3 bb4650 e99176 444f08 ff448b
770b7a 770b7a 194181
a4f7ab a4f7ab
9b8a2b 76bb8e d36b6f
390b11 390b11
d1ae8e d1ae8e
a3ccd4 a3ccd4
1aedf0 1aedf0 363906
ccf3af ccf3af
efb6f6 efb6f6
73dcf4 8903f8
6d606b 6d606b
e758e6 e758e6
940b78 940b78
98b7f9 98b7f9
ae5d4a ae5d4a
1c3716 1c3716
525361 525361
9e3235 ab6081 8035d3 9e3235 bf7494 20ec85 de59c9 b9fcab 518f91 c845ed
d4f94d d4f94d
9fb27b 83454a
22f6f5 22f6f5
fc6ab6 fc6ab6 ef9cce
5b1cb0 5b1cb0
bd00fb bd00fb 3c1987
640320 640320 bf356c
444533 444533
