0 1 19 1 16 1 19 20 32 42 43 51 52 54 52 51 52 55 52 61 52 58 52 62 66 67 68 69 73 74 82 83 84 83 82 74 76 77 76 74 88 75 87 75 88 90 104 108 109 110 111 112 121 112 121 122 123 124 125 124 125 128 129 130 137 138 137 139 144 143 142 141 142 141 140 138 147 151 152 153 154 153 154 155 156 157 173 174 173 157 173 157 167 157 173 174 189 190 192 193 192 190 199 0
19
19 2 7 17 4 15 23 25 30 33 42 44 194 198
52 56
54 54 53
51 40 48
88 64 72 86 91 94 99 101 105 108
67 67
76 76
83 83
87 87
112 114 120
121 127
124 124
138 146 148
137 130 136
142 142
157 172 168 158 163
174 176 178 186 182
154 154
192 192
