0 65 194 111 90 93 24 71 24 156 37 124 49 37 152 9 152 3 198 3 198 73 142 59 73 66 40 142 176 66 160 13 160 13 197 150 43 42 95 61 113 61 113 26 54 26 11 136 132 118 81 139 97 15 105 11 165 52 16 146 187 180 102 196 133 0
30
40 40
66 66 55
73 73
59 59
142 142
187 173 164 79 80 1 135 179 110 50 147 140 119 91 108 123 138 21 96 101 87 158 111 104 178 31 145 184 83 17 60 187 27 163 36 12 67 68 10 157 34 151 172 141 7 39 62 75 130
42 6 18 35 193 42 171 150 22 38 161 168 95 162 56 30 5 25 189 109 89 155 23 144
198 198
9 9
152 152
105 105
15 15
139 129
118 118
132 122
136 136
11 11
160 160
16 16
71 71
24 24
26 26
49 49
124 124
37 156
61 61
93 93
102 102
194 194
196 196
