Soda A5 A9 B7 B5 C1 D3 B7 A9 A4 A3 A8 B5 B7 A9 A5 Soda C5 B2 E5 E6 E7 E6 E5 B2 E5 B3 C7 B2 C5 E3 B2 C5 Soda C2 D4 C2 Soda C2 D4 D7 C3 E1 D4 C2 Soda C9 A7 C10 B9 D9 D1 B8 A7 A1 A7 C9 Soda A C J I C A E Q U AG U Q E A B S Z AB Z Y Z S B A F M W AM AC AM W M F A D K AI AU AS AU AI T AJ T AJ AK AW AH AI K D A Soda
34
E1 E1
C3 C3
D7 D7
Soda C9 A5
A1 A1 D5
D1 D1
D9 D9
B9 B9
A7 A7
A3 A3
A9 A9
B7 B7
D3 D3
C1 C1
B5 B5
E3 E3
C5 C5
C7 C7
B3 B3
E5 E5 B1
E7 E7
I AF
J J
C P
Y AP N
AB AB H
AS AS
AU AU
AG AG
U Q
AC AC
AM AO
T T
AW AW
