a0 a80 a120 a32 a140 a163 a16 a80 a168 a153 a56 a159 a59 a102 a168 a51 a154 a77 a131 a124 a173 a88 a7 a51 a58 a78 a58 a31 a43 a79 a6 a79 a103 a185 a103 a104 a53 a98 a165 a104 a36 a47 a113 a192 a126 a192 a110 a155 a27 a155 a4 a63 a132 a63 a162 a128 a133 a83 a128 a50 a149 a111 a149 a0
41
a43 a178 a82 a22 a10 a107 a87 a45 a158 a29 a177 a3 a21 a145 a42 a96 a93 a99 a46 a130 a14 a43 a151 a49 a180 a94 a175 a156 a196 a134 a135 a28 a38 a33 a183 a142 a195 a41 a129 a144 a108 a8 a37 a68 a101
a126 a126
a192 a192 a25
a113 a172 a157 a17 a57 a60 a161 a44 a186 a121 a11 a198
a185 a185
a103 a103 a138
a6 a6
a79 a79
a7 a7
a88 a88
a173 a173
a124 a124
a131 a131
a77 a77
a154 a154
a16 a16
a163 a163
a140 a140
a32 a32
a120 a120
a80 a80
a165 a165 a75
a98 a98 a160
a53 a53
a104 a104
a27 a27
a155 a155
a31 a31
a50 a50
a102 a102
a59 a59
a159 a159
a56 a56
a153 a153 a55
a168 a168
a78 a78
a58 a58 a85
a63 a63
a83 a83
a133 a133
a149 a149
