SabrinaSiriPrince50 M7N2p aHwNY M7N2p V7iEC M7N2p aHwNY UBrR9 52PwN H8qqB 0kSSC Ms6jj plb6L UBrR9 aHwNY X8iWp duKKu YgbLl 5X0EW vmJdf Wutnl 5X0EW YgbLl 11x30 EZqNK WcEcU OSLHQ EZqNK 11x30 duKKu cRUJh SVxWg nbohZ d2ZYh nbohZ SVxWg DrLs7 9HL6t 4MOkB yJVF4 9HL6t DrLs7 cRUJh X8iWp SabrinaSiriPrince50
20
V7iEC V7iEC
M7N2p nannc nMJpi Bjd2k i3qsm cwf5o rFWcq
aHwNY aHwNY
plb6L plb6L
Ms6jj Ms6jj
0kSSC 0kSSC
H8qqB H8qqB
52PwN 52PwN
UBrR9 UBrR9
d2ZYh d2ZYh
nbohZ nbohZ
Wutnl Wutnl
vmJdf vmJdf
5X0EW 5X0EW
OSLHQ OSLHQ
WcEcU WcEcU
EZqNK EZqNK
yJVF4 yJVF4
4MOkB 4MOkB
9HL6t 9HL6t
