Austin Miguel Michael Gina Laura Mariah Natasha Michael David Hannah Peter Scott Peter Victoria Melinda Garrett Rachel Jamie Sara Victoria April Mark April Arthur Kari Monique Jennifer Jeanette Jennifer Brad Glenda Isabel Glenda Lauren Austin
19
Sara Sara
Jamie Jamie
Rachel Rachel
Garrett Garrett
Melinda Melinda
Victoria Victoria
Hannah Debra Hannah Patrick Daniel Edward Maxwell Danielle Elizabeth Sean Robin
Jeanette Jeanette
Jennifer Jennifer Walter John Joshua
Kari Elaine Eugene Melissa Kari Paige Amy Rhonda Ralph Alex Kyle Ashley
Natasha Natasha
Mariah Mariah
Gina Gina
Michael Michael
Monique Paul Robert Steven Dennis Juan Monique Jonathan Cassandra Jordan
Scott Scott
Peter Donald Janet
April April
Glenda Glenda
