Florges Bergmite Togetic Bewear Snorlax Celesteela Zoroark Zubat Florges Vespiquen Persian Furfrou Bayleef Furfrou Persian Cofagrigus Zweilous Girafarig Palkia Flaaffy Palkia Flaaffy Hakamoo Purrloin Delibird Purrloin Delibird Wailmer Delibird Cascoon Caterpie Tentacruel Chansey Regice Silcoon Pichu Dialga Caterpie Drapion Genesect Kricketot Genesect Cottonee Doublade Hitmonlee Sentret Cradily Tsareena Luxray Carracosta Doublade Hitmonlee Celebi Bidoof Celebi Heracross Celebi Cofagrigus Masquerain Florges
27
Zubat Zubat Manectric
Celesteela Celesteela
Snorlax Shaymin
Togetic Togetic
Bergmite Bergmite
Florges Stufful Weepinbell
Carracosta Carracosta
Tsareena Tsareena
Sentret Sentret
Hitmonlee Hitmonlee
Doublade Aurorus
Palkia Girafarig Yanmega
Flaaffy Omastar Zapdos
Wailmer Wailmer Primarina Wormadam
Delibird Cascoon Delibird
Purrloin Purrloin Poliwag
Hakamoo Cherrim Lillipup Volbeat Moltres Gastrodon Timburr Machoke Buzzwole Infernape Hakamoo
Kricketot Kricketot Dusknoir
Genesect Poliwrath
Bidoof Bidoof Piloswine Bouffalant
Celebi Celebi Ralts
Bayleef Bayleef Bisharp
Furfrou Persian Scolipede
Dialga Dialga
Pichu Pichu
Regice Regice
Tentacruel Tentacruel
