0 68 130 174 130 75 112 46 20 50 138 50 169 64 10 122 35 113 121 23 62 89 62 88 9 12 34 30 141 4 141 60 132 42 155 42 155 137 161 137 45 70 45 19 82 134 168 170 47 33 0
20
174 131 176 80 111 180 9 67 144 31 11 109 162 13 126 83 117 97 52 166 27 128 59 82 16 195 199 136 147 171 66 116 143 145 98 69 160 114 177 139 87 168 91 179 181 189 105 157 84 102 183 152 72 196 106 81 108 48 185 184 53 36 122 121 130 55 103 125 76 63 75 149 174 156 26 40 74 198 85 151 197 17
4 4
10 10
19 19
20 20
23 23
70 70
45 45
137 137
30 30
138 138
50 50
34 34
35 35
42 42
155 140
46 46
62 62
88 88
134 134
