74 72 74 72 80 75 172 171 176 171 172 102 105 109 102 18 15 19 20 19 18 169 163 169 182 185 182 121 122 130 122 126 121 141 142 141 38 31 37 32 34 32 37 31 38 46 2 6 8 6 2 151 159 156 152 156 159 151 63 69 62 66 62 66 61 67 61 63 118 113 112 113 118 192 193 196 193 192 75 77 72 74
18
169 148 86 50 77 146 135 47 167 52 81 54 25 96 31 199 55 41 191 28 197 116 179 89 11 137 161 26 39 14 192 131 57 30 128 37 151 76 139 165 166 111 114 13 178 2 136 118 175 104 172 164 73 70 58 85 36 189 23 168 174 83 180 145 88 141 59 153 38 35 46 157 16 53 29 99 119 169 198 82 140 75
8 8
6 6
19 19
32 32
61 61
62 62
66 66 68
69 69
74 74
80 80
113 113
122 122
126 126
142 142
156 156 160
163 163
185 185
