0 179 178 150 70 150 70 150 149 148 144 143 144 148 149 150 178 177 176 44 176 44 176 177 178 179 0 1 8 117 116 115 114 115 116 117 8 1 175 111 110 21 20 142 141 140 58 57 6 5 6 57 58 140 139 138 94 138 139 140 141 140 139 138 95 138 95 137 136 135 90 135 92 91 118 39 130 51 50 49 50 49 50 51 130 39 118 89 132 30 29 46 45 99 98 99 45 46 32 63 62 170 85 157 156 155 40 155 156 157 85 170 62 170 62 63 32 46 29 28 29 46 29 28 27 26 27 28 29 30 132 89 118 91 92 135 136 137 95 138 139 140 141 142 20 21 110 111 112 113 37 36 88 87 88 36 37 113 78 15 47 127 147 13 12 11 103 107 106 107 106 107 103 11 10 9 10 9 10 11 12 13 147 54 24 23 22 154 22 154 22 23 24 54 147 127 47 15 78 79 165 125 124 123 83 82 83 123 83 82 81 17 81 82 83 123 124 125 165 166 167 168 169 151 34 151 152 14 4 120 119 120 163 164 165 79 78 113 112 111 175 1 0
32
114 114
115 115 116
78 102 109 111 112 113 126 147 15 158 173 175 2 24 35 4 47 53 54 55 73 77 86
170 170 84
62 62 61 63
95 95 72
141 172 7
140 58
94 94 93
9 9
34 34
151 152
81 80 81
17 17 16
123 123 122
83 83
22 22
154 154 153
26 26 25
27 27
28 96
29 29 131
46 32 99
49 49
44 44
107 103
106 106 105
150 150 178
70 70 69
87 87
90 90
98 98
