Soda Guadeloupe Cabo Guadeloupe Estonia Hong Aruba Hong Colombia Burundi Colombia American Angola Ghana Angola Ghana French Honduras Burkina Guam Burkina Faroe Czech United Azerbaijan Faroe Cambodia Czech Fiji Bermuda Fiji Hungary Chad China British Bosnia Bouvet Iceland Canada Austria Cuba Chad Cuba Comoros Congo Comoros Egypt Finland Egypt Finland Cayman Virgin Cayman Honduras Hungary Soda
19
Austria Austria
Bouvet Bouvet
China China
Cambodia Cambodia
Azerbaijan Botswana
United United
Czech Czech Australia Belize
Aruba Aruba Central
Hong Denmark Antigua
Bermuda Bermuda
Fiji Fiji Argentina Cocos
Angola Angola
Egypt Egypt
Colombia Colombia
Guam Guam
Burkina Guyana
Comoros Comoros
Guadeloupe Guadeloupe
Cayman Cayman
