FleaBottom Bobbingbourne FleaBottom Bobbingbourne Tartarus UtgardMountain TheBoilingRock Batcave TheBoilingRock UtgardMountain TheBoilingRock Ademre Carvahall Aerodenn Carvahall Dagobah TheGreatDivide TheBurningPlains Olivanders RockofKuthian Urubaen Trebon SatishVille IronIslands TheGreatDivide HighGarden Vintas HighGarden Vintas HighGarden Yll MinistryofMagic Arkham MinistryofMagic Severen RockofKuthian FleaBottom
18
IronIslands ShriekingShack
SatishVille SatishVille Ebonfall
Trebon Trebon
Urubaen Urubaen
Olivanders Olivanders
TheBurningPlains TheBurningPlains
TheGreatDivide TheGreatDivide
Aerodenn Eggmanland
Carvahall Westopolis TheVale Accrington Coalwatch
HighGarden HighGarden
Vintas Vintas
Yll Yll
UtgardMountain UtgardMountain Glimthain
TheBoilingRock TheBoilingRock Ademre
Batcave Batcave GringottsBank
Bobbingbourne Bobbingbourne
Arkham Arkham
MinistryofMagic MinistryofMagic
