21 174 48 179 23 155 23 40 35 61 86 61 31 27 58 27 115 1 115 147 29 147 2 13 149 95 149 14 120 130 6 7 47 7 15 127 15 148 91 148 20 8 11 171 163 101 192 21
22
20 20 170 24 36 172 45 125 100 46 116 108 154 62 38 168 177 87 105 137 72 53
115 115
2 2 97 142 37 121 118 21 134 146 159 54
14 14 34 74 64 120 16 169 49 32 114 60
130 18 136 194 130 156 81 160 88 68
163 17 163 90 10 122 167 180 30 144 119 178 78 96 102 75 176
47 47
7 7
11 190 188 51 135 151 133 56 186 184 131 139 152 103 196
127 127
15 15 42
23 23
27 27
29 29
147 147 31
61 61
40 40
48 48
95 95
149 149
91 91
148 82
