s h84 l9 l41 h53 h85 h87 l41 h53 h80 h95 h80 h84 h80 h56 h74 h56 l40 h78 h93 l30 h64 l40 h78 l12 h51 h81 l2 h52 l48 h77 l12 h99 h83 h99 h98 l49 h94 h89 h88 h62 h82 h83 l31 l43 h63 h76 h92 l37 h70 l3 h66 h67 h57 h97 l3 h98 h96 h58 l30 s
33
h84 h84 h59
h80 h80
h95 h95 h86
h77 h77
h52 h52
h81 h81
h51 h51
h97 h97
h57 h57
h67 h67
h66 h66
l3 h70 h91
h76 h50 h54 h63 h65 h68 h69 h71 h75 h76 h79 h92
h64 h64
l30 h73
h93 h93
h78 h78
l40 h61
l41 h72
h87 h87
h85 h85
h53 h53 h58
h82 h82
h62 h62 h55
h88 h88
h89 h89
h94 h94
h98 h98
h99 h99
h83 h83
h74 h74 h90
h56 h56 h60
h96 h96
