node87 node96 node30 node12 node30 node95 node37 node25 node12 node39 node73 node39 node64 node6 node64 node59 node6 node19 node6 node60 node41 node56 node41 node56 node57 node4 node57 node76 node53 node17 node74 node97 node54 node76 node35 node45 node35 node45 node55 node48 node83 node99 node55 node27 node11 node96 node70 node8 node27 node33 node21 node14 node69 node14 node69 node94 node96 node87
31
node60 node47 node79 node86 node75 node85 node38 node31 node1 node60
node45 node45
node35 node35 node2
node57 node57
node19 node19 node5
node6 node6
node59 node59
node64 node64
node8 node8
node11 node11
node27 node27
node25 node25 node72
node37 node37
node95 node95
node12 node12
node56 node56
node14 node14 node42
node69 node69 node15
node54 node54
node97 node97
node74 node74
node17 node17
node53 node53
node76 node76 node23
node99 node99 node88
node83 node83
node48 node48
node55 node55
node73 node92
node39 node39 node93 node29
node94 node94
