node139 node108 node96 node22 node188 node180 node45 node58 node171 node130 node84 node130 node20 node85 node134 node99 node190 node144 node190 node131 node119 node109 node129 node109 node66 node41 node71 node70 node193 node185 node193 node72 node97 node126 node97 node29 node189 node13 node141 node65 node196 node65 node139
20
node96 node195 node60 node8 node114 node125 node184 node192 node107 node5 node158 node123 node181 node17 node49 node124 node3 node163 node10 node24 node191 node92 node33 node22 node152 node146 node182 node19 node154 node159 node47 node81 node48 node26 node149 node61 node12 node27 node167 node16 node96 node143 node102 node59 node1 node157 node94 node117 node51 node160 node71 node180 node57 node52 node54 node56 node116 node73
node129 node129 node55
node109 node109 node111
node85 node50 node100 node38 node30 node42 node134 node165 node85 node18 node169 node173
node20 node178 node53 node37 node20 node80 node98 node112 node200 node186 node162
node41 node41
node65 node65
node66 node66
node185 node185
node193 node86
node84 node84
node130 node130
node72 node72
node126 node126
node97 node97
node108 node108
node119 node119
node141 node141
node190 node190
node188 node188
