369 69b7 da4 221a 664e 1408e 960c 143f7 1eb1 9cde 69b7 13653 e7e4 13d25 13653 c933 a3b c933 39f9 2fbe 11439 2fbe 14ac9 ffc3 8bd1 132ea a047 121dd 14ac9 4434 110d 4434 5c13 28ec f21f 4b06 e47b 28ec c261 62e5 d005 14e32 b826 c261 62e5 3d62 dda9 3d62 b4bd 9975 b4bd 369
33
dda9 dda9
3d62 11b0b eeb6
b826 110d0
14e32 14e32
d005 d005 2c55
62e5 62e5
c261 c261
a3b a3b
c933 c933 139bc
9cde 9cde
1eb1 1eb1 3327
960c 960c
1408e 1408e
664e 664e
221a 221a
da4 da4
69b7 69b7
4434 4434
e47b e47b 51d8
4b06 4b06 1476
f21f 4e6f
121dd 121dd
a047 a047
132ea 132ea
8bd1 8bd1
ffc3 ffc3
14ac9 14ac9
39f9 d6d7 2583 da40 6d20 14760 d36e bb8f 10d67 84ff
2fbe 2fbe
13d25 13d25 128af
e7e4 e7e4 10695
13653 13653
b4bd b4bd
