507 648c 2604f 29295 1b05a 374d 1b05a 169f8 223fb 169f8 24225 1289d ec49 155dc 1e2a 1289d 82b6 32e6e 82b6 2472c 1790d 38df3 1790d 3012f 8cc4 2cee9 8cc4 2b0bf a0e0 36fc9 2a1aa 36fc9 2fc28 2d8f7 2fc28 150d5 4b69 2e80c 4b69 d326 d82d 388ec 18d29 d326 e742 2ddfe 30636 5577 14bce e742 28887 507
33
648c 26a5d 1ecae 164f1 27972 2c9e2 91cb 22902 16eff 2513a 2a6b1 23817 26f64 12396 356a6 648c
374d 374d 200ca
1b05a 3c54
3012f 27e79 146c7 15fea 22e09 214e6 3012f ba03 360b4 13cb9 3246 1ba68
2cee9 2cee9 28d8e
8cc4 8cc4 1dd99
29295 dd34 32460 2f21a 1923 9bd9 33375 1d892 2e305 78a8 24c33 20fdf 379d7 1f1b5 17e14 1056c 18822 19737 23d1e 6993 1ab53 c411 25b48 11988 2b5c6 11e8f
1e2a 1e2a
155dc 155dc
ec49 ec49
1289d aff5 4662
14bce 31a52
5577 5577
30636 30636
2ddfe 2ddfe
e742 e742
38df3 38df3
1790d 1790d 36ac2 3428a
4b69 4b69
18d29 18d29 1831b
388ec 388ec
d82d d82d
d326 d326
32e6e 32e6e
82b6 82b6
2b0bf 2b0bf 3387c 10065 1a64c 374d0 c918 23310 2bacd 1c97d
2d8f7 2d8f7
2fc28 2fc28 25641
150d5 150d5
169f8 169f8
36fc9 36fc9
2472c 2472c
2604f 2604f
