node0 node59 node83 node59 node81 node17 node67 node66 node67 node5 node99 node58 node63 node25 node98 node41 node64 node5 node71 node20 node71 node1 node28 node54 node28 node26 node78 node60 node96 node56 node51 node78 node53 node78 node75 node91 node82 node6 node55 node47 node74 node91 node50 node72 node86 node19 node52 node50 node23 node97 node31 node97 node74 node92 node0
34
node83 node83 node80
node59 node59 node93
node64 node64
node41 node84
node98 node98
node63 node63
node58 node58
node99 node99
node5 node65 node69
node52 node52 node94
node86 node86
node72 node72
node50 node50
node71 node71
node17 node57 node68 node73 node76 node77 node81 node85 node87 node88
node74 node74 node90 node95
node55 node55
node6 node79
node82 node82
node91 node91
node31 node89
node97 node97 node70
node53 node53
node78 node61 node78
node51 node51
node56 node56
node96 node96
node60 node60
node66 node66
node67 node67
node54 node54
node28 node62
node75 node75
node92 node92
