node0 node162 node157 node137 node183 node91 node108 node91 node108 node91 node99 node160 node99 node160 node70 node176 node59 node176 node59 node178 node194 node178 node8 node133 node122 node133 node180 node141 node180 node49 node179 node49 node179 node119 node114 node119 node75 node177 node155 node177 node155 node56 node36 node159 node152 node181 node36 node88 node85 node170 node150 node170 node87 node172 node190 node58 node77 node139 node113 node139 node65 node117 node103 node53 node191 node0
28
node53 node100 node101 node102 node103 node104 node105 node106 node107 node109 node110 node111 node112 node115 node118 node120 node121 node123 node124 node125 node126 node127 node128 node129 node130 node132 node134 node135 node136 node140 node143 node144 node145 node146 node147 node148 node149 node151 node153 node154 node156 node157 node161 node162 node164 node165 node166 node167 node168 node169 node173 node174 node175 node182 node183 node184 node185 node186 node187 node188 node189 node192 node193 node195 node196 node197 node198 node199
node113 node113
node139 node139
node114 node114
node119 node119 node138
node122 node122
node133 node133
node179 node179
node181 node181
node152 node152 node171
node159 node159
node36 node158
node176 node176
node141 node141
node180 node180
node150 node150
node170 node170 node131
node108 node108
node160 node160
node177 node177 node163
node155 node155 node142 node116
node117 node117
node137 node137
node172 node172
node194 node194
node178 node178
node190 node190
node191 node191
