0 29 0 79 0 80 81 82 83 84 85 86 87 88 89 90 91 92 91 92 93 94 95 96 95 96 97 98 99 100 99 100 101 102 103 104 105 104 105 106 107 108 107 108 109 110 111 112 111 112 113 114 115 114 115 116 117 118 117 118 119 80 0 8 4 43 4 8 0 1 28 1 19 3 13 17 32 17 32 17 13 3 19 1 12 26 120 121 122 123 124 125 126 127 128 129 128 129 128 127 126 125 124 123 122 121 120 26 12 1 0
21
0 1 2 3 4 5 6 7 8 9 10 11 12 13 14 15 16 18 19 20 21 22 23 24 25 26 27 30 31 33 34 35 36 37 38 39 40 41 42 44 45 46 47 48 49 50 51 52 53 54 55 56 57 58 59 60 61 62 63 64 65 66 67 68 69 70 71 72 73 74 75 76 77 78 80 82 84 86 88 90
17 17
32 32
28 28
29 29
43 43
79 79
92 92
94 94
96 96
99 98
100 100 102
104 104
105 106
108 108
112 112
111 110
114 114
115 116
118 118
129 129
