UMUCUTWAW TRJWMZRA CNINRTR ONFIHQJYT AWQOWSNYN GVNFQM YFKIFTRS ONFIHQJYT TOWQNXV TNKNMUFI JJAQQ JOWHZXTIA STQNQT UENPUJ IGVCE ZSHRTZVKO YNHRBC XWBHEYXJU TOWQNXV EGEASKKIE SUIOZK EGEASKKIE RDTQTJB FLBTTNRCC RDTQTJB PLYPQBTP ELILXSR BMHJAS ELILXSR WRQUJ VHHVQ VASGY ULFOLRB TNSRRJCDD XGGIUBVDN WRQUJ WEPDZ VHLSP ZLYFI TCXWZV DOWEYNN IZNSKNS VHLSP TIIHBMU MNWMWDXCQ UMUCUTWAW
28
YFKIFTRS YFKIFTRS
GVNFQM GVNFQM
AWQOWSNYN AWQOWSNYN
CNINRTR CNINRTR KUUVZB RRFKVFYKR TJFSEUB KAYADTT XJOXYWA GUDSRTKLA OMBFD QOHWG MNWMWDXCQ MWTSDF FVKLDY
PLYPQBTP CJLYWOAQ JVYIBRJ YPXLG MHXHJGEF ZPFHBWI CRSMUEPQG AOWYQNAYA DQOPCH USUVN VSMLVXSP PLYPQBTP
XGGIUBVDN XGGIUBVDN
TNSRRJCDD TNSRRJCDD
VASGY VASGY
VHHVQ VHHVQ
WRQUJ WRQUJ OIPVAKF
XWBHEYXJU XWBHEYXJU
YNHRBC YNHRBC
ZSHRTZVKO ZSHRTZVKO
UENPUJ UENPUJ
STQNQT STQNQT
JOWHZXTIA JOWHZXTIA
JJAQQ JJAQQ
TNKNMUFI TNKNMUFI
IZNSKNS IZNSKNS
DOWEYNN ZFMGDWP
TCXWZV TCXWZV
ZLYFI ZLYFI
VHLSP VHLSP
SUIOZK SUIOZK
EGEASKKIE EGEASKKIE
RDTQTJB RDTQTJB
ELILXSR ELILXSR
WEPDZ WEPDZ
