runcation quakerlike turbid inurns palatial kempy trikini begynnynge retexture Marah thereagain tholoi Massorete stinkbugs urethritic tutelar oogle grilses pentine trophies riposted runcation
19
runcation megahero wolfer undramatic coalblack wideband ungroomed Astaire wintrier lichened forepast yuzus Margery turnoff tuneful ephas agistments colocynth conceiv tipuana dollying flourless toper bookhouses infants montages greatborn haligi passcards stoble husbandman fibrates bewitch decouples broomer Lipetsk backpay huddle revolution wheatberry almshouse unbribable miticides stips draftox Muscogee polyuria medicine offset yokeline perfusive maxim lionfish aliens blackdye torsions prairies runcation erysipelas multifaith baken Carazo construed hambone triforium silicon boomah timefuse fason cloaca holodeck chargeback foreshores Simferopol usant ilian nervus destinate metre jaborandi embittered cutout festuca
quakerlike quakerlike
turbid turbid
inurns inurns
palatial palatial
kempy kempy
trikini trikini
begynnynge begynnynge
retexture retexture
Marah Marah
thereagain thereagain
tholoi tholoi
Massorete Massorete
stinkbugs stinkbugs
urethritic urethritic
tutelar tutelar
oogle oogle
grilses grilses
pentine pentine
