132 116 118 122 126 116 100 106 102 98 100 92 88 86 88 25 103 154 184 154 147 167 171 164 167 152 190 181 190 162 134 162 155 153 155 75 77 75 47 51 47 35 39 35 5 6 3 5 9 16 13 180 148 16 66 159 132
38
3 3 2
6 6 8
5 5
9 9
148 148 135
180 180
13 13 177
25 25 28 161 137 31 27 173 26 17 185
39 39 41
35 35 33
66 60 64 46 80 68 66 72 38 44 78 160 40 36 166 142 56 82 76 182 62
51 61
47 47 45
77 77
75 75 81
103 195 95 109 113 85 101 87 97 91 105
86 86 90
88 88 96
92 92
98 98
102 102 104
106 106 108
100 100
126 126 176
122 122
118 118
164 133
171 171
167 167 183
162 162
147 189 138 196 188 136 193 197 146 156 194 198 149
155 155
152 152
184 184
154 154
181 181
190 192
159 159
