Building99 Building98 Building19 Building22 Building20 Building15 Building18 Building16 Building21 Building22 Building20 Building21 Building4 Building8 Building5 Building1 Building5 Building8 Building5 Building8 Building6 Building28 Building23 Building32 Building38 Building29 Building41 Building39 Building41 Building29 Building31 Building30 Building31 Building29 Building38 Building32 Building23 Building26 Building79 Building77 Building79 Building26 Building28 Building23 Building24 Building26 Building79 Building77 Building76 Building55 Building74 Building60 Building59 Building57 Building59 Building60 Building55 Building74 Building60 Building46 Building58 Building46 Building52 Building67 Building53 Building71 Building67 Building48 Building50 Building51 Building61 Building63 Building67 Building63 Building49 Building47 Building49 Building47 Building45 Building85 Building89 Building94 Building83 Building96 Building85 Building93 Building89 Building90 Building91 Building90 Building89 Building98 Building99
35
Building5 Building5 Building7
Building8 Building8 Building0 Building9
Building24 Building25
Building23 Building23
Building28 Building28 Building6
Building77 Building81 Building76
Building26 Building26
Building22 Building92
Building21 Building21
Building16 Building16
Building18 Building18
Building20 Building20 Building12
Building30 Building42
Building31 Building33
Building39 Building39
Building41 Building41
Building63 Building63
Building61 Building61 Building43
Building51 Building51
Building50 Building50
Building67 Building67
Building71 Building71 Building44
Building53 Building53
Building55 Building55 Building69
Building57 Building57 Building68
Building74 Building74 Building62
Building47 Building47
Building49 Building49 Building66
Building52 Building52
Building91 Building91 Building88
Building93 Building93 Building97
Building85 Building85
Building96 Building96 Building82
Building83 Building83
Building94 Building94
