Building65 Building66 Building64 Building83 Building21 Building16 Building21 Building13 Building14 Building29 Building14 Building12 Building88 Building90 Building91 Building90 Building88 Building12 Building23 Building22 Building23 Building27 Building20 Building30 Building53 Building51 Building53 Building22 Building24 Building18 Building13 Building18 Building24 Building28 Building25 Building28 Building24 Building7 Building59 Building62 Building63 Building58 Building57 Building61 Building63 Building62 Building59 Building7 Building8 Building1 Building5 Building7 Building59 Building7 Building4 Building6 Building4 Building7 Building44 Building36 Building46 Building44 Building41 Building35 Building41 Building44 Building41 Building35 Building38 Building34 Building99 Building34 Building38 Building39 Building71 Building82 Building73 Building77 Building73 Building82 Building73 Building77 Building70 Building94 Building97 Building94 Building70 Building67 Building66 Building65
34
Building5 Building3
Building1 Building1
Building8 Building8
Building59 Building59
Building61 Building61
Building57 Building57
Building58 Building58
Building4 Building4
Building29 Building15
Building14 Building10
Building25 Building25 Building31
Building13 Building13 Building11
Building24 Building24 Building32
Building91 Building91 Building88
Building90 Building84
Building16 Building16
Building51 Building51 Building55 Building54
Building30 Building30 Building83
Building20 Building20
Building27 Building27
Building22 Building22
Building35 Building35 Building42
Building41 Building41
Building44 Building44 Building33
Building46 Building46
Building36 Building36
Building99 Building99 Building80
Building38 Building45 Building37
Building64 Building64
Building82 Building82 Building71
Building73 Building73
Building77 Building81 Building79 Building76
Building97 Building97 Building96
Building94 Building94 Building92
