TA0 TA1 TA2 TA3 TA4 TA3 TA4 TA5 TA4 TA3 TA51 TA50 TA51 TA50 TA49 TA48 TA47 TA46 TA45 TA44 TA45 TA46 TA45 TA44 TA43 TA42 TA41 TA40 TA39 TA38 TA37 TA36 TA35 TA34 TA33 TA32 TA33 TA34 TA35 TA36 TA37 TA38 TA39 TA38 TA37 TA36 TA35 TA34 TA33 TA32 TA31 TA160 TA159 TA158 TA156 TA155 TA156 TA155 TA154 TA153 TA152 TA151 TA150 TA149 TA148 TA149 TA148 TA147 TA146 TA168 TA167 TA166 TA165 TA164 TA165 TA164 TA163 TA162 TA19 TA20 TA21 TA20 TA19 TA18 TA105 TA120 TA121 TA122 TA123 TA124 TA125 TA126 TA127 TA126 TA125 TA124 TA123 TA122 TA121 TA120 TA105 TA104 TA103 TA102 TA101 TA102 TA103 TA104 TA105 TA106 TA105 TA104 TA103 TA102 TA101 TA100 TA99 TA98 TA99 TA100 TA101 TA102 TA103 TA104 TA105 TA120 TA119 TA118 TA117 TA116 TA115 TA114 TA113 TA112 TA111 TA110 TA109 TA110 TA111 TA112 TA113 TA114 TA115 TA116 TA117 TA118 TA119 TA120 TA121 TA122 TA123 TA124 TA123 TA122 TA121 TA120 TA105 TA106 TA92 TA91 TA90 TA91 TA92 TA93 TA87 TA93 TA87 TA86 TA85 TA84 TA83 TA84 TA83 TA82 TA81 TA80 TA173 TA174 TA175 TA176 TA177 TA178 TA179 TA178 TA177 TA176 TA175 TA174 TA173 TA172 TA171 TA170 TA169 TA170 TA171 TA172 TA173 TA174 TA175 TA12 TA11 TA10 TA9 TA10 TA11 TA184 TA11 TA10 TA11 TA65 TA66 TA67 TA68 TA67 TA66 TA65 TA64 TA65 TA66 TA134 TA135 TA136 TA137 TA138 TA139 TA138 TA137 TA136 TA135 TA134 TA133 TA134 TA135 TA136 TA71 TA72 TA73 TA74 TA73 TA74 TA73 TA179 TA180 TA181 TA182 TA181 TA182 TA191 TA190 TA191 TA192 TA191 TA190 TA189 TA188 TA189 TA190 TA191 TA192 TA193 TA194 TA195 TA196 TA197 TA198 TA199 TA0
62
TA5 TA5 TA7
TA3 TA3 TA2
TA184 TA184 TA185
TA9 TA9 TA8
TA21 TA19 TA20 TA22 TA17 TA24 TA23 TA26 TA16 TA25 TA15
TA39 TA39 TA41
TA37 TA37
TA33 TA33
TA32 TA32 TA31
TA34 TA34
TA35 TA35
TA46 TA46 TA47
TA44 TA44 TA43
TA50 TA50 TA49
TA51 TA51 TA54
TA64 TA64 TA63
TA65 TA65
TA68 TA68 TA70
TA67 TA67
TA66 TA66
TA73 TA73
TA74 TA74 TA75
TA84 TA84 TA85
TA83 TA83 TA80
TA93 TA94
TA87 TA88 TA86
TA90 TA90
TA91 TA92
TA98 TA98 TA95
TA99 TA99
TA103 TA103
TA106 TA106 TA107
TA124 TA124 TA126
TA122 TA122
TA116 TA116
TA114 TA114
TA109 TA109 TA108
TA119 TA119
TA127 TA127
TA133 TA133 TA131
TA134 TA134
TA135 TA135
TA139 TA139 TA141
TA137 TA137
TA136 TA136
TA148 TA148 TA147
TA149 TA149 TA151
TA155 TA155 TA154
TA156 TA158
TA165 TA165
TA169 TA169 TA167
TA171 TA171
TA175 TA175
TA178 TA178
TA179 TA179 TA180
TA182 TA182
TA181 TA181
TA188 TA188 TA187
TA189 TA189
TA191 TA191
TA192 TA192 TA195
TA190 TA190
