TA0 TA1 TA0 TA36 TA37 TA39 TA40 TA39 TA37 TA49 TA8 TA92 TA8 TA9 TA35 TA77 TA92 TA8 TA7 TA18 TA7 TA73 TA62 TA63 TA64 TA63 TA62 TA61 TA32 TA58 TA32 TA33 TA75 TA33 TA75 TA33 TA22 TA71 TA13 TA71 TA72 TA30 TA23 TA30 TA29 TA28 TA27 TA56 TA55 TA46 TA20 TA21 TA26 TA27 TA79 TA80 TA79 TA27 TA56 TA86 TA85 TA84 TA85 TA11 TA10 TA0
29
TA1 TA1 TA54
TA0 TA99 TA36
TA18 TA18 TA90
TA7 TA7 TA6 TA73
TA77 TA89
TA35 TA35
TA9 TA9
TA8 TA8 TA49
TA92 TA92
TA85 TA38 TA47 TA86 TA59 TA85 TA48 TA25 TA94 TA50 TA12 TA10
TA71 TA71
TA80 TA80 TA81
TA26 TA26
TA21 TA21
TA20 TA19
TA46 TA46
TA56 TA56
TA27 TA27 TA28
TA23 TA23 TA24
TA30 TA42
TA58 TA58
TA32 TA32 TA61
TA33 TA33
TA75 TA76
TA40 TA40
TA39 TA39
TA64 TA64
TA63 TA63 TA62
TA84 TA84
