AAA AAB AAC ABC ACC ACB ABB ABC ABD ACD ACC ACB ACA ADA BAA BAB BAC BAD BAC BAB BBB BCB BBB BBC BCC BCD BDD BCD BCC BCB BCA BDA CAA CAB CAC CBC CCC CCB CBB CBC CBD CCD CCC CCB CCA CDA DAA DAB DBB DBC DBB DBC DBD DAD DBD DCD DDD DDC DDB DDA EAA EAB EAC EBC ECC ECB EBB EBC EBD ECD ECC ECB ECA EDA FAA FAB FAC FBC FCC FCB FBB FBC FBD FCD FCC FCB FDB FDA GAA GAB GAC GBC GCC GCB GBB GBC GBD GCD GCC GDC GDB GDA HAA HAB HAC HBC HCC HCB HBB HBC HBD HCD HCC HCB HCA HDA IAA IAB IAC IBC ICC ICD IBD IBC IBB ICB ICC ICB ICA IDA JAA JAB JBB JCB JDB JCB JBB JBC JBD JCD JBD JBC JBB JBA JCA JDA KAA KAB KAC KBC KCC KCB KBB KBC KBD KCD KCC KCB KCA KDA LAA LAB LAC LBC LBB LBC LBD LCD LDD LCD LBD LAD LAC LAB LAA KDA KCA KBA KAA JDA JCA JBA JAA IDA ICA IBA IAA HDA HCA HBA HAA GDA GCA GBA GAA FDA FCA FBA FAA EDA ECA EBA EAA DDA DCA DBA DAA CDA CCA CBA CAA BDA BCA BBA BAA ADA ACA ABA AAA
58
ACD ACD ADD
ABD AAD
ABC ABC
ABB ABB
ACB ACB
BCB BCB
BBB BBB
BAD BAD
BAC BBC
BDD BDD
BCD BCD
CCD CCD CDD
CBD CAD
CBC CBC
CBB CBB
CCB CCB
DBC DBC
DBB DBB DCB
DAD DAD
DBD DCD
GCD GCD GDD
GBD GAD
GBC GBC
GBB GBB
GCB GCB
DDD DDD
ECD ECD EDD
EBD EAD
EBC EBC
EBB EBB
ECB ECB
FCD FCD FDD
FBD FAD
FBC FBC
FBB FBB
FCB FCB
HCD HCD HDD
HBD HAD
HBC HBC
HBB HBB
HCB HCB
ICB ICB JBB
IBB IBB
IBC IBC
IBD IAD
ICD ICD IDD
JCD JCD JDD
JBD JAD JBC
KCD KCD KDD
KBD KAD
KBC KBC
KBB KBB
KCB KCB
JCB JCB
LBB LBB LCB
LBC LBC LAD
LDD LDD
LCD LCD
