AAA AAB AAC ABC ACC ACB ABB ABC ABD ACD ACC ACB ACA ADA BAA BAB BAC BAD BBD BCD BBD BBC BBB BAB BBB BCB BDB BCB BCA BDA CAA CAB CBB CCB CDB CCB CBB CBC CBD CCD CBD CBC CBD CBC CBB CBA CCA CDA DAA DAB DAC DAD DBD DCD DBD DBC DBB DCB DBB DCB DCA DDA EAA EAB EBB ECB EBB ECB EBB EBC EBD ECD EBD EBC EBB EBA ECA EDA FAA FAB FAC FBC FCC FCB FBB FBC FBD FCD FCC FBC FAC FAB FAA EDA ECA EBA EAA DDA DCA DBA DAA CDA CCA CBA CAA BDA BCA BBA BAA ADA ACA ABA AAA
26
BBB BBB
ACD ACD ADD
ABD AAD
ABC ABC
ABB ABB
ACB ACB
BCD BCD BDD
BBD BAD BBC
BCB BCB
CBC CBC CBB
CBD CAD
CCD CCD CDD
CCB CCB
DCD DCD DDD
DBD DAD DBC
DBB DBB
DCB DCB
ECD ECD EDD
EBD EAD EBC
EBB EBB
ECB ECB
FCD FCD FDD
FBD FAD
FBC FBC
FBB FBB
FCB FCB
