Gastre Moyobamba Scottsdale Bosilovo Cocieri Juliaca Triesen Destrnik Scottsdale Woodinville Linxia Woodinville Scranton Benha Caen Derby Sholapur Daloa Kindu Scranton Maidenhead Woodlake Maidenhead Gwadar Charlestown Narva Allahabad Gwadar Forteau Elkin Coronel Muzaffarpur Kalgoorlie Winters Kalgoorlie Visby Luganville Baicheng Branson Channahon Punakha Dongola Kyrenia Visby Gastre
31
Maidenhead Maidenhead
Allahabad Allahabad
Narva Narva
Charlestown Charlestown
Gwadar Gwadar
Destrnik Destrnik
Triesen Triesen
Juliaca Juliaca
Cocieri Cocieri
Bosilovo Bosilovo
Scottsdale Scottsdale
Winters Winters
Kalgoorlie Kalgoorlie
Kindu Kindu
Daloa Daloa
Sholapur Sholapur
Derby Derby
Caen Caen
Benha Benha
Scranton Scranton
Coronel Malolos Coronel Bungoma Leo Taungoo Bell Clay Pingtung Neryungri Polatsk Cumming
Forteau Forteau Bovec Absecon Chepes Coatzacoalcos Tukchi Polevskoy Aasiaat Sambava Hope
Woodinville Woodinville
Kyrenia Kyrenia
Dongola Dongola
Punakha Punakha
Channahon Channahon
Branson Branson
Baicheng Baicheng
Luganville Luganville
Visby Visby
