Soda Location46 Location26 Location0 Location26 Location46 Location95 Location38 Location14 Location38 Location63 Location64 Location45 Location2 Location57 Location2 Location45 Location17 Location45 Location64 Location32 Location63 Location3 Location12 Location32 Location67 Location32 Location70 Location79 Location72 Location16 Location62 Location5 Location11 Location40 Location70 Location79 Location72 Location91 Location10 Location33 Location10 Location33 Location82 Location21 Location82 Location22 Location40 Location11 Location80 Location23 Location80 Location11 Location7 Location44 Location58 Location31 Location20 Location31 Location58 Location44 Location7 Location94 Location29 Location58 Location44 Location19 Location44 Location48 Location87 Soda
30
Location0 Location0
Location26 Location26 Location46
Location20 Location20 Location1
Location31 Location31
Location17 Location17 Location56 Location76
Location45 Location45 Location39
Location2 Location2
Location57 Location57 Location9
Location67 Location42
Location32 Location66 Location32
Location12 Location12
Location3 Location3
Location63 Location28
Location70 Location70 Location35
Location40 Location93
Location5 Location5
Location16 Location16
Location72 Location72 Location41
Location79 Location79
Location19 Location74
Location58 Location58 Location77
Location29 Location29
Location94 Location94
Location7 Location7
Location44 Location44
Location10 Location10
Location38 Location38
Location82 Location82
Location23 Location23
Location80 Location80
