xjbms fuume hwhxr fuume ocgbu iddrb ocgbu llwzk otdam beqlb lyixz nrtqp ydhop ybgaf vaeqh otdam tykrt kyaqs tykrt impuz itxfb bwgqu kymjg npvgp kymjg itxfb rlqrg yuayd usrtf rlqrg vlzjn czppi vlzjn vsiti nnnts bsuwt xeikc lfceh nnnts xvefe xjbms
29
usrtf usrtf rnrnh
yuayd hstmf deoux
rlqrg uegez
hwhxr hwhxr xjbms
fuume fuume lpolv
czppi czppi bthif
vlzjn psudb wnlug
kymjg wxnxi
npvgp npvgp fxnnl
bwgqu bwgqu lkzxl
itxfb itxfb
kyaqs kyaqs
tykrt tykrt
vaeqh vaeqh qkysn
ybgaf ybgaf
ydhop ydhop
nrtqp nrtqp
lyixz lyixz
beqlb beqlb
otdam ejwkt
lfceh lfceh uzzfw
xeikc xeikc
bsuwt bsuwt kvvqk
nnnts nnnts dzfkr
impuz akegy bqgqy fnhle impuz riwwe mrnvg yztko xecik mbzzn
iddrb iddrb
ocgbu ocgbu bicnj
llwzk llwzk
xvefe xvefe
