Soda Qqlqdxhzie Jnaceez Qqlqdxhzie Soda Eqtpmllrky Bjxy Soda Hfow Cyvexr Mvcjmf Xejpqgtkdas Swqguyhe Ncfr Cyvexr Vlgzfpnbc Cyvexr Mvcjmf Vevhjnfq Qwebscsrirm Vevhjnfq Slhe Xkegoqksfou Eankdxbivc Nqdl Myxxw Ppbp Slhe Iahhs Uqfqb Saglt Lyurrdtdw Nkqzgfasj Zcefzlovt Lhsmxzizl Saglt Uqfqb Saglt Vxbo Ibnxkznems Shwbk Prteefgv Shqm Prteefgv Fedxvznrqw Lwkzgtniodd Yyrymdkl Lwkzgtniodd Lxdhirt Lwkzgtniodd Lxdhirt Tbyuqkgtm Rxeuijsrpky Tbyuqkgtm Fvndgg Jnaceez Qqlqdxhzie Soda
28
Vlgzfpnbc Vlgzfpnbc Hoir
Cyvexr Cyvexr
Ncfr Ncfr
Swqguyhe Swqguyhe Padpmqkrh
Lwkzgtniodd Lwkzgtniodd Hbsc
Lxdhirt Xbpw
Ibnxkznems Zgvnjegpj Phjuuz Psynz Mzwrip Hfbml Xyqun Svdpn Ibnxkznems Fwerc
Rxeuijsrpky Rxeuijsrpky
Tbyuqkgtm Fmgwavgppb Vbibp
Saglt Rchfmjdesx Saglt
Lhsmxzizl Lhsmxzizl
Zcefzlovt Zcefzlovt
Nkqzgfasj Nkqzgfasj
Lyurrdtdw Lyurrdtdw
Uqfqb Uqfqb Usfucahrvrj
Bjxy Wyvuhfzpeh
Eqtpmllrky Eqtpmllrky
Jnaceez Jnaceez Tjqkxczzumv
Ppbp Fwmaudwdwa Fagweskgci
Myxxw Myxxw
Nqdl Nqdl
Xkegoqksfou Xkegoqksfou
Slhe Slhe
Yyrymdkl Yyrymdkl
Qwebscsrirm Qwebscsrirm Pliaph
Vevhjnfq Vvvqw Yxjvwhefqif
Shqm Zxrxvqvnm Lcia
Prteefgv Prteefgv Kslp Vbbopctjfsu Ugtgajtqmg
