144 11 158 28 19 120 133 144 47 11 96 51 187 141 119 51 37 113 110 114 112 88 132 44 114 132 3 105 3 40 62 22 13 62 139 8 139 152 92 95 75 8 121 127 49 64 93 128 7 121 136 117 136 45 142 45 142 45 41 76 131 76 131 42 87 52 87 170 27 86 21 78 21 164 144
42
136 136
142 142
170 14 24 43 53 66 67 70 74 83 90 104 106 107 108 122 124 130 147 156 157 159 165 169 170 174 183
3 3
78 78
21 21 126
119 119
141 141 18
187 187
51 51
7 7 99
128 128
93 93
64 64
49 49
127 127
75 75 39 188
95 95
92 92
152 152
139 79
8 8
47 47
133 133
120 120
19 19
28 28
158 158
11 11
13 13
22 16
62 62
76 76
131 131
42 42
44 44
132 132
88 88
112 112
114 114
87 87
110 110
