aa0 kd9 kd6 kd4 kd6 kd9 aa0 aa1 aa5 aa6 aa5 aa8 aa2 aa4 aa2 aa4 aa3 aa4 aa2 aa8 aa9 ab0 ab2 ab4 ab7 ab8 ab9 ac0 ac4 ac7 ac3 ac6 ac3 ac7 ac4 ac0 ab9 ab8 ab7 ab8 ab9 ac0 ac4 ac0 ab9 ab8 ab7 ab4 ab2 ab3 ab2 ab4 ab7 ab8 ab9 ac0 ac5 ac9 ad0 ad9 ad1 ad2 ad3 ad4 ad3 ad2 ad1 ad9 ga0 ga1 ga3 ga4 ga8 ga9 gb0 gb3 gb4 gb7 gb1 gb2 gb0 ga9 ga8 ga5 ga8 ga9 gb0 gb1 gb6 gb9 gc0 gc3 gc4 gc9 gc5 gc6 gc0 gc1 gc0 gc3 gc4 gc9 gd0 gd2 gd5 gd6 gd9 ka0 ka2 ka5 ka7 ka4 ka2 ka0 gd9 ka0 ka2 ka4 ka6 ka9 kb0 kb2 kb5 kb8 kb4 kb7 kb3 kb1 kb0 kb2 kb6 kb2 kb6 kb9 kc0 kc2 kc4 kc6 kc9 kc8 kc7 kc5 kc4 kc6 kc9 kd0 kd9 aa0
44
kd4 kd4 kd3
kd6 kd5 kd8
aa2 aa5
aa4 aa4 aa7
aa3 aa3
aa6 aa6
ab2 ab2
ab8 ab5 ab8
ab7 ab7 ab4
ac4 ac2
ac7 ac7
ac3 ac3
ac6 ac6 ac8
ad4 ad4
ad3 ad5 ad6 ad7 ad8
ga5 ga2 ga6
ga8 ga7
gb2 gb2
gb1 gb6
gb7 gb7
gb4 gb4
gb3 gb3
ga3 ga3
ga4 ga4
gc1 gc1 gc2
gc0 gc8
gc5 gc5
gc9 gd3
gc3 gc3
gd9 gd9 gd7 gd8 gd4
ka7 ka7 ka8
ka5 ka5
ka2 ka2
kb6 kb6 kc1
kb0 ka6
kb7 kb7
kb8 kb8
kb5 kb5
kb2 kb2
kc4 kc2
kc5 kc5
kc8 kc8
kc9 kd1
kc6 kc6
