71 37 91 37 91 37 60 4 89 86 52 39 3 39 52 86 18 86 18 27 73 79 31 79 31 41 88 20 74 20 88 41 84 81 95 21 95 81 84 43 30 36 2 36 30 25 99 43 30 25 99 6 32 55 93 77 93 55 93 77 58 66 58 77 58 66 62 45 94 65 9 65 9 57 98 57 70 57 98 34 98 57 70 42 67 47 67 42 70 53 92 53 44 60 37 71
25
65 65 96
9 0 26
43 38
99 7
30 30
2 2 33
36 36
3 13 87 49 35 15 94 11 28 39 61 29 54
37 60
91 64
74 74 19
88 88 41 5
66 66 45
77 77
55 55 6
18 18
86 59 78
47 47 10
67 85
21 21 50
95 95 84
34 24 69
70 70 42
79 79
53 53
