ffffff jj cccccccc lll nnnnnnn lll oooooooo iiii oooooooo bbbbb aaaaaaaa ddd aaaaaaaa e nnnn e pppppppp h pppppppp k jjjjj k ccccc vvvvv lllllll iiiiiii ccccc llllllll kkkkkkk iiiiiiii kkkkkkk ssss qq hhhhh qq m eeeeee m n ggggg bbbbbbb dd cccc d ttttttt sssss l bbbbbbb ff ffff v ffff wwwwww ee wwwwww ffffff
30
bbbbb mmmmmmmm yy ccccccc xxxxxxx bbbbbbbb sssssss qqq kkkkkk rrrrrr oooooo yyyyyyy sss
ssss ppppp ssss jjj wwwww ooooo s cc hhh pppp gggg cccccc
pppppppp pppppppp
jj x o uuu nnn kkkk xxx uu tt mmmm
ff mm zzz q tttt gggggggg bbbbbb eeee hhhhhhh kkkkkkkk ttttt aaa ssssss tttttt ggggggg hhhh jjjjjj eeeee qqqqqq
eeeeee eeeeee
m m
iiiiiii iiiiiii
lllllll lllllll
vvvvv vvvvv vvvvvv
ggggg ffffff xxxxx ll aaaa ggggg a uuuuuuu rrrrr fffff jjjj ffffffff dddd nnnnnn ii
llllllll b xxxx eeeeeee wwww uuuuuu llllll rr llllllll aa vvv
oooooooo oooooooo
e e
qq qq
l zzzzz
sssss sssss
ttttttt ttttttt
d d
cccc cccc
dd dd j
bbbbbbb bbbbbbb
iiiiiiii iiiiiiii
kkkkkkk aaaaaa
lll lll
ffff ffff
k k
aaaaaaaa aaaaaaaa
ee ee
wwwwww wwwwww
