f z llllll ssssss ss xxx qq m z uuuuu zzz uuuuu llllllll dddddddd a gg bbbbbbbb sss dddddddd qqqqqq w c xxxxxx uu p vvvv aaa qqqqqq hhhh ttttt hhhh pp mmmmmmmm q wwww jjjj aaaaa pp ggggg dddddd ggggg fffff qqqqqqq rrrrrr fffff nnnnnnnn iii d ggg nnnnnnnn s vv wwwwwww lllll ssss v s ffffffff ddddddd ffffffff f
45
v v
ssss ssss
lllll lllll
wwwwwww wwwwwww
vv vv
s s
m m
qq qq
xxx xxx f
ss ss
ssssss ssssss
llllll llllll
z z
ggg ggg
d nnnn
iii iii
aaaaa aaaaa
jjjj jjjj ff
wwww wwww
q q
mmmmmmmm rrrrrrrr
pp pp
sss sss
bbbbbbbb bbbbbbbb fffffff
gg eeee
a a
dddddddd dddddddd
aaa aaa
vvvv vvvv
p p
uu uu
xxxxxx xxxxxx
c c
w w
qqqqqq qqqqqq
ttttt ttttt
hhhh hhhh
zzz zzz
uuuuu uuuuu j
rrrrrr rrrrrr jjjjjjj
qqqqqqq qqqqqqq
fffff hhh
ggggg ggggg
llllllll llllllll
ffffffff ffffffff
