SusanneJohnBerrios JuanDebbieAllen ClaudiaDavidTaylor JuanDebbieAllen RubyLelandCollard BerthaThomasAlexande RubyLelandCollard JuliaLindaGordon TheresaDonaldZamudio JuliaLindaGordon SpencerCourtneyBroth JorgeHeatherSamuels HarryNeilFranklin DouglasRobertFerkovi AntonioGeraldBaker FernandoLindaWatson SpencerCourtneyBroth MattieBarbaraEkstrom StephanieAaronWalker RalphClydeMills LaquitaJohnBrunette MattieBarbaraEkstrom GarryDavidKingery MaryFrankieWomack StephanieAaronWalker GarryDavidKingery JuliaMollieHernandez DorothyDavidStromme RossCarolynColon SusanneJohnBerrios
18
JuliaLindaGordon JuliaLindaGordon
MaryFrankieWomack MaryFrankieWomack
GarryDavidKingery GarryDavidKingery
MattieBarbaraEkstrom MattieBarbaraEkstrom
LaquitaJohnBrunette LaquitaJohnBrunette
RalphClydeMills RalphClydeMills
StephanieAaronWalker StephanieAaronWalker
ClaudiaDavidTaylor ClaudiaDavidTaylor
JuanDebbieAllen JuanDebbieAllen DinahCatherineFaulkn MonteMonicaLum
RubyLelandCollard RubyLelandCollard
FernandoLindaWatson FernandoLindaWatson
AntonioGeraldBaker AntonioGeraldBaker
DouglasRobertFerkovi DouglasRobertFerkovi
HarryNeilFranklin HarryNeilFranklin
JorgeHeatherSamuels JorgeHeatherSamuels
SpencerCourtneyBroth SpencerCourtneyBroth DougHelenHornbeck
JuliaMollieHernandez JuliaMollieHernandez
DorothyDavidStromme DorothyDavidStromme
