dweidxeutk audojmtlep dweidxeutk xdhiumwdwn gpbaqafhdz cxrfqntbtm toeqvvzlae audojmtlep ienasnqnvt vpghbvlzxd xwsnmxufqy ienasnqnvt xwsnmxufqy auonnlthcz vteisghgld auonnlthcz afkxpktsxw htfyksgccp uqhdcumthr sjcwiapdwb drtcvphibq gmvwahagsy htfyksgccp iqbyvqgkcp mdwwftewyk iqbyvqgkcp gpghybacqh alsvefjqwa hjvmodgwdg xawomxeyut hjvmodgwdg ltjqdpdqwv wlzaatlgns lzsvglcvqa qmnmzrohyy lzsvglcvqa arrkheyths dfgysrnikx dlfzngcmgq okcwuqslme rqchbdjiqp ouzfljsksj nqdbgeypdu xtugynuehn tdtlnqnprm arrkheyths hhrqqsxmle ylgtgxhujb fxpsowceqq ulneltboej itouxsyevo fxpsowceqq cavyunvwuk kjgjbkdckc sjqdgtugly gvxfzzmwzk wfybmclpmp dllzvxpcgk cavyunvwuk vndbkokyhx cwexpxaktw zbgxyjmdnm siwbsyuwap ftrqchqaif pjsmzvnekz dweidxeutk
42
toeqvvzlae toeqvvzlae
cxrfqntbtm cxrfqntbtm
gpbaqafhdz gpbaqafhdz irtbznwvcu
xdhiumwdwn xdhiumwdwn
dweidxeutk dweidxeutk
audojmtlep audojmtlep
tdtlnqnprm tdtlnqnprm
xtugynuehn xtugynuehn
ouzfljsksj ouzfljsksj
rqchbdjiqp rqchbdjiqp
okcwuqslme okcwuqslme
dlfzngcmgq dlfzngcmgq
dfgysrnikx dfgysrnikx
arrkheyths arrkheyths
hjvmodgwdg hjvmodgwdg
ltjqdpdqwv dzzxropcld tofdobbbjt ctnsbezpjg tehmqpfdnn gyjkhdbyvm fuhtgylsov aihlvhrjir klbefaxnzg pgiiochubt zdiibealli bcwzxsuutq pphebmysxy xdmzjapanj jiowqcrqpz kufcwxmspu
xwsnmxufqy xwsnmxufqy
vpghbvlzxd vpghbvlzxd
ienasnqnvt ienasnqnvt cpdpvshtof
siwbsyuwap gkbqwvqnfu gqwhfeepal wqeazvzkdf vtquakjujf rzqbegeoni ivgiotlrrr siwbsyuwap cwexpxaktw hcvrravrik taoimnqdrr fxejnitkot rulcikswsa dldiwncohw hlimwiksjd lgpbgvlzpo nmshjtpxad nimybvgttg
afkxpktsxw efgyvzmusc cmelcyxenw akzsqllzsv elifcmozpf mnmjklgmnp wiwpekzeuz kgpqjqjrhc afkxpktsxw rlgdknlxmz
wlzaatlgns fwwnyjpwnp cowtuqqsll cnbqxrvlvl rqmdukqpbg tzpaywhybw depihfdmjk wlzaatlgns wwmcjuetgz lvqqznnzyn hpqsgalvar bqrcwxsyuw rwobvahhfa
gmvwahagsy gmvwahagsy
drtcvphibq drtcvphibq
sjcwiapdwb sjcwiapdwb
uqhdcumthr uqhdcumthr
htfyksgccp vqlbufoinm
dllzvxpcgk dllzvxpcgk
wfybmclpmp wfybmclpmp
gvxfzzmwzk gvxfzzmwzk
sjqdgtugly sjqdgtugly bxdnijtmyn
kjgjbkdckc kjgjbkdckc
cavyunvwuk cavyunvwuk
vteisghgld vteisghgld
auonnlthcz auonnlthcz naqyljkxxq
ftrqchqaif ftrqchqaif
itouxsyevo itouxsyevo
ulneltboej ulneltboej
fxpsowceqq fxpsowceqq qjjslhkvnr
lzsvglcvqa lzsvglcvqa
iqbyvqgkcp iqbyvqgkcp
zbgxyjmdnm zbgxyjmdnm
