qgyqjgwlbh fnlmocuczk njgjyqyhsv fnlmocuczk npffaineub bvwklxlwsa iznialmand npffaineub pmzgeauuov wegckoctcp ajjekwybql hnnlwliezo stxmhuffri lpopityrof hqvifzhbmo smlsmfgyxa pmzgeauuov hyficezvgi asnktvjywk hyficezvgi asnktvjywk bnfhxmjqzg tdqzbpmftq bnfhxmjqzg iyucjunvyn somaaudaxm sngqmldfxu cynraykzum hrbvyznkmd dzokhkbjld iyucjunvyn yfvfzingng aruweadnpf yfvfzingng wmeeitskjx sqlbmrxpwv bzcpozsody uyirsvqblu wmeeitskjx ahfilcjjhz xsgwbtaqye gdtsmzpvig xsgwbtaqye tvrzrioagg fdbzjhgcmh tvrzrioagg fdbzjhgcmh bdjhlansav cddppqxsmb qlieaqyzel gqulqjeire czgfnbovhq bdjhlansav qgyqjgwlbh
34
fnlmocuczk fnlmocuczk
aruweadnpf aruweadnpf
yfvfzingng yfvfzingng hpbkyqcejb
uyirsvqblu uyirsvqblu
bzcpozsody bzcpozsody
sqlbmrxpwv sqlbmrxpwv
wmeeitskjx wmeeitskjx djtmyhmwnn kgewtltijq
dzokhkbjld atkqvymdax vvurcgizpo
hrbvyznkmd hrbvyznkmd
cynraykzum cynraykzum
sngqmldfxu sngqmldfxu
somaaudaxm somaaudaxm
hyficezvgi hyficezvgi
smlsmfgyxa smlsmfgyxa
hqvifzhbmo hqvifzhbmo
lpopityrof lpopityrof
stxmhuffri stxmhuffri
hnnlwliezo hnnlwliezo
ajjekwybql ajjekwybql
wegckoctcp wegckoctcp
iznialmand iznialmand
bvwklxlwsa bvwklxlwsa
npffaineub npffaineub fwzkdpfinn
tdqzbpmftq tdqzbpmftq
bnfhxmjqzg bnfhxmjqzg feggaeevcb
ahfilcjjhz culutarzsm ntlhpzyidk xpcqolcpnf sgizgtdhhn lgwqodunqt kmwsevkfov sthbsdqlwm ysndikwwgh tjcamfqmxd
gdtsmzpvig gdtsmzpvig
xsgwbtaqye rzgfaqookt
tvrzrioagg tvrzrioagg
fdbzjhgcmh fdbzjhgcmh
czgfnbovhq czgfnbovhq
gqulqjeire gqulqjeire
qlieaqyzel qlieaqyzel
cddppqxsmb cddppqxsmb
