node0 node7 node8 node10 node11 node13 node8 node7 node14 node21 node28 node35 node36 node38 node36 node35 node42 node49 node50 node55 node50 node49 node56 node63 node64 node68 node64 node63 node70 node77 node78 node80 node78 node77 node84 node85 node87 node85 node84 node91 node92 node94 node95 node97 node92 node91 node98 node105 node112 node119 node120 node125 node120 node119 node112 node105 node106 node108 node106 node105 node112 node119 node126 node127 node126 node133 node140 node147 node148 node153 node148 node147 node154 node155 node159 node155 node154 node161 node162 node166 node162 node161 node168 node175 node177 node179 node177 node179 node177 node175 node182 node189 node190 node194 node193 node192 node193 node192 node193 node195 node190 node189 node0
19
node77 node3 node5 node6 node12 node17 node19 node20 node24 node26 node27 node31 node33 node34 node40 node41 node45 node47 node48 node52 node54 node59 node61 node62 node66 node69 node73 node75 node76 node82 node83 node89 node90 node96 node101 node103 node104 node110 node111 node115 node117 node118 node122 node124 node129 node131 node132 node136 node138 node139 node143 node145 node146 node150 node152 node157 node160 node164 node167 node171 node173 node174 node185 node187 node188
node10 node10
node13 node13
node38 node38
node55 node55
node68 node68
node80 node80
node87 node87
node94 node94
node97 node97
node108 node108
node125 node125
node153 node153
node159 node159
node166 node166
node179 node178 node180 node181
node192 node192
node194 node194
node195 node195
