Chelmbourne Edgwich Chelmbourne Stapwold Wenwang Edgchester Horncester Edgchester Bursted Staflow Rocktree Wenden Kingsbrook Wenden Kingsbrook Dartsted Clerethorne Dartsted Kingsbrook Southbrough Stapmoor Burchester Stapmoor Burchester Alfditch Aldport Prestey Enbage Flitham Shrivlow Maidenden Enlow Sudwich Prestey Brainbridge Southstoke Barngrove Bracklow Pemwood Sodside Barnham Alfcastle Egborne Cookton Hornley Barngrove Stapwell Alfby Leatherlow Sudgrove Southmere Sudgrove Leatherlow Alfby Stapwell Stafthorne Waltbrook Stafthorne Stapwell Alfby Leatherlow Sudgrove Southmere Elwood Hartgrove Shaftwich Chelmbourne
30
Edgwich Edgwich Staintree
Chelmbourne Shaftwich Casford
Hornley Hornley Durditch
Cookton Cookton
Egborne Egborne
Barnham Barnham
Sodside Sodside
Pemwood Pemwood
Bracklow Bracklow
Barngrove Prestdon
Sudwich Sudwich
Enlow Enlow
Maidenden Hartbage
Shrivlow Shrivlow
Flitham Flitham Kingsley
Enbage Enbage
Prestey Prestey
Stapwold Sudworth Elside Wenwang Aldhall Pemwold Egcastle Alfwell Whitavon Marlton
Clerethorne Barnside Stapthorne
Dartsted Dartsted Brainbridge
Stapmoor Stapmoor
Waltbrook Waltbrook Hurstworth
Stapwell Stapwell
Alfby Leatherlake Alfby
Southmere Southmere Stainhall Shrivside
Leatherlow Leatherlow
Wenden Wenden
Horncester Horncester
Edgchester Edgchester
Rocktree Whitborough Stainside Horndown Bursted Elgrove Wenborough Cookbridge Whitover Wyhead Staflow Cleredon Rocktree
