Soda Browning Soda Browning Soda Yolo Pardee Keeler Bristol Vermont Bret Yolo Bret Wildcat Hopkins Pardee Anne Arch Anne Bowditch Fresno Bowditch Vistamont Kentucky Forest Ajax Heinz Greenwood Marin Kentucky Marin Eunice Lewiston Eunice Lewiston Eunice Solano Addison Shasta Columbia Byron Addison Halkin Garber Colusa Garber Acacia Shasta Garber Bancroft Menlo Belrose Sport Cutter Bancroft Cutter Sport Alvarado Overlook Alvarado Overlook Mabel Spring Mabel Spring Mabel Terrace Jones Bret Yolo Soda
35
Acacia Domingo
Colusa Colusa Fulton
Halkin Florida
Addison Addison
Byron Byron
Columbia Columbia
Shasta Shasta
Marin Marin Madera High
Greenwood Greenwood
Heinz Heinz
Ajax Ajax
Forest Forest
Kentucky Haste
Eunice Eunice Allston
Lewiston Lewiston Edith
Arch Arch
Anne Anne Haviland
Fresno Fresno
Bowditch Bowditch Haskell Bataan
Cutter Cutter Muir
Sport Summit
Belrose Belrose
Menlo Menlo Burnett
Bancroft Bancroft
Bret Bret Poppy Kenilworth
Vermont Vermont
Bristol Bristol Hospital
Keeler Keeler
Pardee Pardee
Yolo Martin
Browning Browning
Mabel Mabel
Spring Spring Comstock Poplar
Overlook Overlook
Terrace Terrace
