FD EI EE CM HL BB DX FE AC BV AG GK DP DT DP BO GN BA GN CC CB EN CF DN ER DA EN HM FY HM DB BU CT CW ET GJ ET EL FP DC FP BE AZ BN AZ GA CL HG BW HO GB AR FD
23
HO DB GC FJ FO FR GK AV AX BZ HC EL FT FM BQ CW HP BF CU GS GZ GO HB FS BK FI HF AU AK EK GP AF DF CL AM EM EJ ES GD GR AW AJ CS CO AD BC DQ DI GX GQ DK EO EY DZ HD BM DH EX AT BG CI EW HR GF HO FP
AC DM DU DE BT HH CG CA BV FU CK
AG AG
BN BN
AZ AZ
BA BA
GN GN CC
BE BE
BO BO
FY FY EZ
HM FN EG
CB CB
DA DA
ER ER
DN DN
CF CF
EN EN FV
CT CT
DC DC
DP DP
EE EE
ET ET
GA GA
