Cleresmith Whitby Bothensborough Sodmersmith Chedlake Ketterwold Chedlake Sodmersmith Bothensborough Sodmersmith Chedlake Ketterwold Milditch Wydon Edgney Whitseyborough Todderworth Warrerbage Elcompshot Warrerbage Durblechester Dribbasborne Hanworth Sunderbrough Chillerlow Leatherglefield Chillerlow Leatherglefield Eggerrensling Hannerworth Waltcombe Dribbinggrove Waltcombe Dribbinggrove Cheddlesport Pendton Elfield Warblesdown Handlechester Wolvingrethorne Handlechester Wolvingrethorne Cammingbury Blanden Egwood Skelcastle Chipside Skelcastle Cannerrebeck Eggendhampton Ciside Eggendhampton Ciside Hartrenslow Enderavon Pemhampton Reddenwell Sirenbourne Reddenwell Suddlebrough Pendingstoke Stainsdenwold Reddentree Ashworth Stainsdenwold Ashworth Cannenringwell Elmsbrook Chilcompcester Cookborne Chilcompcester Hanscombe Watchmanshead Chippenden Camsdenden Rockhead Leathergrove Rockhead Bootworth Dribbingenborne Dribside Wendlemerford Hamditch Wendlemerford Dribside Dribbingenborne Bootworth Rockhead Camsdenden Chippenden Watchmanshead Hanscombe Chilcompcester Elmsbrook Cannenringwell Ashworth Stainsdenwold Pendingstoke Suddlebrough Reddenwell Pemhampton Enderavon Hartrenslow Ciside Cannerrebeck Skelcastle Egwood Blanden Cammingbury Wolvingrethorne Warblesdown Elfield Pendton Cheddlesport Dribbinggrove Waltcombe Hannerworth Eggerrensling Chillerlow Sunderbrough Hanworth Dribbasborne Durblechester Warrerbage Todderworth Whitseyborough Edgney Wydon Milditch Ketterwold Chedlake Sodmersmith Bothensborough Whitby Cleresmith
20
Bothensborough Chippingwood Warringwood
Ketterwold Ketterwold Milditch
Warrerbage Warrerbage Basfield Durblechester
Chillerlow Ellingey
Leatherglefield Eggerrensling
Waltcombe Hannerworth
Dribbinggrove Pendrenslake Elfield
Wolvingrethorne Soddenreey
Handlechester Warblesdown
Skelcastle Skelcastle
Ciside Cammenenwich
Eggendhampton Cannerrebeck
Reddenwell Reddenwell
Ashworth Elmsbrook
Reddentree Reddentree
Stainsdenwold Suddlebrough
Chilcompcester Chilcompcester
Rockhead Rockhead Shrivden Bootworth
Hamditch Wetley
Wendlemerford Ribney
