Wolney Horndleside Reddingringey Nortditch Sodditch Brombrough Hamwich Brombrough Sodditch Nortditch Reddingringey Nortditch Sodditch Brombrough Hamwich Rotsted Wendlethorne Ketthorne Southcompmere Bromwich Stapseyden Alfford Stapseyden Sistanwick Boothingtree Edgfield Hannensworth Watchsmith Endlesthorne Boothingwick Rockdenport Boothingwick Endlesthorne Boothingwick Rockdenport Hanbasside Bootherbersted Wendlerewick Dribbinglow Ribbendhead Toddlenell Blanavon Ennell Blanavon Ennell Wolden Horslake Brackavon Wycombe Sundlecombe Chedcastle Basserchester Chedcastle Sundlecombe Chedcastle Basserchester Cannell Basserchester Cannell Camsreborough Braindlemere Ellensbrough Eggermoor Cheddenwang Sudhead Wencester Windlesseywang Pendlesbascastle Windlesseywang Wencester Sudhead Pemsdown Wencester Windlesseywang Pendlesbascastle Endcastle Marlborne Endcastle Pendlesbascastle Endcastle Marlborne Pendlesford Whitborough Camhampton Emthorne Camhampton Emthorne Elmerdown Skelling Chilworth Wolbourne Handlemansey Wolbourne Braddlesreport Farnsmerbeck Marlringlake Hammingreport Camsmere Burglesbrook Soddlesbasbourne Braddleswick Sismith Clereshot Worringcompgrove Alddlesenbage Worringcompgrove Clereshot Worringcompgrove Alddlesenbage Horndlehampton Falrensavon Suddingney Hannerley Toddleborne Hannerley Toddleborne Kettenwell Sundlesborne Staindlemansavon Burringbrough Staindlemansavon Chilmermere Penswick Ketworth Ciringover Tippendside Aldlow Endleston Aldlow Cammertree Reddlebershot Candleseyney Elsmith Suddendwell Sudderbage Camsted Sirengrove Worglesmernell Sodham Durrenslow Flitcompwold Durrenslow Sodham Worglesmernell Shrivgrove Sodham Durrenslow Flitcompwold Sunsseybrook Camtree Sunsseybrook Flitcompwold Sunsseybrook Camtree Reddlesley Chippingchester Ribblesremoor Worrersted Ribblesremoor Worrersted Skellerbury Rothensden Wychringden Ensdown Chedwick Dribberbrough Melborne Dribberbrough Chedwick Ensdown Chedwick Dribberbrough Melborne Camling Sudderwick Shaftport Falbaswood Siringbrook Leatherberlake Skellingbaswold Skellingmansgrove Skellingbaswold Siringbrook Falbaswood Shaftport Sudderwick Camling Melborne Dribberbrough Chedwick Ensdown Wychringden Rothensden Skellerbury Ribblesremoor Chippingchester Reddlesley Camtree Sunsseybrook Flitcompwold Durrenslow Sodham Worglesmernell Sirengrove Camsted Sudderbage Elsmith Candleseyney Cammertree Aldlow Ciringover Ketworth Penswick Chilmermere Staindlemansavon Sundlesborne Kettenwell Toddleborne Suddingney Falrensavon Horndlehampton Alddlesenbage Worringcompgrove Clereshot Sismith Braddleswick Soddlesbasbourne Burglesbrook Camsmere Hammingreport Farnsmerbeck Braddlesreport Wolbourne Chilworth Skelling Elmerdown Camhampton Whitborough Pendlesford Marlborne Endcastle Pendlesbascastle Windlesseywang Wencester Sudhead Cheddenwang Eggermoor Ellensbrough Braindlemere Camsreborough Cannell Basserchester Chedcastle Sundlecombe Wycombe Brackavon Horslake Wolden Ennell Blanavon Toddlenell Ribbendhead Dribbinglow Wendlerewick Bootherbersted Hanbasside Rockdenport Boothingwick Endlesthorne Watchsmith Hannensworth Edgfield Boothingtree Sistanwick Stapseyden Bromwich Southcompmere Ketthorne Wendlethorne Rotsted Hamwich Brombrough Sodditch Nortditch Reddingringey Horndleside Wolney
32
Reddingringey Sodden Braindlemoor
Brombrough Brombrough
Hamwich Hamwich Chipcester
Stapseyden Stapseyden Reddingbourne Bromwich
Rockdenport Hampenlake Wendlerewick
Endlesthorne Endlesthorne Watchsmith
Ennell Wolden
Blanavon Egmanston Dribbinglow
Cannell Cannell Endingey
Basserchester Basserchester
Sundlecombe Meley Horslake
Marlborne Marlborne Pendlesford
Pendlesbascastle Cirercompsted
Sudhead Sudhead Cheddenwang
Emthorne Emthorne
Wolbourne Wolbourne Chilworth Burglesbrook
Marlringlake Marlringlake
Clereshot Hammermere Soddlesbasbourne
Alddlesenbage Alddlesenbage Horndlehampton
Hannerley Hannerley
Staindlemansavon Staindlemansavon Tiphampton Sundlesborne
Aldlow Aldlow Cammertree
Suddendwell Suddendwell
Camtree Camtree Reddlesley
Flitcompwold Bootbeck
Worglesmernell Worglesmernell Sirengrove
Worrersted Worrersted
Melborne Emsbrook Sudderwick
Ensdown Ensdown Wychringden
Skellingmansgrove Elringlow Chilhall
Leatherberlake Leatherberlake
Siringbrook Shaftport
