Warfield Chilbury Hammenshead Ciditch Hammenshead Chilbury Hammenshead Ketsmith Pendingbrook Suddlecastle Pendingbrook Suddlecastle Pendingbrook Ketsmith Ashfield Horndlecompside Ashfield Suddlecombe Ashfield Sundlerensford Worberbrook Sundlerensford Worberbrook Dartseyworth Worhall Todtree Cannerthorne Chedderrenswich Cannerthorne Soddlewick Falport Pendlewood Faldinghead Hamsling Hannenmanswick Hamsey Faldingney Falport Burglebrough Chedtree Burglebrough Sudsmith Burglebrough Chedtree Siringwang Chedtree Burglebrough Elcompbridge Southbasport Elcompbridge Cammerrensmoor Wyborne Cammerrensmoor Wyborne Burcombe Abberhampton Sunswood Blandlebage Ashborne Tipwick Cannerthorne Warfield
24
Hannenmanswick Hannenmanswick Ashborne
Hamsling Hamsling
Pendlewood Pendlewood Horstlescompstoke
Falport Falport Botherseyworth
Chilbury Chilbury Warfield Brackcompwang
Hammenshead Cicombe
Ciditch Stainbrough Northall
Siringwang Siringwang Whitchester
Chedtree Suddleover Chedtree
Sudsmith Sudsmith Elmansham
Burglebrough Burglebrough
Worhall Dribbingworth Hammerringey Skelling Todtree Chelmstanwell Leatherbleside Worhall Skellingden Barndberbrough Windling Millendon
Pendingbrook Pendingbrook
Suddlecastle Suddlecastle
Suddlecombe Suddlecombe Ellingreham Basringney Chippingsted
Ashfield Ashfield Ketport
Horndlecompside Bastleseyham
Wyborne Wyborne Cambingstoke
Cammerrensmoor Cammerrensmoor Suddleborne
Chedderrenswich Chedderrenswich
Cannerthorne Tipwick Soddlewick
Worberbrook Worberbrook
Southbasport Southbasport
Elcompbridge Chiphead
