0 16 32 16 0 15 31 47 63 48 33 17 2 1 0 15 30 45 31 45 60 75 76 77 76 75 90 75 76 77 78 79 94 93 77 78 79 80 81 82 81 80 95 80 65 50 36 50 36 50 65 64 62 48 49 48 33 18 19 4 5 20 5 4 19 4 5 6 7 22 38 53 54 40 25 10 9 8 23 38 53 68 53 54 40 25 10 11 12 13 12 27 43 58 59 74 72 71 56 41 57 73 58 59 89 104 89 59 74 72 71 70 85 100 85 100 85 84 83 82 81 80 79 94 93 108 123 108 123 108 92 91 107 122 106 121 106 120 106 90 75 60 45 30 15 0
43
45 45
30 30
15 15
0 0
2 3
63 63
47 47
31 31 46
19 18 34
5 5 7
20 20 35
68 68 52
23 23
8 8
10 10
25 25
40 40
13 13
12 28
50 50
36 36 51
104 103 119
73 73
57 57
41 41 55
56 56
71 71
93 93
94 109
78 78
75 75
90 90 105
76 76
95 95 110 111
82 83 98
80 80
85 85 70 88
100 100 115 116
108 108
123 124
121 121
106 106 122
120 120
