0 49 0 49 21 102 108 102 108 41 124 139 183 139 63 126 111 51 150 69 112 71 64 58 105 181 176 86 34 94 39 151 39 8 166 148 12 10 100 10 59 60 83 60 104 97 36 97 36 73 184 0
19
49 49
111 173 179 75 160 6 103 156 25 14 17 116 178 64 185 109 48 32 196 121 89 24 91 28 111 186 133 182 180 120 194 9 65 159 138 4 42 193 106 175 22 67 44 98 81 125 77 157 18 87 51 130 70 197 20 117 137 38 78 85 96 134 128 19 31 155 168 149 170 63 27 50 119 145 79 74 47 95 146 163 199 99
151 151
39 39 26
100 100
10 10
12 12
36 36
58 58
69 69
83 83
102 102
108 108
104 104
139 139
126 126
166 166
176 176
184 184
