location0 location48 location0 location48 location79 location31 location88 location31 location37 location19 location71 location19 location22 location10 location36 location10 location89 location24 location4 location24 location27 location3 location27 location53 location2 location38 location86 location40 location64 location12 location9 location30 location35 location53 location63 location17 location50 location97 location33 location84 location5 location61 location44 location63 location23 location65 location1 location29 location14 location37 location79 location25 location58 location1 location58 location45 location50 location17 location0
31
location0 location47
location48 location48 location18
location25 location25
location37 location37
location14 location14
location29 location29
location1 location1 location11
location35 location35
location30 location30
location9 location9
location12 location12
location40 location40
location38 location38
location2 location2
location3 location3
location27 location27 location16
location4 location4
location24 location24 location7
location44 location44
location5 location5
location33 location33 location28
location50 location50
location17 location17
location22 location6 location21 location22 location26 location34 location39 location41 location42 location43 location46 location49
location36 location36
location10 location10 location8 location20 location32
location88 location13
location31 location31 location15
location19 location19
location23 location23
location45 location45
