SantaClarita Carrollton Huntsville Thornton Beaumont Thornton Huntsville Shreveport Victorville Thornton Yonkers Memphis Yonkers Memphis Modesto Independence Fayetteville Irvine Scottsdale SiouxFalls Independence OverlandPark Alexandria Worcester Alexandria Milwaukee LosAngeles OklahomaCity StPetersburg Newark Lafayette Brownsville Orlando LosAngeles Cary Tempe Lancaster Surprise Sunnyvale Visalia Portland Washington WestValleyCity Surprise Torrance Hartford Boston Ontario Hartford Indianapolis Stockton Pomona Allentown Peoria Wichita LexingtonFa Frisco PembrokePines Austin Indianapolis Austin FortCollins Reno FortCollins Chandler Paterson Chandler Paterson SanDiego Waco SanDiego Waco SanDiego StLouis SanDiego Lubbock Carrollton SantaClarita
41
Orlando Orlando
Brownsville Brownsville RanchoCucamonga
Lafayette Lafayette
Newark Newark
StPetersburg StPetersburg
OklahomaCity OklahomaCity
LosAngeles LosAngeles
Worcester Worcester Garland
Alexandria Alexandria Bellevue
Yonkers Yonkers
Ontario Ontario Omaha
Boston Boston
Hartford Hartford LongBeach LouisvilleJefferson
Victorville Victorville GardenGrove
Shreveport Shreveport
Huntsville Huntsville
Thornton Midland
Beaumont Beaumont NewportNews
WestValleyCity WestValleyCity
Washington Washington
Portland Henderson
Visalia Visalia
Sunnyvale Sunnyvale
Surprise Surprise
Reno Concord Carrollton
FortCollins Stamford
Austin Austin
PembrokePines PembrokePines
LexingtonFa LexingtonFa
Wichita Wichita
Allentown Allentown
Pomona Pomona
Stockton Stockton
Indianapolis Indianapolis
SiouxFalls SiouxFalls
Scottsdale Scottsdale
Fayetteville Fayetteville
Independence Independence
Waco Waco
Paterson Paterson
StLouis StLouis
