Plano SantaClara Irving Amarillo Cary Riverside Rockford SantaClara Pasadena Pittsburgh MorenoValley Norman Sunnyvale Pasadena Rochester SanFrancisco Warren MorenoValley Montgomery Memphis Mesa Memphis Mesa Denver Ontario WestValleyCity Vallejo WestValleyCity Vallejo Jackson AnnArbor StLouis Jackson Thornton StPetersburg Domination Knoxville Madison SanBernardino Knoxville Brownsville Knoxville SantaClarita Spokane Pomona Spokane ChulaVista SanAntonio NewHaven Davidson Salinas Yonkers Raleigh Glendale Houston SanAntonio GrandPrairie McAllen GrandPrairie Hialeah SantaRosa Tulsa LouisvilleJefferson Tulsa Reno Norfolk Reno Norfolk Reno LosAngeles Elizabeth JerseyCity Pikachu JerseyCity Fayetteville Huntsville ElkGrove Huntsville Seattle Providence VirginiaBeach SanFrancisco SantaClara Plano
45
Denver Omaha Beaumont Wichita Atlanta Oxnard Hayward Denver Vancouver Waco
Warren Warren
SanFrancisco SanFrancisco
Rochester OklahomaCity
Pasadena Pasadena
Sunnyvale Sunnyvale
Norman Norman
MorenoValley MorenoValley
StPetersburg Cincinnati Mesquite LasVegas Hartford Dallas Hampton LittleRock Surprise Greensboro Anchorage Thornton Miami AugustaRichmond SimiValley Olathe NewOrleans HuntingtonBeach Mobile Irvine Worcester
LosAngeles Hollywood Anaheim SanJose Elizabeth Lancaster Escondido Torrance Lincoln Glasses Lafayette Akron
Pomona Pomona
Spokane CorpusChristi
StLouis StLouis
AnnArbor AnnArbor FortLauderdale
Jackson Garland
Rockford Rockford
Riverside Riverside
Cary Cary
Irving Irving
SantaClara SantaClara
Mesa Mesa OWO
Memphis Memphis Charleston Montgomery
Brownsville Brownsville Corona
Knoxville Knoxville
SanBernardino SanBernardino
Madison Madison Fremont
Houston Houston
Glendale Glendale
Raleigh Raleigh
Salinas Salinas GardenGrove
Davidson Davidson
NewHaven NewHaven
SanAntonio SanAntonio
SantaClarita SantaClarita
SantaRosa FortCollins Stamford Killeen SantaRosa Tampa Portland SiouxFalls Allentown Chicago Denton ThousandOaks Laredo
McAllen McAllen
GrandPrairie GrandPrairie
Pikachu Pikachu
JerseyCity JerseyCity
LouisvilleJefferson LouisvilleJefferson
Tulsa Tulsa
Ontario Ontario
Norfolk Norfolk
Vallejo Vallejo
Huntsville Huntsville
