vLeODpVlYSBeYNDYoXha biqCAetglYuANrTRzMiX DDEuYWXXufMefzDjgEFm CfkBzkPETvagyIDCsLTD oCvaAQKOXXWgeSNnUmae OVoYVQPnlYoZBBKtyuLk oCvaAQKOXXWgeSNnUmae CfkBzkPETvagyIDCsLTD DDEuYWXXufMefzDjgEFm biqCAetglYuANrTRzMiX LGqbVTsFMANIedVHAALW WCCOEUYmDvzZlrkDAqoi LGqbVTsFMANIedVHAALW biqCAetglYuANrTRzMiX pdXCnKagnvEntNTuPHdK zxeoSbTqbWPpSzalAtBI MlwlINEFqmyzZNPXRLJF zxeoSbTqbWPpSzalAtBI MlwlINEFqmyzZNPXRLJF TCAkluAESUWAMGFeNcGN FqdjKgdpEanmCnmxJMFA gzxzakmqbxbsOczuQVLG FqdjKgdpEanmCnmxJMFA fPxvnMVMFwhJbNBURdgD vGdJmIpYPUGRspXiVLdc sBkAYRISjTYinLFSNcKW ajvbaFpYiEBJySPsSLaI FqdjKgdpEanmCnmxJMFA ajvbaFpYiEBJySPsSLaI DqUxIMslnixWfmkjQTmS wRjMmrpRuknxqunJrMAE DqUxIMslnixWfmkjQTmS wRjMmrpRuknxqunJrMAE TwgqMzgExFHTIfcwfBnr cZgmtoPGHxdozTaDMiyf DWWCMAjZQQIEKOIiHFQN cZgmtoPGHxdozTaDMiyf TwgqMzgExFHTIfcwfBnr AdXveYSBaneNwCQzrdSw ruLqpYqEzGGiKysvsarb WWpSpmTaSazKGIcNlBvp ubTtmhAXQixwuFvQluYa LeLGVrNGvkwLbzIWTNFP ASXwCgVTXDdhSXJwFovC FEqXJcVrZfnSsHEUPhnl QkAjrUUuVdzSMnlfJLcO AdXveYSBaneNwCQzrdSw gMqbbwopmbxmOomqZjfm gIttwvzcgONwFblnGIqq gMqbbwopmbxmOomqZjfm CmbFyJmcvVqyCmJgQxeI fHcdXnOxSadpKeCUwNYm NAHeKyyhAObyyUEUSkSU gMqbbwopmbxmOomqZjfm gIttwvzcgONwFblnGIqq klkbOWCZrzPBFVDxhNbj VhDSPHxolLkNxxDnpUyx PLDOWRIeaCSVLMyDadzC VhDSPHxolLkNxxDnpUyx mevvwcZLudaokctOWvKe iBYHAWUhqeQPjphQzpdN jzQJaGLLiuQLhhyqBagr UAwuKFcUHFyvaFCTLpOT FcEsyaTmqpoyvbDrHjlc mevvwcZLudaokctOWvKe mlipOrSnGcxXtoXBbRyl mevvwcZLudaokctOWvKe mlipOrSnGcxXtoXBbRyl iDucfyZGMCbCQbXjbQqM mlipOrSnGcxXtoXBbRyl LOMgYipCQQXQnRqEqRwO qbmGewAditsWkTFHdxjP cvlwIwajcIlbhZbyFgmq qbmGewAditsWkTFHdxjP EWpsBSEfAOWAjikCpvhc sdSgCnaZeeOuPKljZOSr sXfgLMwoysnMazVSWnhc sdSgCnaZeeOuPKljZOSr EWpsBSEfAOWAjikCpvhc vLeODpVlYSBeYNDYoXha
34
WCCOEUYmDvzZlrkDAqoi WCCOEUYmDvzZlrkDAqoi xQaDpDGAXhDYzSMnMWvb
CfkBzkPETvagyIDCsLTD CfkBzkPETvagyIDCsLTD
OVoYVQPnlYoZBBKtyuLk OVoYVQPnlYoZBBKtyuLk CPszTohYUHARNedzFlDK
NAHeKyyhAObyyUEUSkSU NAHeKyyhAObyyUEUSkSU
fHcdXnOxSadpKeCUwNYm fHcdXnOxSadpKeCUwNYm fvEcAuRDdfuHEPLNpaTz
CmbFyJmcvVqyCmJgQxeI CmbFyJmcvVqyCmJgQxeI
gMqbbwopmbxmOomqZjfm UgFPXEAdAfcfHGIbNTsq aCucdhmWbhlrgfstQigR gMqbbwopmbxmOomqZjfm
gIttwvzcgONwFblnGIqq gIttwvzcgONwFblnGIqq
QkAjrUUuVdzSMnlfJLcO QkAjrUUuVdzSMnlfJLcO NciLXNPTvMoXdbTDZmlg
ASXwCgVTXDdhSXJwFovC ASXwCgVTXDdhSXJwFovC
ubTtmhAXQixwuFvQluYa RjKEHTlRvtaVBbyqZVAw
ruLqpYqEzGGiKysvsarb ruLqpYqEzGGiKysvsarb ybrQlUhznqOhsvndWAbl
AdXveYSBaneNwCQzrdSw AdXveYSBaneNwCQzrdSw
cvlwIwajcIlbhZbyFgmq cvlwIwajcIlbhZbyFgmq
qbmGewAditsWkTFHdxjP QQSjCkgLAWAPObYQvNsB
mlipOrSnGcxXtoXBbRyl mlipOrSnGcxXtoXBbRyl NVEtShKeuxpaFIOiyVqE
FcEsyaTmqpoyvbDrHjlc FcEsyaTmqpoyvbDrHjlc
UAwuKFcUHFyvaFCTLpOT BXzACdzjLITNgbmDPlEu
jzQJaGLLiuQLhhyqBagr jzQJaGLLiuQLhhyqBagr
iBYHAWUhqeQPjphQzpdN iBYHAWUhqeQPjphQzpdN
MlwlINEFqmyzZNPXRLJF MlwlINEFqmyzZNPXRLJF tVzUgXVoBYxBMnkkwFmk
zxeoSbTqbWPpSzalAtBI zxeoSbTqbWPpSzalAtBI uyPyJzKFqWxgSNmpkDrB pdXCnKagnvEntNTuPHdK dyUDfEGgAoSshTRjMZZg
ajvbaFpYiEBJySPsSLaI fToHwimUqLsKcKLZHiUX
sBkAYRISjTYinLFSNcKW sBkAYRISjTYinLFSNcKW
fPxvnMVMFwhJbNBURdgD fPxvnMVMFwhJbNBURdgD
gzxzakmqbxbsOczuQVLG gzxzakmqbxbsOczuQVLG gEufXNuuWhnlbNYaoQFJ
PLDOWRIeaCSVLMyDadzC PLDOWRIeaCSVLMyDadzC
VhDSPHxolLkNxxDnpUyx VhDSPHxolLkNxxDnpUyx jwIBHKkXHTPVsOJwBOsr
DWWCMAjZQQIEKOIiHFQN DWWCMAjZQQIEKOIiHFQN
cZgmtoPGHxdozTaDMiyf cZgmtoPGHxdozTaDMiyf TwgqMzgExFHTIfcwfBnr
wRjMmrpRuknxqunJrMAE iBjjCWwkYToOKfrrLnny
DqUxIMslnixWfmkjQTmS DqUxIMslnixWfmkjQTmS TqyFrXuGvuBuqnpYbjKc
iDucfyZGMCbCQbXjbQqM iDucfyZGMCbCQbXjbQqM
sXfgLMwoysnMazVSWnhc sXfgLMwoysnMazVSWnhc
