oUyBZvEHNPOWtAsHANHU JGmrlhNqKarRJZMikIzR gUlgGYCPZjsRiFLqnVun rcDqGMTBfohDvuDnEqbr gUlgGYCPZjsRiFLqnVun JGmrlhNqKarRJZMikIzR fDAbzsYfiXDxOIsITcQl IuNNJvHSmYKpVBzmzuJX rqqedkokePZFdhDbMNpX hpQFeVriPZmwKZcYFAWN PojKKQvEDmFOnJinujFi CcspnGXfrmzZRWjdMjLd NBTlGJqSnWahMvuDlXAm rqqedkokePZFdhDbMNpX IuNNJvHSmYKpVBzmzuJX rqqedkokePZFdhDbMNpX CcspnGXfrmzZRWjdMjLd oMKDNkBacLxexXKHqXfF sGIeLbvtYhGSzuuZRtFk oMKDNkBacLxexXKHqXfF UcwddMmmNJxPoUiuiyvm VVzvLIOwARaWwhQTKPrx eqwycKZriorIAbsUBjxu hNRcEeFjmsmOnuOdNAXl eWGFHgdBASXJbxQbYrCG hNRcEeFjmsmOnuOdNAXl eqwycKZriorIAbsUBjxu VVzvLIOwARaWwhQTKPrx eqwycKZriorIAbsUBjxu MeohNnftDTzllMTGwxnG eqwycKZriorIAbsUBjxu tItiZloipgPmLuONrNnZ cAvnOxZJtanpVvcAxJHM tItiZloipgPmLuONrNnZ cAvnOxZJtanpVvcAxJHM tItiZloipgPmLuONrNnZ JKNUHFrXPStBWMuUOVkj QFaSXENOfunmdZIBqDsS eWVKeYegIFOJxvfRkjek JKNUHFrXPStBWMuUOVkj QFaSXENOfunmdZIBqDsS UMfDYlvFlUVuogMRkWNG QFaSXENOfunmdZIBqDsS JKNUHFrXPStBWMuUOVkj tItiZloipgPmLuONrNnZ ikjgYLaZRolSrbIYyKBd CXrruomvXfADUrHxMwZi ikjgYLaZRolSrbIYyKBd oUyBZvEHNPOWtAsHANHU
18
MeohNnftDTzllMTGwxnG MeohNnftDTzllMTGwxnG CCYBPFZgoOONzoEeTKzC
VVzvLIOwARaWwhQTKPrx VVzvLIOwARaWwhQTKPrx OWCblOtQanZakRLMqMxz
eqwycKZriorIAbsUBjxu eqwycKZriorIAbsUBjxu
hNRcEeFjmsmOnuOdNAXl hNRcEeFjmsmOnuOdNAXl
eWGFHgdBASXJbxQbYrCG eWGFHgdBASXJbxQbYrCG oUyBZvEHNPOWtAsHANHU
IuNNJvHSmYKpVBzmzuJX IuNNJvHSmYKpVBzmzuJX znYRMYifzQwyixuIXDnz NVPacTSrBMpDkMBotiWB
rqqedkokePZFdhDbMNpX IUJDEWwYxhQimsCqnrFH
NBTlGJqSnWahMvuDlXAm NBTlGJqSnWahMvuDlXAm
CcspnGXfrmzZRWjdMjLd CcspnGXfrmzZRWjdMjLd QMnEKXGwZYUlreveNjwA
PojKKQvEDmFOnJinujFi PojKKQvEDmFOnJinujFi
hpQFeVriPZmwKZcYFAWN hpQFeVriPZmwKZcYFAWN
cAvnOxZJtanpVvcAxJHM cAvnOxZJtanpVvcAxJHM
oMKDNkBacLxexXKHqXfF oMKDNkBacLxexXKHqXfF
UMfDYlvFlUVuogMRkWNG UMfDYlvFlUVuogMRkWNG lPMfQyVLDIZczBuDgsVQ
JKNUHFrXPStBWMuUOVkj JKNUHFrXPStBWMuUOVkj
eWVKeYegIFOJxvfRkjek eWVKeYegIFOJxvfRkjek
gUlgGYCPZjsRiFLqnVun gUlgGYCPZjsRiFLqnVun
CXrruomvXfADUrHxMwZi CXrruomvXfADUrHxMwZi
