Soda location32 location37 location25 location18 location57 location38 location23 location15 location50 location32 location82 location17 location82 location34 location31 location16 location29 location43 location8 location34 location46 location70 location48 location89 location48 location74 location14 location97 location47 location36 location2 location64 location13 location39 location97 location56 location61 location99 location41 location99 location96 location44 location11 location96 location93 Soda
31
location41 location41
location99 location4
location46 location40 location1 location3 location24 location46 location45 location20 location35 location27 location6
location39 location39
location13 location13
location64 location7
location2 location2 location22
location36 location36
location47 location47
location97 location33
location14 location21 location28 location9 location14 location26 location5 location19 location42 location49
location8 location8
location43 location43
location29 location29
location16 location16
location31 location31
location34 location34 location12
location17 location17
location82 location10
location11 location11
location44 location44
location96 location30
location50 location50
location15 location15
location23 location23
location38 location38
location18 location18
location25 location25
location37 location37
location32 location32
location48 location48
