Soda woolf Soda woolf danyal lin eshaan ruhi kevin martinez noor massachusetts roshan annie eshaan aidan scott aidan zhou lo zhou rob chris rob yip alvin yip daniel caroline krishnan golden andrew juliann daniel rabie sarina grace ritter ashley shah walsh ian rabie nichole castro Soda
31
woolf woolf
danyal danyal shen sunny winifred lewke garcia amanda jarrett tamara rosen
annie annie
roshan roshan
massachusetts massachusetts
noor noor
martinez martinez
kevin kevin
ruhi ruhi
eshaan eshaan
aidan aidan
lo lo
zhou sriram
rob rob
alvin alvin
yip yip
juliann juliann
andrew andrew
golden golden
krishnan krishnan
caroline caroline
daniel daniel
ian ian
walsh walsh
shah shah
ashley ashley
ritter ritter
grace grace
sarina sarina
rabie rabie
castro singhal patagonia vilaythong davis castro chloe garbers djajadi meghan connor berit
