Soda li daniel rob lindsey Soda chase george chase kanika wong maniku sun srivastava wong chung noor chung saurav nacouzi bears mack cal krishnan scott bears hanafi erika hanlon parham wyatt roshan wyatt singorahardjo hari greg emily ellen winifred singorahardjo ashley berit gregory massachusetts yanay caroline ashley zhou lebron yip lebron amanda djajadi kaur adhikiari gobears chen mittal amanda liang deven liang connor eshaan connor davis Soda
46
lindsey lindsey
rob rob
daniel daniel
li li
george george
chase chase
kanika ishaan vikram grace melissa jacob shah krista umar kanika
srivastava srivastava
sun sun
maniku maniku
wong wong
chung chung
saurav ruhi kevin singhal du wu ritter danyal angelis saurav vilaythong subbaraj evan sophia
scott scott
krishnan krishnan
cal cal
mack mack
bears bears
erika srinivasan weaver barth xin erika zhifei tyler annie andrew
hanlon william zou oscar ohio hanlon nichole soman franco lewke
parham sunny devesh celine doshi chloe parham alvin brett charles
wyatt wyatt
winifred winifred
ellen ellen
emily emily
greg greg
hari hari
singorahardjo singorahardjo
caroline caroline
massachusetts massachusetts
gregory gregory
berit berit
ashley ashley
zhou rouzbahani ravi ahluwalia zhou king olivia aanika ani patagonia logan
yip yip
lebron lebron
mittal mittal
chen chen
gobears gobears
adhikiari adhikiari
kaur kaur
djajadi djajadi
amanda amanda
liang liang
eshaan eshaan
connor connor maya
