Soda li lo li kevin steven kevin yip mittal yip jarrett yash du chandran berit tran kanika scott jarrett mack yanay mack luo wang gibson gregory rouzbahani caroline weaver ellen luo sahai chase sahai Soda
23
scott scott
kanika kanika
tran tran
berit berit
chandran chandran
du du
yash yash
jarrett jarrett
yip yip
yanay yanay
mack mack sathvik
steven steven
kevin kevin vaibhav
ellen ellen
weaver weaver
caroline caroline
rouzbahani rouzbahani
gregory gregory
gibson gibson
wang wang
luo luo
li li
sahai sahai
