Jingzhou Wittenau TorrePacheco Gangtok BeneBeraq MelitodiNapoli Tabatinga Gangtok Chambly Khabarovsk Crespo Khabarovsk Chambly Chittaranjan Chambly TanahMerah Bejucal TanahMerah Bodhan AbualMatamir SaintMichael AbualMatamir Rembangan Colachel Ibri Thamaga Rembangan AzZuwaytinah Ronse AzZuwaytinah RioFormoso Radnor Frosinone Ouarzazat LaPossession Ketrzyn Ronse Carouge Carmichael Carouge Depok Carouge Kheri Jinotega LondonderryCountyBor Jinotega BurgbeiMagdeburg Sagalo NovyyBuh Bodhan TarguSecuiesc Jingzhou
28
Thamaga Thamaga Tottori
Ibri Ibri
Colachel Colachel CoonRapids
Rembangan Rembangan
Ketrzyn Ketrzyn
LaPossession Shumen
Ouarzazat Ouarzazat
Radnor Radnor
RioFormoso RioFormoso
AzZuwaytinah AzZuwaytinah
Ronse Ronse
Sagalo Sagalo
Chittaranjan Chittaranjan SanJosedeOcoa
Khabarovsk Khabarovsk Chegem
Crespo Crespo Rangae
LondonderryCountyBor LondonderryCountyBor
Jinotega FortLauderdale Kirovsk
SaintMichael SaintMichael
AbualMatamir Ermelo
Bejucal Bejucal
TanahMerah TanahMerah
Kheri Sarzedo Entroncamento Manduria Shizunaifurukawacho Lysva Jeypore Ghugus BurgbeiMagdeburg Kabarnet Kheri Sanaa Veenendaal JabalosSaraj Malnate Srinagar
Depok Depok Shively
Carouge Carouge
Carmichael Carmichael elCampello
Tabatinga Tabatinga
BeneBeraq BeneBeraq
Gangtok Gangtok
