Kaimganj Fagaras Pilibhit Fagaras Pilibhit Madurai Albi Jalaun Albi Vagonoremont Isakogorka Yucheng Isakogorka Leixlip Mesa Yucheng Tsukawaki Yucheng Malaybalay Dankov MontecatiniTerme MilpaAlta Anahuac MilpaAlta PinhalNovo Racine Gobo MontecatiniTerme Tsirang MilpaAlta GobernadorGalvez Tocache GobernadorGalvez Tocache Fandriana BlueIsland Fandriana Tocache MilpaAlta Kaimganj
19
Tsukawaki Tsukawaki Karasuyama
Yucheng Korolev Yucheng
Mesa EncarnaciondeDiaz
Leixlip Leixlip
Isakogorka Isakogorka
Albi Albi
Tsirang Tsirang Brecht
MontecatiniTerme MontecatiniTerme
Gobo Gobo
Racine Racine
PinhalNovo PinhalNovo
Anahuac Anahuac
MilpaAlta MilpaAlta
Dankov Dankov
Tocache Tocache
GobernadorGalvez GobernadorGalvez Novopokrovskaya Narangba
Fagaras Fagaras
Pilibhit Pilibhit Irvine
Fandriana Fandriana
