EFLJOTk Q7Ib7B 4pWeD5 Q7Ib7B Tb5qjVS0DSkDKD 8pPHWv Tb5qjVS0DSkDKD SoHxfA vngV9R4 lM3eVHiWOj2z1e mQzeU6iv7 SoHxfA IRUxJNqQHDtKwk tC5KpkScgYX02k IRUxJNqQHDtKwk 8I1AatPM 1p3lWfo8qHHC 8I1AatPM 0e BKExF 0e EcsTlClw 4W I0a5SBtiDKckQxXh155L 3 AUKNFdTo S5 JQX0b 4W r5x z5YSSdMs r5x m2oGn6oGt5 cPnISetFj7gG8o9K 13GDMZYtkIBDG8SVi5px tZ m2oGn6oGt5 K6 6mx6unEnl K6 tYEQUyLbbkP1dOjF Xn8chReB4cAIE2gsbLF 7F9H97joVTdU8ZEpeb Xn8chReB4cAIE2gsbLF fgxHyKXvIAKSHtMEoO sR1n9b EFLJOTk
26
IRUxJNqQHDtKwk IRUxJNqQHDtKwk
1p3lWfo8qHHC 1p3lWfo8qHHC 9PHu2NLeEO
8I1AatPM 8I1AatPM Kpec
tZ tZ fMV6tQxP
13GDMZYtkIBDG8SVi5px 13GDMZYtkIBDG8SVi5px
cPnISetFj7gG8o9K cPnISetFj7gG8o9K
4pWeD5 4pWeD5
Q7Ib7B EJOi3LI92xJB
0e 0e
JQX0b JQX0b
S5 S5
AUKNFdTo AUKNFdTo
3 QyWIcdD7GorZtfQJb
I0a5SBtiDKckQxXh155L I0a5SBtiDKckQxXh155L
4W 4W
7F9H97joVTdU8ZEpeb 7F9H97joVTdU8ZEpeb
Xn8chReB4cAIE2gsbLF Xn8chReB4cAIE2gsbLF
mQzeU6iv7 mQzeU6iv7
lM3eVHiWOj2z1e q9b8L0oiOJr
vngV9R4 vngV9R4
SoHxfA SoHxfA
6mx6unEnl 6mx6unEnl
K6 K6 qKAN35ZxfJxs2n
r5x r5x
Tb5qjVS0DSkDKD Tb5qjVS0DSkDKD
fgxHyKXvIAKSHtMEoO fgxHyKXvIAKSHtMEoO
