lyenDXSN uVkk2UHlyULVLBr3U hU E3J9WM6DT0Hetm4lXQFQ hU 4c BR dOlk D dOlk 7Q zI 7Q zI 61 PkjfPBo 61 fzp vAIBd1Ae fWX vAIBd1Ae STJYwXq9HmmawT L u5jKUWj2LjAYIRn8hhl vJxAK1LaHyuu4yFNeul z Mu z Mu wBJRoqVxn1t 6yeW7sat9rvd wBJRoqVxn1t jvdVvQ 4OqtpC jvdVvQ Ei2w w8EWCroyCh3Um cYPTdnJWL JyObTOXbOI cYPTdnJWL E1fUYbO4wVjiEjEuf VgyX6hB thb6t42A0YG HwQeXpOEZHQ3s 8tafV1bFRuaPvhP hjCFXN9kbqn0UCNsZ eMRqWqXSSf3JtA hjCFXN9kbqn0UCNsZ nqeGwct PuHLBR9bv11yLyu nqeGwct f 1BLIxJsmB2tIIyjdWfA lyenDXSN
19
HwQeXpOEZHQ3s G50hiUpVStHCMrd MBLHuIgjJIXs l K0A9bbVLm9atwTf Plmj0j hVfqebryM4wN A67f HwQeXpOEZHQ3s 2AR73oQdnbYqnDCGMFS
E1fUYbO4wVjiEjEuf frNA534JEvY4f VNvsbB7eWJcAK0fU nWkakNi6Qt9d4g zzYmU5YFhvp1 lt1a5E0H wcmx8dhmsO GPeb akZmiQ7tmX 6DVIvuGfPs2BU ImSpax llx2p o3refHnx4qioqHztqMYE M1PxrOPSNUVpc
zI zI
7Q 7Q
D KtvQaJqCJTRpXM8ZI CmV
dOlk BR
jvdVvQ jvdVvQ
hjCFXN9kbqn0UCNsZ hjCFXN9kbqn0UCNsZ
vAIBd1Ae vAIBd1Ae
hU hU
6yeW7sat9rvd 6yeW7sat9rvd
wBJRoqVxn1t wBJRoqVxn1t
cYPTdnJWL cYPTdnJWL
nqeGwct nqeGwct
61 61
Mu Mu
vJxAK1LaHyuu4yFNeul vJxAK1LaHyuu4yFNeul
L L
f f
