Location0 Location1 Location3 Location4 Location3 Location5 Location7 Location9 Location11 Location13 Location11 Location9 Location11 Location13 Location15 Location17 Location19 Location21 Location19 Location21 Location23 Location25 Location27 Location29 Location31 Location29 Location27 Location29 Location31 Location33 Location35 Location33 Location31 Location33 Location35 Location37 Location38 Location37 Location39 Location41 Location43 Location45 Location43 Location45 Location47 Location49 Location51 Location53 Location55 Location57 Location59 Location61 Location63 Location65 Location67 Location68 Location67 Location69 Location71 Location73 Location75 Location77 Location75 Location73 Location75 Location77 Location79 Location81 Location83 Location81 Location83 Location84 Location83 Location85 Location87 Location89 Location91 Location93 Location95 Location93 Location91 Location89 Location91 Location93 Location95 Location97 Location99 Location0
28
Location4 Location4
Location3 Location2 Location6
Location9 Location10 Location8
Location11 Location12
Location13 Location14 Location16
Location21 Location22 Location24
Location19 Location20 Location18
Location35 Location36 Location40
Location33 Location34
Location31 Location32
Location29 Location30
Location27 Location28 Location26
Location38 Location38
Location45 Location46 Location48
Location43 Location44 Location42
Location55 Location50 Location52 Location54 Location56 Location58 Location60 Location62 Location64
Location68 Location68
Location67 Location66 Location70
Location73 Location74 Location72
Location75 Location76
Location77 Location78 Location80
Location81 Location82
Location83 Location86
Location84 Location84
Location89 Location90 Location88
Location91 Location92
Location93 Location94
Location95 Location96 Location98
