0 198 197 196 191 195 191 195 191 196 197 198 0 1 4 1 6 10 6 7 6 11 16 21 24 25 24 21 26 30 26 21 22 23 22 21 26 32 31 37 36 42 41 44 45 44 41 46 48 47 46 47 46 51 52 53 52 51 57 56 61 66 71 76 81 87 86 92 91 96 101 106 112 111 116 121 127 126 131 135 131 136 138 136 141 146 151 152 151 154 151 156 162 161 167 166 171 176 181 183 181 176 181 186 192 193 191 196 197 198 0
20
32 35 17 14 34 19 42 38 33 3 27 13 12 32 29 39
7 7
22 22
25 25
24 24
30 30
44 44
47 47
48 48
53 53
52 52
71 58 73 72 63 78 79 65 60 83 64 75 62 70 68 87 59 84 74 80 82
111 100 99 90 137 163 105 155 164 109 107 114 118 95 144 103 143 139 145 98 94 165 102 130 112 108 140 122 127 162 93 97 113 142 153 129 159 128 149 104
135 135
138 138
152 152
176 192 189 184 180 169 179 187 185 173 170
183 183
195 195
193 193
