BY5DUgv6 m0ciW6Mx BY5DUgv6 m0ciW6Mx nqvcEGpR zSMh8yQJ hc6YxxqG gd207oOq hc6YxxqG zSMh8yQJ rZiSDNtK aPSEsY2w rZiSDNtK aPSEsY2w E85AysUp Rv8rDvqp 1cr6aFpX Rv8rDvqp 1cr6aFpX PagRRYIg nKZTEeUl YLp2gziD 8tOszPqV H8eN9fj5 lvlSObqb nKZTEeUl YLp2gziD 8tOszPqV WlxPulQd JMul31yq WlxPulQd 8ni5D4t7 WlxPulQd JMul31yq 7IV7YjRX mjMe14fC 9IHe97Yy HXMHfRTC iT0t8noc HXMHfRTC 9IHe97Yy HXMHfRTC iT0t8noc NL9qZEp0 GVK6CciB AMieum8U rGjz0gOd S9dNuWxm rGjz0gOd AMieum8U rGjz0gOd S9dNuWxm ayFODfwg w3Radp7c FSF4Na2U KJQpAqYk Pi99fmGL KuVHgP1J yqX5KOVJ xTHVuNZl tDh0gTYH 7CrB3pCm yYTqCbSD Y93BYexY yYTqCbSD 7CrB3pCm tDh0gTYH xTHVuNZl tDh0gTYH 7CrB3pCm yYTqCbSD Y93BYexY ucMA0iSv R4zDiMu3 0zB29H2A R4zDiMu3 ucMA0iSv Y93BYexY ucMA0iSv R4zDiMu3 0zB29H2A OpfVa1HT 8KVhuJvd Ym8LPSnY FPDwKJIj q1vN3eei c9Hgvc9w kkvcm3Qd vVYZOPt6 o1w8sSXK gbolqDJc 6nj6dyOK K3J88UDV 1aJdK4y9 xULc5Xg4 2og9s1wD sR6JAufL 8e8OWOIi sR6JAufL 2og9s1wD xULc5Xg4 2og9s1wD sR6JAufL 8e8OWOIi 6GJHoNdy B0wYReom 2mQchaeu Af1jBIly 2mQchaeu Af1jBIly UQ4QaUHy BY5DUgv6
30
vVYZOPt6 FPDwKJIj gbolqDJc K3J88UDV mXjWiYol 6nj6dyOK UfRMeyI7 o1w8sSXK q1vN3eei c9Hgvc9w
AMieum8U AMieum8U NL9qZEp0
rGjz0gOd rGjz0gOd
S9dNuWxm S9dNuWxm ayFODfwg
gd207oOq gd207oOq
hc6YxxqG hc6YxxqG
0zB29H2A 0zB29H2A OpfVa1HT
R4zDiMu3 R4zDiMu3
ucMA0iSv ucMA0iSv
tDh0gTYH tDh0gTYH
xTHVuNZl xTHVuNZl yqX5KOVJ
1cr6aFpX 1cr6aFpX
Rv8rDvqp Rv8rDvqp
8ni5D4t7 8ni5D4t7 g5YhtPSt
WlxPulQd WlxPulQd
JMul31yq JMul31yq 7IV7YjRX
9IHe97Yy 9IHe97Yy HEJxX3gA
iT0t8noc iT0t8noc UmgiH1K9
aPSEsY2w aPSEsY2w
rZiSDNtK rZiSDNtK
BY5DUgv6 H2BV5cDz
m0ciW6Mx QeSUIsQ1
xULc5Xg4 xULc5Xg4 1aJdK4y9
sR6JAufL sR6JAufL
8e8OWOIi 8e8OWOIi B0wYReom
nKZTEeUl nKZTEeUl PagRRYIg
lvlSObqb lvlSObqb CrvusN6e
8tOszPqV 8tOszPqV
Af1jBIly Af1jBIly
2mQchaeu 2mQchaeu
