ZtfcEeD9 lwKMUcFL lWuh5cH8 uEOMgmS6 bKTzHQn4 TNblhkGK bKTzHQn4 TNblhkGK WOQy49Fo Fj27Gybu 4FNIiWtX aDGqWHym yptfWPBC aDGqWHym yptfWPBC NvpMZWSs SqpsWXRw pDb2VAD0 tKnzhLx5 Wznv2rRv FqE4GP0Y VgwgAKMz FqE4GP0Y VgwgAKMz KbQF6Z1I KZzTlcqA 7VEdC8Bn uEOMgmS6 lWuh5cH8 lwKMUcFL ZtfcEeD9 6MPulFAv nFqouQp3 rbWYBihd NBKhkccj oqraQ3aF yWlzbESz CIF8DWXL BkhTgoaJ W7b2i2pG PMzcqvQL IdGLl1to WvzZeqnS O5yBujnu v654W2Kr xI4hMIxA w0QWGw2L n0riP8Jl w0QWGw2L n0riP8Jl 0MyIUMFM n0riP8Jl 0MyIUMFM AmaYXBsi JqKGA9ul gX4kBNm4 CBKWpDQv gX4kBNm4 JqKGA9ul AmaYXBsi NpH6Hpsr AmaYXBsi JqKGA9ul AmaYXBsi NpH6Hpsr jKNn1ZQ1 WPOgjVLu bJ22zvWV yRH0nOtz 7P5zi9hu Tb8W969R yIRIspJJ Tb8W969R 7P5zi9hu yRH0nOtz 7P5zi9hu Tb8W969R yIRIspJJ UiMRtBop CGddIqkC UiMRtBop yIRIspJJ UiMRtBop CGddIqkC aZcuESum 6dJ0UicP xkCjqYXa 1gtWVzKV nDVKj516 bUsapUoo aSd01nMZ 3L2NkWiR zpLQ0R0G RleTQaHw zpLQ0R0G RleTQaHw oECxPSEB dB8nWjnw eF0ueRyu dB8nWjnw eF0ueRyu qtXV58SN VqqukjeY ntaFp6yn 1FIjcsO2 uYGlfCi2 sFR9mcaG eFJgi8X6 8Rfeklr1 J2tz5Jy2 LvdUl8D5 qnVestAH PLFYaVF6 qnVestAH PLFYaVF6 FdbcCrtB GZiGmLq9 fa3ra0T7 Ah46Ofm8 SUGv8yIU REvLgkhf X4DALK1Z Rd2M5nw8 X4DALK1Z kTn5Wdms xRPgtW5C kTn5Wdms 80BwLCcj poaWnZDO 80BwLCcj kTn5Wdms xRPgtW5C 0PR6ikBf cZyhnB0I 3MYamZSb cZyhnB0I 0PR6ikBf xRPgtW5C kTn5Wdms 80BwLCcj poaWnZDO FGbFUcoj 1Xrx7hj3 Q2HoHQU7 dzvtjag1 Q2HoHQU7 dzvtjag1 U7cZo0h2 wusYsf5E U7cZo0h2 wusYsf5E U7cZo0h2 Zy3im4wi L5pBwvut c6ZWTltk 04vrMVdi Q6NMHx0B 04vrMVdi Q6NMHx0B MeetuZNx FgxkC8N1 ZCQYXo7t 8avKqSxh eHAI1Emd miUcr0K7 4pgwpiHi CxnbNU8s eJJL3lWa YWqBlkAs 43ehQX6O zvH4AKmS gmal2HHS kMauNR5Y iF2sCG7R B65DnegI xzWL2Pp8 tCAdUY4B JfDq1Cs2 m9MRh7a0 91Uq51QB m9MRh7a0 JfDq1Cs2 tCAdUY4B JfDq1Cs2 T2a0VXcz CTlg3xsv T2a0VXcz YXHt7Frx 7Xy44hse VDai7XkI Pz0LLMil VDai7XkI CTlg3xsv VDai7XkI SdpsKJEm P0hOEoLv SdpsKJEm P0hOEoLv miUcr0K7 4pgwpiHi 6MPulFAv ZtfcEeD9
42
Rd2M5nw8 Rd2M5nw8 OJgw7XgR
X4DALK1Z X4DALK1Z fa3ra0T7
gmal2HHS 43ehQX6O wZJN4OBT kMauNR5Y EAWv9kfQ BOlNhFGU gKOyNQPh mlHu9OVg o4xf7nVd zvH4AKmS miUcr0K7 YWqBlkAs aWGQETjI 8avKqSxh CxnbNU8s
CGddIqkC CGddIqkC 1gtWVzKV
Tb8W969R Tb8W969R
7P5zi9hu 7P5zi9hu
yRH0nOtz yRH0nOtz bJ22zvWV
3MYamZSb 3MYamZSb 2KepLMXB
kTn5Wdms kTn5Wdms
poaWnZDO poaWnZDO FGbFUcoj
xRPgtW5C xRPgtW5C
xzWL2Pp8 EB4WBsTV ca785uLx B65DnegI RjDUex61 xzWL2Pp8 lqKnzPvP 62Mn9lau ZS8CQaI7 mrK2EXuk
U7cZo0h2 U7cZo0h2
wusYsf5E wusYsf5E
yptfWPBC yptfWPBC HTyyntxa
aDGqWHym aDGqWHym Fj27Gybu
qnVestAH qnVestAH
PLFYaVF6 PLFYaVF6 FdbcCrtB
04vrMVdi 04vrMVdi
oqraQ3aF nFqouQp3 ZtfcEeD9 lWuh5cH8 rbWYBihd PMzcqvQL CIF8DWXL W7b2i2pG IdGLl1to
FqE4GP0Y FqE4GP0Y Wznv2rRv
VgwgAKMz VgwgAKMz KZzTlcqA
TNblhkGK TNblhkGK
0MyIUMFM 0MyIUMFM ciNFdHxl
w0QWGw2L w0QWGw2L O5yBujnu
dzvtjag1 dzvtjag1 NSdaWdL7
Q2HoHQU7 Q7hUKAHQ
eF0ueRyu eF0ueRyu
NpH6Hpsr NpH6Hpsr jKNn1ZQ1
AmaYXBsi AmaYXBsi
CBKWpDQv CBKWpDQv y7NjqOqM
gX4kBNm4 gX4kBNm4
Pz0LLMil Pz0LLMil hBRDGWam
7Xy44hse 7Xy44hse mSd4Nw6v
LvdUl8D5 J2tz5Jy2 8LVjFaQv ijk5cHsH d5gzYuse LvdUl8D5 8Rfeklr1 ntaFp6yn eFJgi8X6 1dr1nBQ7 sFR9mcaG
tCAdUY4B tCAdUY4B WOCLylig
JfDq1Cs2 JfDq1Cs2
91Uq51QB 91Uq51QB SG64DwCC
RleTQaHw RleTQaHw
zpLQ0R0G zpLQ0R0G aSd01nMZ
P0hOEoLv svPb07cv
SdpsKJEm uMuBYvMK
