93 37 71 158 129 74 129 27 8 101 105 13 105 132 67 173 67 132 115 73 161 137 154 19 154 151 52 31 52 30 51 45 51 167 53 29 16 29 53 29 16 97 4 76 4 98 126 65 146 70 62 18 94 138 94 18 94 168 160 143 93
22
73 1 2 14 20 24 26 34 36 38 40 43 47 49 56 57 61 63 64 66 70 72 73 75 77 79 81 82 84 86 87 90 91 95 98 99 101 102 108 109 110 111 116 117 119 121 122 124 125 130 131 136 140 141 143 147 151 155 161 163 165 169 170 171 172 174 176
76 76
4 4
53 53 177
16 39
105 105
18 18 157 62
94 80 46
138 138
19 19
154 154
27 27
52 52
51 51
65 65
67 67
74 74
129 129
115 115
137 137
146 146
168 168
