Dannemora Hamburg Flower Oceanside Freeport Ghent Hillburn Hamburg Flower Herricks Delmar Herricks Nunda Fairmount Gordon Fairmount Dexter Fulton Dexter Hermon Franklinville Hermon Franklinville Hermon Dexter Hewlett Fairview Heuvelton Earlville Firthcliffe Highland Goshen Flanders Frankfort Goshen Highland Farmingville Florida Goshen Fire Goshen Highfalls Haviland Fishers Haviland Franklin Highfalls Hicksville Herkimer Fayetteville Herkimer Hicksville Highfalls Franklin Delhi Freeville Delhi Frewsburg Dunkirk Noyack Dunkirk Frewsburg Highland Norwood Heritage Hillburn Hamburg Dannemora
23
Hamburg Fleischmanns DeRuyter
Ghent Ghent Depauville
Freeport Freeport
Oceanside Fair
Flower Flower
Fairview Davis Depew Fabius Fairport Fairview Fishkill Fonda Geneva
Fulton Dansville Deer Deferiet Delanson Delevan Dexter Falconer Forestville Fulton Galeville Gardiner Gasport Germantown
Freeville Freeville Farnham
Delhi Delhi Frewsburg
Delmar Delmar
Herricks Deposit
Dunkirk Dunkirk
Fire Fire Earlville
Florida Florida
Farmingville Farmingville Friendship
Frankfort Frankfort
Flanders Flanders
Fairmount Fairmount
Fayetteville Fayetteville Fredonia
Franklin Franklin
Fishers Fishers Forest
Firthcliffe Firthcliffe
Franklinville Franklinville
