Acton Compton Bowles Compton Bowles Buttonwillow Delleker Capitola Delleker Capitola Barstow Cobb Esparto Blythe Danville Blythe Danville Armona Berkeley Alameda Berkeley Alameda Berkeley Armona Encinitas Canyondam Bakersfield Bradbury Bakersfield Copperopolis Beaumont Copperopolis Etna Dinuba Alturas Fairfield Alturas Dinuba Colusa Fontana Castroville August Cotati Bodfish Cotati Boron Dorris Boron Cotati Exeter Fillmore Columbia Coalinga Fairview Coronado Belmont Cambria Cayucos Arvin Cayucos Cambria Alhambra Burlingame Ducor Bayview Folsom Antioch Folsom Biggs Fallbrook Farmington Compton Acton
19
Bowles Bowles
Columbia Adelanto Alamo Albany Alhambra Almanor Alpaugh Alpine Altadena Amesti Anaheim Anderson Angwin Aptos Arbuckle Arcadia Arcata Arnold Aromas Artesia Ashland Atascadero Atherton Atwater Auberry Auburn August Avalon Avenal Avery Azusa Banning Barstow Bayview Beckwourth Belden Bell Bellflower Belvedere Benicia Biggs Biola Bishop Blairsden Bloomington Bluewater Bolinas Bonita Bonsall Bootjack Boronda Bradley Brawley Brea Brentwood Brisbane Broadmoor Burbank Burney Buttonwillow Byron Bystrom Cabazon Calabasas Calexico Calimesa Calipatria Calistoga Calwa Camarillo Cambria Campbell Carlsbad Carmichael Carpinteria Carson Cartago Caruthers Cayucos Ceres Cerritos
Berkeley Berkeley Armona
Alameda Alameda Carrick
Alturas Alturas
Antioch Antioch
Folsom Caribou
Arvin Arvin
Bakersfield Bakersfield
Beaumont Beaumont
Belmont Belmont
Blythe Blythe
Bodfish Bodfish
Boron Boron
Bradbury Bradbury
Burlingame Burlingame
Canyondam Canyondam
Capitola Capitola
Castroville Castroville
