Soda RepublicCity Soda RepublicCity Soda Hogwarts Durmstrang Beauxbatons Ilvermorny Hogsmeade GodricsHollow Arda Lothlorien Rivendell Mirkwood LonelyMountain Moira Mandos North Reach CasterlyRock Vale Stormlands Dorne Westeros Pentos1 Andalos Essos Braavos Qohor Qarth Valyria Ghis Mereen Sunspear KingsLanding Iluin Ormal Mordor Hobbiton Narnia Calor Telmar StoneTable YiTi VaesDothrak Pern Ulthos Sothoryos Arnor Gondor Lindon Rovanion Rohan Rhun Khado Belegaer TheWall Lorath Lys Myr Lys Myr Norvos Pentos2 Tyrosh Volantis Hoth Tatooine Hoth Volantis Tyrosh Volantis Hoth Tatooine Naboo Coruscant Bespin Mustafar Niffelheim Muspelheim Vanaheim Yggdrasil Asgard Elysium Tartarus Asphodel Tartarus Asphodel Droon Olympus Kailash Troy TirNaNog Othrys Ganges Styx Ganges Othrys TirNaNog Troy Kailash Troy TirNaNog Othrys Ganges Styx Acheron Lethe Phlegethon Cocytus SantasWorkshop Hel PolarExpress Ooo Homeworld TheKindegarden BaSingSe NorthernAirTemple SouthernAirTemple WesternAirTemple EasternAirTemple NorthernWaterTribe SouthernWaterTribe EmberIsland IslandOfKyoshi EmberIsland SouthernWaterTribe NorthernWaterTribe EasternAirTemple NorthernWaterTribe SouthernWaterTribe EmberIsland IslandOfKyoshi SiWongDesert CaveOfTwoLovers Omashu LakeLaogai Omashu LakeLaogai RokusIsland RepublicCity Soda
24
RepublicCity RepublicCity
Myr Myr Norvos
Lys Lys Lorath
Tyrosh Tyrosh Pentos2
Volantis Volantis
Tatooine Tatooine Naboo
Hoth Hoth
Muspelheim Coruscant Bespin Mustafar Niffelheim Muspelheim Vanaheim Yggdrasil Asgard Elysium
Tartarus Tartarus
Asphodel Asphodel Droon
Kailash Kailash Olympus
Troy Troy
Ganges Ganges
Styx Styx Acheron
Othrys Othrys
TirNaNog TirNaNog
PolarExpress Lethe Phlegethon Cocytus SantasWorkshop Hel PolarExpress Ooo Homeworld TheKindegarden BaSingSe NorthernAirTemple SouthernAirTemple
EasternAirTemple EasternAirTemple WesternAirTemple
NorthernWaterTribe NorthernWaterTribe
IslandOfKyoshi IslandOfKyoshi SiWongDesert
EmberIsland EmberIsland
SouthernWaterTribe SouthernWaterTribe
LakeLaogai LakeLaogai RokusIsland
Omashu Omashu CaveOfTwoLovers
