0a 0d 0e 0d 0a 0c 0b 0a 0d 0e 0h 0i 0h 0e 0h 0i 0l 1a 1b 1c 1b 1a 1d 1e 1h 1i 1l 2a 2d 2e 2h 2i 2k 2i 2l 3a 3b 3c 3b 3a 3d 3e 3h 3i 3l 4a 4d 4e 4h 4i 4l 5a 5d 5e 5h 5i 5l 6a 6d 6e 6f 6e 6h 6i 6l 7a 7c 7b 7a 7d 7e 7d 7a 6l 6i 6l 7a 7d 7e 7h 7i 7l 8a 8c 8b 8a 7l 7i 7l 8a 8d 8e 8h 8i 8h 8e 8h 8i 8l 9a 9c 9a 9d 9e 9h 9e 9h 9i 9h 9i 9l 10a 10b 10c 10b 10a 10d 10e 10h 10i 10l 11a 11d 11e 11h 11i 11l 12a 12b 12c 12b 12a 12d 12e 12f 12g 12f 12e 12h 12i 12l 13a 13d 13e 13h 13i 13l 14a 14d 14e 14h 14i 14k 14i 14l 15a 15d 15e 15d 15a 15c 15b 15a 15d 15e 15h 15i 15j 15i 15l 0a
38
0i 0j 0k
0b 0b
0c 0c
0e 0g 0f
1c 1c
1b 1b
2a 1f 1g 1j 1k 2b 2c 2f 2g 2j
2k 2k
3c 3c
3b 3b
4a 3f 3g 3j 3k 4b 4c 4f 4g 4j 4k
5h 5b 5c 5f 5g 5j 5k 6b 6c
6i 6j 6k 6g
7e 7g 7f
7b 7b
7c 7c
6f 6f
7i 7j 7k
8b 8b
8c 8c
8e 8g 8f
8i 8j 8k 9b
9c 9c
9i 9j 9k
9e 9g 9f
10c 10c
10b 10b
11a 10f 10g 10j 10k 11b 11c 11f 11g 11j 11k
12c 12c
12b 12b
12g 12g
12f 12f
13i 12j 12k 13b 13c 13f 13g 13j 13k 14b 14c 14f 14g 14j
14k 14k
15b 15b
15c 15c
15e 15g 15f 15k
15j 15j
