h0 h67 h21 h67 h21 h58 h2 h52 h14 h55 h9 h3 h56 h4 h56 h4 h6 h8 h57 h0 h42 h68 h44 h23 h69 h71 h32 h72 h38 h72 h38 h86 h99 h86 h38 h86 h99 h29 h85 h66 h84 h45 h46 h98 h37 h28 h91 h40 h91 h28 h27 h28 h37 h98 h46 h36 h18 h50 h92 h49 h50 h92 h62 h16 h62 h92 h17 h80 h17 h80 h63 h41 h82 h22 h82 h65 h2 h58 h21 h67 h0
19
h9 h1 h7 h9 h10 h11 h12 h13 h41
h21 h21 h2
h67 h26
h56 h3
h4 h4 h6
h68 h5 h8 h23 h33 h34 h42 h43 h44
h14 h14
h16 h16 h15
h50 h50 h18
h49 h49
h17 h17
h46 h19 h25 h35 h36 h37 h45 h46 h47 h48
h27 h27 h20
h28 h28
h40 h40 h39
h22 h22
h99 h29 h24
h38 h38
h72 h32 h30 h31
