0 58 48 58 68 99 89 99 139 149 139 148 159 158 168 178 168 177 196 186 196 126 136 126 136 156 146 156 75 62 70 80 70 92 122 112 122 151 161 160 150 160 171 181 171 172 162 172 174 184 174 185 195 185 144 0
30
75 3 4 6 8 11 12 13 15 17 19 20 22 24 26 27 28 30 31 33 35 36 43 45 46 47 51 52 54 55 56 57 63 64 66 73 75 76 77 82 84 85 87 91 94 95 104 105 107 111 114 115 123 124 135 137 138 143 147 155 157 167 173 175 193
58 58
80 80 90
70 40
62 62
89 89
99 119
92 92
126 126
112 112
122 132
184 184
174 174
149 149
139 139
150 150
160 180
156 156
148 148
151 151
162 162
172 172 192
178 178 188
168 168 158
159 159
161 161
186 186
196 196
171 171
185 185
