Loc2 Loc31 Loc13 Loc36 Loc43 Loc31 Loc21 Loc7 Loc0 Loc48 Loc0 Loc7 Loc21 Loc69 Loc57 Loc58 Loc55 Loc69 Loc30 Loc24 Loc47 Loc24 Loc79 Loc35 Loc83 Loc86 Loc59 Loc91 Loc94 Loc79 Loc78 Loc34 Loc78 Loc44 Loc10 Loc51 Loc99 Loc6 Loc87 Loc66 Loc99 Loc70 Loc54 Loc96 Loc67 Loc70 Loc76 Loc82 Loc76 Loc2
31
Loc48 Loc48
Loc0 Loc0 Loc7
Loc30 Loc1 Loc8 Loc26 Loc28 Loc46 Loc73 Loc77
Loc43 Loc43
Loc36 Loc27
Loc13 Loc13
Loc31 Loc56
Loc51 Loc3 Loc4 Loc11 Loc16 Loc32 Loc45 Loc53 Loc80 Loc90
Loc67 Loc67
Loc96 Loc40
Loc54 Loc54
Loc70 Loc74 Loc41
Loc66 Loc66
Loc87 Loc14
Loc6 Loc6
Loc99 Loc19
Loc94 Loc9
Loc91 Loc91
Loc59 Loc75
Loc86 Loc86
Loc83 Loc15
Loc35 Loc35
Loc10 Loc10
Loc34 Loc34
Loc78 Loc17
Loc55 Loc71 Loc22 Loc64
Loc58 Loc58
Loc57 Loc92 Loc60
Loc24 Loc24
Loc82 Loc82
Loc76 Loc52
