Loc1 Loc162 Loc47 Loc70 Loc195 Loc56 Loc160 Loc45 Loc62 Loc45 Loc198 Loc96 Loc198 Loc178 Loc147 Loc178 Loc91 Loc194 Loc91 Loc194 Loc92 Loc135 Loc75 Loc135 Loc171 Loc4 Loc171 Loc93 Loc22 Loc3 Loc29 Loc3 Loc113 Loc151 Loc59 Loc123 Loc59 Loc151 Loc113 Loc52 Loc35 Loc52 Loc68 Loc39 Loc125 Loc179 Loc1
23
Loc47 Loc0 Loc9 Loc31 Loc51 Loc61 Loc83 Loc109 Loc163 Loc168 Loc176
Loc125 Loc13 Loc16 Loc30 Loc38 Loc67 Loc74 Loc77 Loc100 Loc103 Loc107 Loc137 Loc143 Loc192 Loc151
Loc93 Loc6 Loc7 Loc8 Loc11 Loc14 Loc15 Loc18 Loc20 Loc25 Loc33 Loc44 Loc46 Loc53 Loc60 Loc76 Loc97 Loc99 Loc101 Loc118 Loc129 Loc132 Loc133 Loc140 Loc141 Loc145 Loc153 Loc159 Loc175 Loc182 Loc183 Loc197
Loc3 Loc3
Loc171 Loc171
Loc195 Loc5 Loc19 Loc110 Loc177 Loc180 Loc188 Loc189 Loc195
Loc162 Loc17 Loc37 Loc54 Loc57 Loc71 Loc144 Loc154 Loc172
Loc70 Loc23 Loc32 Loc65 Loc95 Loc106 Loc124 Loc190
Loc147 Loc147
Loc178 Loc27
Loc52 Loc52
Loc39 Loc39
Loc75 Loc75 Loc111
Loc135 Loc85 Loc149 Loc50
Loc194 Loc94
Loc91 Loc91 Loc128
Loc62 Loc62
Loc45 Loc170
Loc59 Loc59
Loc96 Loc96 Loc122
Loc198 Loc167
Loc123 Loc123
Loc160 Loc160
