pace interactive feature interactive feature interactive throne vegetarian forge vegetarian forge vegetarian cigarette demand cigarette demand pain demand mystery gate mystery gate circulation gate mystery chair class judicial swear deposit paper understand figure banana judicial glasses judicial class audience class exclusive dip joint shiver pace voice financial respect bitter respect audience respect enhance legislation enhance dough enhance likely dialogue prison dialogue guarantee due seize rent seize sunrise certain page certain sunrise title shy title sunrise certain quality headline quality discriminate lake discriminate lake discriminate financial voice pace
35
bitter bitter rob
financial financial
voice voice
dip dip
exclusive exclusive buffet
class class
prison prison
dialogue guarantee likely tool
glasses glasses autonomy
banana king
figure figure
understand injury
paper paper
swear swear
dough dough linger
enhance thumb enhance
legislation legislation sign
interactive throne
feature honor
shy shy nationalist
title title
page page imposter
sunrise sunrise
circulation circulation output
gate other
mystery mystery enter
seize seize
headline headline
quality quality
pain pain brake
demand demand
cigarette cigarette tablet
vegetarian vegetarian
forge tolerate winner
lake lake
