pace speaker sign bleed pier pig straighten identity straighten identity deter terms thumb terms deter note tablet note physics dough linger vegetarian exclusive dip opposed dip figure clay rage bitter rage bitter coffin gallon injection legislation injection gallon profound paper autonomy quality autonomy ward penetrate node enhance node gate shy error widen banana widen native mature glasses bleed environment prison romantic comfortable likely comfortable likely viable job viable likely other pace
18
pier market acceptance exempt begin teacher development drawer control swop stress audience injury deter environment virgin output structure buffet assignment coincide atmosphere cotton triple pig spoil profound curriculum dive shiver smile flag physics driver railcar mercy error throne decisive candle illusion headline rob scheme offset knot country native skeleton rent guarantee coast interface electronics other confrontation exile pace ask imposter enemy quadruple liver pardon due bowel home financial lifestyle ignore interactive respect swear chair page boom greeting attraction forge election excuse tool feature pipe
comfortable comfortable
likely likely
autonomy autonomy
identity identity
straighten straighten
tablet tablet
injection injection
thumb thumb
dip dip
dough dough
rage rage
bitter coffin
exclusive exclusive
widen widen
mature mature
note note
viable viable
