pace exclusive output exclusive winner view prison honor prison honor environment write voice write voice due excuse physics excuse due injection opposed brake nationalist brake headline thumb enter thumb opposed king likely market mixture injury pier likely king page likely king approval tablet gate tablet approval other understand output exclusive pace
19
output output
exclusive throne
page page guarantee
king king
injury injury skeleton
mixture mixture
market market
likely likely circulation
excuse excuse
honor honor
thumb exempt
enter enter deposit
headline headline audience
brake brake
nationalist nationalist feature
opposed opposed
voice voice
gate gate
tablet approval
