0 182 27 34 133 134 38 132 40 132 40 131 44 135 138 1 4 1 140 143 142 5 24 144 20 146 145 14 147 14 147 149 11 150 152 151 60 153 57 54 55 54 154 155 52 53 52 156 47 157 159 160 120 162 163 67 164 165 76 166 167 80 92 86 168 89 169 94 102 171 170 172 175 106 176 111 176 106 175 172 170 171 102 94 101 94 99 94 169 89 90 89 168 86 92 80 167 166 76 165 72 73 72 164 67 70 67 163 162 120 160 159 158 159 160 120 162 163 67 164 165 76 166 167 80 92 86 168 89 169 94 102 171 170 172 175 106 176 111 114 118 177 178 179 181 182 0
20
5 2 3 6 7 8 9 10 13 21 22 23 25 26 45 46
4 4
147 12
14 15 16 17 18 19
27 28 29 30 31 32 33 35 36 37
132 39
40 41 42 43
120 48 49 50 51 68 69 71 121 122 123 124 125 126 127 128 129 130
53 53
60 56 58 59 61 62 63 64 65 66
55 55
70 70
73 73
72 74 75
80 77 78 79 81 82 83 84 85 87 88 91 93
90 90
94 95 96 97 98 100 103 104 105
99 99
101 101
111 107 108 109 110 112 113 115 116 117 119
