HAZtD F7CZj J0OP0 F7CZj RN9nS 3NU9e aWuHk lJnz7 Q9Dex 1gvq4 lJnz7 p3gJd cpzS8 AwFdf hvF70 C4biR 93R2m 4AhmX jesVt 69WZh mdIe6 onBu6 mdIe6 7WH0C ntxuv 7WH0C R6NzB 0FMEI 3JtxZ DmTRc gNinx GrnJ7 rmW0U SfSL1 RkCLD E6pda e7SjH DuU0x BIY9X DuU0x e7SjH E6pda e7SjH o2JtM H1xt8 GaZ4O H1xt8 GaZ4O Q8lcd iPRoT 8Qx0C qz2Of 8Qx0C qz2Of iimZq lqKR5 iimZq lqKR5 OWqP4 6owsT OWqP4 rVnMc SxklZ BaYb3 IOpdQ pLg86 Xqwfz CWT0c jyRQW Tp7uZ cC0Rg mJExt iqOI4 UqGfS Ssao4 UqGfS kPB79 4Tt2a kPB79 4PXv9 kPB79 6gp0A HAZtD
22
p3gJd kNG2j aWuHk uPUO1 4AhmX Zxvdf cu5FB VG4na zrVPv WVEjT DaieK R6NzB TzGS5 5h4rt SEkfX 4jcrD cC0Rg iHR3J fExZu jesVt O8CwF fWz4T aegld AwFdf eVDVP ox9Gx v7hOX p3gJd Ia6ul 0F8yg acHTt 5EAEu zcuSA cpzS8 Lusir iqOI4 EgumV TlJnt wedr3 69WZh ED9em gpbSj DmTRc 2GCiD Agb0E u60s4
H1xt8 H1xt8
J0OP0 z82fM RN9nS vfAR8 J0OP0 bW6Ms iKwe0 wnnBN Cg1yP
rmW0U p4kTx bMhFI HOuAL xKTIz iIQll Q8lcd CHx6u 9tf0w UbqWX Vg6Sz v9joy iaaYU lF8gH
SxklZ 7kY28 Zok18 0moVI URrao Pk19A HAKlt 1VA1I SxklZ VESmp IOpdQ BaYb3 fiXIW
1gvq4 1gvq4 rH3nx
lJnz7 lJnz7 GxQg8
pLg86 pLg86
8Qx0C 8Qx0C
mdIe6 mdIe6
E6pda E6pda
e7SjH 2LhKB
BIY9X BIY9X
DuU0x DuU0x
gNinx gNinx
4Tt2a 4Tt2a
6owsT 6owsT
OWqP4 OWqP4
Ssao4 Ssao4
UqGfS UqGfS X2hjX NqBQW
iimZq iimZq
4PXv9 4PXv9
