location46 location45 location46 location47 location48 location47 location46 location45 location44 location45 location46 location41 location36 location34 location20 location14 location8 location14 location20 location34 location36 location41 location46 location61 location62 location63 location64 location63 location64 location65 location86 location66 location58 location66 location86 location88 location86 location66 location58 location50 location51 location50 location58 location50 location28 location24 location23 location22 location23 location22 location23 location24 location25 location26 location30 location26 location19 location18 location25 location18 location12 location6 location12 location18 location12 location6 location5 location11 location17 location24 location28 location50 location51 location52 location53 location54 location55 location56 location78 location77 location76 location81 location80 location79 location78 location77 location76 location75 location73 location75 location76 location75 location73 location72 location74 location72 location71 location70 location69 location68 location67 location66 location58 location50 location49 location48 location47 location46
25
location14 location14
location5 location3 location4 location5 location10 location11 location15 location17 location37
location6 location6 location7
location18 location18
location25 location25 location29
location30 location30 location33
location26 location26 location13
location22 location22
location50 location24
location51 location57 location55
location86 location87
location88 location88 location89 location90
location44 location39 location38
location45 location40
location46 location41
location48 location48 location49
location64 location64
location63 location63 location62
location73 location73 location70
location77 location77
location78 location78
location79 location79
location80 location80
location74 location74
location72 location72
