location1 location101 location98 location95 location98 location95 location92 location89 location92 location89 location86 location83 location80 location77 location76 location69 location66 location179 location66 location63 location62 location142 location62 location142 location139 location136 location133 location130 location127 location128 location131 location134 location131 location130 location133 location49 location151 location150 location153 location150 location153 location156 location159 location162 location165 location162 location165 location166 location15 location16 location116 location113 location110 location113 location110 location107 location104 location103 location100 location103 location102 location105 location102 location105 location102 location58 location57 location54 location51 location48 location45 location48 location45 location48 location51 location177 location176 location179 location180 location1
21
location51 location1 location3 location5 location7 location9 location11 location13 location15 location17 location19 location21 location23 location25 location27 location29 location31 location33 location35 location37 location39 location41 location43 location47 location49 location51 location53 location55 location59 location61 location63 location67 location71 location73 location75 location77 location79 location81 location85 location87 location91 location93 location99 location101 location111 location115 location117 location119 location121 location123 location125 location129 location133 location135 location137 location141 location143 location149 location151 location155 location157 location159 location161 location163 location167 location169 location171 location173 location175 location177
location45 location45
location57 location57
location142 location145
location62 location65
location179 location179
location66 location69
location83 location83
location89 location89
location100 location97
location103 location103 location109
location95 location95
location105 location105
location113 location113
location110 location107
location127 location127
location131 location131
location139 location139
location153 location153
location150 location147
location165 location165
