location4 location69 location12 location69 location0 location43 location0 location56 location24 location56 location6 location32 location6 location47 location17 location47 location16 location84 location16 location67 location2 location19 location2 location53 location44 location83 location57 location53 location91 location11 location91 location25 location60 location25 location91 location93 location42 location28 location99 location61 location94 location42 location4
24
location43 location43 location70
location0 location0 location37
location93 location1 location77 location79 location15 location93 location98 location68 location76
location2 location2
location67 location55 location89 location88 location78 location81 location62 location3 location4
location6 location6
location12 location66
location69 location69 location86
location24 location24 location34
location56 location56 location13
location60 location60 location50
location91 location91
location11 location11 location36
location84 location23
location16 location16 location74
location47 location47
location57 location57 location85
location83 location83
location44 location44 location54
location53 location53
location94 location94 location95
location61 location61
location99 location99 location38
location28 location28
