location4 location197 location118 location169 location1 location178 location84 location197 location56 location18 location24 location56 location156 location185 location56 location41 location124 location41 location190 location106 location190 location146 location181 location135 location115 location121 location146 location192 location102 location68 location100 location0 location100 location192 location101 location168 location167 location168 location67 location9 location128 location9 location160 location9 location13 location3 location49 location129 location3 location193 location116 location193 location52 location140 location80 location52 location21 location196 location21 location92 location107 location90 location40 location57 location40 location86 location92 location113 location6 location23 location113 location37 location83 location72 location37 location114 location127 location50 location114 location158 location155 location188 location155 location4
49
location0 location0 location132
location100 location100
location68 location68 location16
location102 location102
location192 location192
location84 location84 location171
location1 location1
location169 location169 location71
location13 location99 location133 location157 location2 location51 location189 location64 location152 location5 location14 location144
location129 location129 location29
location49 location49 location33
location72 location72 location159
location83 location83 location20
location37 location37
location23 location23 location141
location6 location6
location113 location113 location60
location21 location21
location185 location185 location62
location156 location156
location24 location24 location191
location18 location18
location56 location56
location160 location160 location108
location128 location128 location136
location121 location11
location115 location115 location186
location135 location135
location181 location181
location146 location146
location80 location80 location183
location140 location140 location165
location101 location31 location43 location101 location170 location15 location110 location120 location148 location25 location177
location158 location55 location93 location117 location147 location63 location125 location19 location158 location48
location167 location143
location168 location168 location70
location50 location50 location122
location127 location127 location96
location57 location57 location163
location40 location40
location107 location107 location74
location92 location92
location124 location124
location41 location41
location116 location116 location119
location193 location193 location54
location190 location190
location188 location188
location155 location155
