1 126 127 128 129 146 147 146 129 128 127 126 1 76 77 78 79 96 97 98 99 98 97 96 79 80 79 78 77 76 1 100 101 102 103 139 140 139 103 105 104 103 102 101 100 1 50 51 52 53 55 54 53 52 51 50 1 172 173 172 1 137 1 2 3 39 40 41 40 39 3 2 1 114 117 114 1 133 1 68 71 68 1 110 112 113 111 113 110 1 176 177 178 179 180 179 178 177 176 1 122 125 122 1 72 74 93 74 72 1 150 151 152 154 153 155 153 188 153 152 151 150 1
19
1 3 4 5 7 8 9 11 12 13 15 16 17 19 20 21 23 24 25 28 30 57 58 59 61 62 63 65 66 67 69 70 73 74 75 78 107 108 109 115 116 119 120 121 123 124 128 130 157 158 159 161 162 163 165 166 167 169 170 171 174 175 178
54 54
55 55
53 53
71 71
80 80
104 104
105 105
103 103
111 111
113 113
112 112
117 117
125 125
155 155
153 153
154 154
173 173
180 180
