3a 23a 102a 5a 17a 82a 21a 88a 87a 21a 24a 35a 25a 39a 35a 58a 30a 67a 25a 30a 32a 41a 0a 51a 53a 51a 72a 40a 37a 96a 29a 79a 75a 89a 96a 37a 83a 103a 52a 20a 42a 16a 7a 38a 2a 16a 2a 13a 34a 14a 34a 68a 69a 77a 41a 59a 95a 3a
25
53a 53a 9a
51a 51a 0a
32a 71a 65a 41a 62a 43a 32a 1a 77a 22a
2a 99a
38a 38a
7a 7a
16a 16a 42a
102a 64a 47a 48a 5a 23a 28a 57a 73a 4a 93a
40a 49a 61a 98a 37a 40a 52a 84a 80a 6a 83a 72a
87a 87a 15a
88a 88a
21a 21a 56a
14a 14a 60a
34a 34a 66a 31a
67a 67a
30a 30a
58a 58a
35a 35a 44a
39a 39a
25a 25a
89a 92a
75a 75a
79a 79a
29a 29a
96a 96a
