loc0 loc12 loc0 loc11 loc0 loc63 loc60 loc7 loc48 loc81 loc6 loc90 loc32 loc48 loc10 loc81 loc90 loc43 loc24 loc46 loc24 loc40 loc51 loc40 loc51 loc76 loc78 loc87 loc44 loc30 loc20 loc36 loc68 loc87 loc80 loc15 loc72 loc95 loc0
20
loc11 loc66
loc0 loc0 loc38 loc2 loc62
loc12 loc12
loc63 loc4 loc16 loc28 loc58 loc60 loc74 loc92 loc98
loc68 loc68
loc36 loc36
loc20 loc20
loc30 loc30
loc44 loc44
loc15 loc14 loc18 loc52 loc54 loc64 loc72 loc80 loc94 loc96
loc10 loc10
loc48 loc48 loc50
loc32 loc32
loc90 loc90
loc6 loc6
loc78 loc8 loc22 loc26 loc34 loc42 loc70 loc78 loc82 loc84 loc86 loc88
loc46 loc46
loc24 loc24 loc56
loc40 loc40
loc76 loc76
