loc0 loc63 loc28 loc63 loc16 loc99 loc58 loc99 loc156 loc155 loc156 loc80 loc177 loc142 loc177 loc122 loc12 loc82 loc189 loc82 loc189 loc22 loc78 loc186 loc78 loc160 loc168 loc40 loc3 loc164 loc21 loc32 loc165 loc50 loc126 loc173 loc0
23
loc12 loc0 loc2 loc12 loc14 loc18 loc36 loc38 loc52 loc62 loc66 loc68 loc74 loc100 loc102 loc108 loc116 loc120 loc124 loc132 loc146 loc150 loc172 loc178 loc184 loc192 loc196
loc165 loc4 loc10 loc48 loc60 loc106 loc126 loc128 loc148
loc21 loc6 loc20 loc24 loc30 loc44 loc46 loc56 loc90 loc104 loc114 loc134 loc144 loc162 loc170 loc174 loc180 loc182 loc190 loc198
loc177 loc54 loc64 loc72 loc86 loc94 loc96 loc112 loc136 loc140 loc154 loc158 loc194
loc168 loc8 loc42 loc70 loc76 loc84 loc88 loc110 loc118 loc130 loc138 loc152 loc166 loc168 loc176 loc188
loc16 loc16
loc22 loc22
loc186 loc186 loc34
loc78 loc78 loc26
loc58 loc58
loc99 loc92
loc28 loc28
loc63 loc98
loc32 loc32
loc40 loc40
loc50 loc50
loc80 loc80
loc82 loc82
loc156 loc156
loc122 loc122
loc142 loc142
loc160 loc160
loc164 loc164
