0 10 21 31 42 31 42 32 33 34 35 36 37 48 37 47 56 67 77 88 98 109 98 97 96 107 96 86 85 94 105 94 105 104 113 123 132 142 151 162 151 150 160 170 160 170 180 181 191 181 182 192 183 193 183 172 163 153 144 134 135 146 156 146 155 166 176 166 167 168 178 168 158 149 159 149 158 169 179 178 188 177 188 189 199 189 178 168 157 147 136 126 115 105 94 84 73 63 52 42 31 21 10 0
23
85 53 125 186 152 154 114 61 20 130 196 80 108 127 29 22 99 77 12 101 82 15 103 2 64 122 158 9 33 132 51 71 16 123 39 68 139 95 5 164 175 18 4 76 87 83 118 153 8 120 184 81 129 133 26 17 140 111 182 165 150 43 45 70 104 161 116 102 24 72 89 67
31 31 21
42 42 73
48 48
37 37
107 107
96 96 86
94 94
105 105
98 98
176 176 187
166 166 155
178 178 189
168 147
151 151
146 146
149 149
160 160
177 167
188 188 198
181 181
183 183
199 199
