Zo0umr3KFWOZJQPm M9il2j2XBWeGdURv LjKfvPnu1IVb9d8E qKKAwpkuJY9E8dpl R43sDxzHzrO5kncN FzSHaHADmN7Zbhbr gqX9V4QU6KrO7JGI LUoJ0iRCc71uZfNX Uw31N0oW965MP4qr YHVvi99ucaU9tYgf nkKMB647tDItOdTX 2v7uFoKD90sPVOTA ngcwhTcmwXuonGlk quCqGzaCZ5rVk9Gn U5CEflgpFptgqHUL TbM88DujEo9BSxqT 6La4alyyQSzgrmmj 0rKC7Chib5iDGjTC SLuZYQ4lYwLMQuMp pKGVzMiXVo3v1oQu CvZWFxoaMZYhwHYj drsNw5E8nXGgcxxE HqZKcXPbTIsIN6eT 0Pfip4BXzoRzyFv2 LdwRPFzBNqStC5X8 W4POX5YqpnnI3x1U 8pFqGmxaOhvFeBf4 LI7uFZ34s97AeNpk 9dVIdmIqrww8IL0A xlWntBwCLfHgHam8 e9DWnoEu0mxMb9VK qQzEeIfIOpoI9qKk 9L0zlmq9jRh6nd1I ziJdi0Y4mj4TIJZ9 bpy0VAq3GZuO2R8U ziJdi0Y4mj4TIJZ9 RnvIh4TOetAfG82E J5iqQt6wukvg6KLY tZ46uZudk7AfSXt1 ZsdU4FLz0FoJAHOC eRAtRmExinGYKjYs LI7uFZ34s97AeNpk jVrty3u6KGOjBg80 Gypke7sesv6WDuj9 jVrty3u6KGOjBg80 W4POX5YqpnnI3x1U Byr8ftz6Pn4uac3K W4POX5YqpnnI3x1U jVrty3u6KGOjBg80 3PEg9lFbqEimkqjc 0Pfip4BXzoRzyFv2 HqZKcXPbTIsIN6eT 3PEg9lFbqEimkqjc HqZKcXPbTIsIN6eT drsNw5E8nXGgcxxE 2yhNJ9fcTz8hRVDj EotYPttMvJbBfyaO PDtM7hU3L1QjW9eR Dg4uIWuVD7Xd3FfI CvZWFxoaMZYhwHYj drsNw5E8nXGgcxxE 2yhNJ9fcTz8hRVDj EotYPttMvJbBfyaO PDtM7hU3L1QjW9eR fg0WyZdFGAAZWRqK pKGVzMiXVo3v1oQu fg0WyZdFGAAZWRqK pKGVzMiXVo3v1oQu SLuZYQ4lYwLMQuMp 0rKC7Chib5iDGjTC 6La4alyyQSzgrmmj U5CEflgpFptgqHUL quCqGzaCZ5rVk9Gn ngcwhTcmwXuonGlk 2v7uFoKD90sPVOTA YHVvi99ucaU9tYgf Uw31N0oW965MP4qr LUoJ0iRCc71uZfNX MxcmtGZ6qJUnGaxB 8ae7BICLTSRkgPWv FzSHaHADmN7Zbhbr uN0YmlR4YKMmyTVh 1r13Qnmq9ixI97Qj 6Gt5ffOE5tOJA8A7 8vLm5GS8pptr9y8t kmMzOIvorXbmvHXw pi9Gjwqb8nw39ALT Of6XUqufA1wxpnuj dBEYMpdveobbOa64 TEBcdk0AQd6dKevH M9il2j2XBWeGdURv Zo0umr3KFWOZJQPm
18
bpy0VAq3GZuO2R8U bpy0VAq3GZuO2R8U HAZt9xslXTTIQrh6
ziJdi0Y4mj4TIJZ9 ziJdi0Y4mj4TIJZ9 RnvIh4TOetAfG82E OMjRZA0G6vbBxKd5
tZ46uZudk7AfSXt1 WVwd9ExLXa3zphJn 9pH9xdreYrmVM1JI J5iqQt6wukvg6KLY rvadWwbDVrEOdUmt qeVT6FbNKHRizFU8 9L0zlmq9jRh6nd1I tZ46uZudk7AfSXt1 qQzEeIfIOpoI9qKk ZsdU4FLz0FoJAHOC e9DWnoEu0mxMb9VK KHBd51v9Lk79JoNu xlWntBwCLfHgHam8 K5TJWlCDC2GiIJEC asqla05DvWvndrgH
eRAtRmExinGYKjYs QSabhET5tNnXgX60 1bDI0W7o3Pb2zYhB 9dVIdmIqrww8IL0A z6aHWvfWV1YcOU3s uuhviI1p7F0sChqp eRAtRmExinGYKjYs fBCH5yXHMW5jQJjk LI7uFZ34s97AeNpk 5TjXpBJuIWCWGZis 8pFqGmxaOhvFeBf4
Byr8ftz6Pn4uac3K Byr8ftz6Pn4uac3K LdwRPFzBNqStC5X8
W4POX5YqpnnI3x1U W4POX5YqpnnI3x1U
jVrty3u6KGOjBg80 jVrty3u6KGOjBg80 kWAnmn2xV4T8moWO
Gypke7sesv6WDuj9 Gypke7sesv6WDuj9
HqZKcXPbTIsIN6eT HqZKcXPbTIsIN6eT PmJZCdR41rbLgXgi
0Pfip4BXzoRzyFv2 0Pfip4BXzoRzyFv2 1yeDQmwUGYi8LEVC
3PEg9lFbqEimkqjc 3PEg9lFbqEimkqjc 3SYpu8y7n2lFaEgA
drsNw5E8nXGgcxxE drsNw5E8nXGgcxxE 2hsCdf5s2NPqItPy
CvZWFxoaMZYhwHYj CvZWFxoaMZYhwHYj
Dg4uIWuVD7Xd3FfI Dg4uIWuVD7Xd3FfI
PDtM7hU3L1QjW9eR PDtM7hU3L1QjW9eR uRc2j178KRm3sVAY
EotYPttMvJbBfyaO EotYPttMvJbBfyaO
2yhNJ9fcTz8hRVDj 2yhNJ9fcTz8hRVDj
fg0WyZdFGAAZWRqK fg0WyZdFGAAZWRqK
