Zjo93yXsdcDV6Oit TlojxXhc2qYoWZfd hUodt8EH9XJmymZc 5gVgbSJalKNpCPGR mxfBTsbr179d38Xl e9vcyjNNidNUI5lw csYok6RDEEUhtSFo 10BaRDIVtibSNqCT L25OgxwPsOzFiHDa w2eQINfJGzFmJVSa aS5gP3tBqF72MHBj SXePDE8VmWVNc3gI AzbeVJsoSmTMPZLM xoNuVQFyUNw60SHt mp9G8QwevnO2Hxc1 jL8h52rHOflXCXG0 ja6XsDQlFAUw1yfc W3Q2QtUAtGMzTlOK lWi5N9iGPSdFbw4x At29Qn6ybXGjj4BZ HzeL7kqwHpJiFrZV ZpYXkDvB4yWlBwtb HTIVnzfE1Yii5xog oheo0bgdJ9E5AaZ3 ZetpQpaBiR0HxxTA 7rCQ85ozq5ueBf3n DtNMJrqE8gQwtB9A gbLSiDepCxsLEFEh P86w2YmfZZMrKQDs CXs92joGuF2B74ma 7umkRD4mdERwQl2t 3nUfHHB7quaxw3FP wPFBAldpZF3WcEqd dtyOV6qcOqKFtIlH M9il2j2XBWeGdURv dBEYMpdveobbOa64 ZASkL5Mxwr8cbBFG Of6XUqufA1wxpnuj m8Rn3gh3HBuT9R8d R43sDxzHzrO5kncN 8vLm5GS8pptr9y8t 8ae7BICLTSRkgPWv yILnNjtdKS6kD3NP LsIlvCjQu9Xqre9U xLhGn69fZWxkF2ME 2v7uFoKD90sPVOTA 27KMNaF72cTW0PDA U5CEflgpFptgqHUL 0rKC7Chib5iDGjTC EuY7nNg1nWHDnCBx CvZWFxoaMZYhwHYj 2hsCdf5s2NPqItPy 0Pfip4BXzoRzyFv2 LdwRPFzBNqStC5X8 jVrty3u6KGOjBg80 5TjXpBJuIWCWGZis z6aHWvfWV1YcOU3s QSabhET5tNnXgX60 xlWntBwCLfHgHam8 ZsdU4FLz0FoJAHOC 9L0zlmq9jRh6nd1I J5iqQt6wukvg6KLY ziJdi0Y4mj4TIJZ9 OMjRZA0G6vbBxKd5 WVwd9ExLXa3zphJn RnvIh4TOetAfG82E bpy0VAq3GZuO2R8U ziJdi0Y4mj4TIJZ9 OMjRZA0G6vbBxKd5 WVwd9ExLXa3zphJn J5iqQt6wukvg6KLY rvadWwbDVrEOdUmt qeVT6FbNKHRizFU8 9L0zlmq9jRh6nd1I tZ46uZudk7AfSXt1 9L0zlmq9jRh6nd1I qeVT6FbNKHRizFU8 rvadWwbDVrEOdUmt 9L0zlmq9jRh6nd1I e9DWnoEu0mxMb9VK KHBd51v9Lk79JoNu e9DWnoEu0mxMb9VK KHBd51v9Lk79JoNu K5TJWlCDC2GiIJEC uuhviI1p7F0sChqp eRAtRmExinGYKjYs Byr8ftz6Pn4uac3K kWAnmn2xV4T8moWO Byr8ftz6Pn4uac3K LdwRPFzBNqStC5X8 1yeDQmwUGYi8LEVC 0Pfip4BXzoRzyFv2 HqZKcXPbTIsIN6eT drsNw5E8nXGgcxxE CvZWFxoaMZYhwHYj PDtM7hU3L1QjW9eR fg0WyZdFGAAZWRqK EuY7nNg1nWHDnCBx 1ByTcIJH8XabOIWu 27KMNaF72cTW0PDA AvHIDL41dbfeNksW 27KMNaF72cTW0PDA AvHIDL41dbfeNksW YHVvi99ucaU9tYgf u7i0C02E9nMoZ6Ab LsIlvCjQu9Xqre9U LUoJ0iRCc71uZfNX gqX9V4QU6KrO7JGI LUoJ0iRCc71uZfNX 6GsK7I0daq8OZxaS yILnNjtdKS6kD3NP 3th5kfdmmYoxH6sF 8ae7BICLTSRkgPWv gqX9V4QU6KrO7JGI FzSHaHADmN7Zbhbr uN0YmlR4YKMmyTVh FzSHaHADmN7Zbhbr uN0YmlR4YKMmyTVh 6Gt5ffOE5tOJA8A7 kmMzOIvorXbmvHXw R43sDxzHzrO5kncN m8Rn3gh3HBuT9R8d qKKAwpkuJY9E8dpl kmMzOIvorXbmvHXw 8vLm5GS8pptr9y8t kmMzOIvorXbmvHXw R43sDxzHzrO5kncN Of6XUqufA1wxpnuj TEBcdk0AQd6dKevH ZASkL5Mxwr8cbBFG dBEYMpdveobbOa64 M9il2j2XBWeGdURv 6Hb2AkYl2iXZkxwX fsJIyl84Ptdh66ID IXSaZ3tByNZthkqV P5s4K3vn5D6QckKy DtNMJrqE8gQwtB9A 7rCQ85ozq5ueBf3n ZetpQpaBiR0HxxTA oheo0bgdJ9E5AaZ3 ODpK9gk17jDT3Sp2 tE0AXQQBQImVJ6nW YwKbp1yTO34FUrbo LHmgxJJGYDLYYymZ HzeL7kqwHpJiFrZV jL8h52rHOflXCXG0 jBnrdVZITnwrbrWj 76LXShiCO3Y9oZs0 B5jkVyVn3f7O2An6 10BaRDIVtibSNqCT csYok6RDEEUhtSFo bZ4oSCeSEaCTIVyZ sas60VSUYjFu8PHB dhHQUqzQAf17QtlS tQutySsTV1RolOTN Zjo93yXsdcDV6Oit
34
bpy0VAq3GZuO2R8U bpy0VAq3GZuO2R8U HAZt9xslXTTIQrh6
RnvIh4TOetAfG82E RnvIh4TOetAfG82E
WVwd9ExLXa3zphJn WVwd9ExLXa3zphJn 9pH9xdreYrmVM1JI
OMjRZA0G6vbBxKd5 OMjRZA0G6vbBxKd5
ziJdi0Y4mj4TIJZ9 ziJdi0Y4mj4TIJZ9
rvadWwbDVrEOdUmt rvadWwbDVrEOdUmt J5iqQt6wukvg6KLY
qeVT6FbNKHRizFU8 qeVT6FbNKHRizFU8
tZ46uZudk7AfSXt1 tZ46uZudk7AfSXt1 qQzEeIfIOpoI9qKk
9L0zlmq9jRh6nd1I 9L0zlmq9jRh6nd1I
KHBd51v9Lk79JoNu KHBd51v9Lk79JoNu xlWntBwCLfHgHam8
e9DWnoEu0mxMb9VK e9DWnoEu0mxMb9VK ZsdU4FLz0FoJAHOC
K5TJWlCDC2GiIJEC K5TJWlCDC2GiIJEC
uuhviI1p7F0sChqp asqla05DvWvndrgH QSabhET5tNnXgX60 1bDI0W7o3Pb2zYhB 9dVIdmIqrww8IL0A z6aHWvfWV1YcOU3s uuhviI1p7F0sChqp eRAtRmExinGYKjYs fBCH5yXHMW5jQJjk LI7uFZ34s97AeNpk 5TjXpBJuIWCWGZis
1yeDQmwUGYi8LEVC 8pFqGmxaOhvFeBf4 Gypke7sesv6WDuj9 jVrty3u6KGOjBg80 W4POX5YqpnnI3x1U LdwRPFzBNqStC5X8 1yeDQmwUGYi8LEVC 0Pfip4BXzoRzyFv2 3SYpu8y7n2lFaEgA 3PEg9lFbqEimkqjc 2hsCdf5s2NPqItPy HqZKcXPbTIsIN6eT drsNw5E8nXGgcxxE CvZWFxoaMZYhwHYj
kWAnmn2xV4T8moWO kWAnmn2xV4T8moWO
Byr8ftz6Pn4uac3K Byr8ftz6Pn4uac3K
EuY7nNg1nWHDnCBx 2yhNJ9fcTz8hRVDj PmJZCdR41rbLgXgi EotYPttMvJbBfyaO Dg4uIWuVD7Xd3FfI PDtM7hU3L1QjW9eR uRc2j178KRm3sVAY fg0WyZdFGAAZWRqK pKGVzMiXVo3v1oQu EuY7nNg1nWHDnCBx 0BNdm9hpaqd4q3Tx 1ByTcIJH8XabOIWu SLuZYQ4lYwLMQuMp 0rKC7Chib5iDGjTC 6La4alyyQSzgrmmj TbM88DujEo9BSxqT U5CEflgpFptgqHUL quCqGzaCZ5rVk9Gn
27KMNaF72cTW0PDA 27KMNaF72cTW0PDA
AvHIDL41dbfeNksW AvHIDL41dbfeNksW ngcwhTcmwXuonGlk
u7i0C02E9nMoZ6Ab LZyPcj0slZv1Vk6U 2v7uFoKD90sPVOTA nkKMB647tDItOdTX YHVvi99ucaU9tYgf xLhGn69fZWxkF2ME u7i0C02E9nMoZ6Ab YpZJ50mXHPeALpEr LsIlvCjQu9Xqre9U 1Eq6CyZRaHXkARva nPVdEshNZOOx6qGx StSocpbFeWB0czP8
8ae7BICLTSRkgPWv 8ae7BICLTSRkgPWv
3th5kfdmmYoxH6sF 3th5kfdmmYoxH6sF
yILnNjtdKS6kD3NP yILnNjtdKS6kD3NP
6GsK7I0daq8OZxaS 6GsK7I0daq8OZxaS Uw31N0oW965MP4qr
LUoJ0iRCc71uZfNX LUoJ0iRCc71uZfNX
gqX9V4QU6KrO7JGI gqX9V4QU6KrO7JGI MxcmtGZ6qJUnGaxB
uN0YmlR4YKMmyTVh uN0YmlR4YKMmyTVh
FzSHaHADmN7Zbhbr FzSHaHADmN7Zbhbr 1r13Qnmq9ixI97Qj
8vLm5GS8pptr9y8t 8vLm5GS8pptr9y8t 6Gt5ffOE5tOJA8A7
qKKAwpkuJY9E8dpl qKKAwpkuJY9E8dpl
m8Rn3gh3HBuT9R8d m8Rn3gh3HBuT9R8d pi9Gjwqb8nw39ALT
R43sDxzHzrO5kncN R43sDxzHzrO5kncN
kmMzOIvorXbmvHXw kmMzOIvorXbmvHXw
dBEYMpdveobbOa64 Of6XUqufA1wxpnuj TEBcdk0AQd6dKevH ZASkL5Mxwr8cbBFG Plb766RuoiNfkOGW dBEYMpdveobbOa64 LjKfvPnu1IVb9d8E M9il2j2XBWeGdURv Zo0umr3KFWOZJQPm
