l0 l38 h29 l30 h27 h18 h31 h23 h32 h29 l30 h30 h17 l12 h17 l12 l16 h12 h49 h12 h7 h42 h6 h11 h9 h7 h42 h6 l1 h8 h3 h8 l1 l8 l19 l13 h40 h24 h44 h25 h39 l13 l26 l13 l36 h41 l36 h41 l11 h34 h38 h15 h47 h34 l0
31
h32 h32
h23 h23
h31 h31
h18 h18 h1
h27 h27
h29 h29
h8 h8
h3 h3 h5
l1 h4 h45
h7 h7 h10
h9 h9
h11 h11
h6 h6
h42 h42
h49 h49 h0
h12 h12 h13 h14
l12 h16 h36
h17 h17 h43 h37
h30 h2 h19 h20 h21 h22 h28 h30 h48
l26 h26
h39 h39
h25 h25
h44 h44
h24 h24
h40 h40
l36 h46
h41 h41 h35
h47 h47 h33
h15 h15
h38 h38
h34 h34
