l0 h3 h91 l94 h0 h1 h83 h3 h74 l36 l41 h96 l5 l97 l77 l95 h44 h85 l7 h85 h17 l87 h17 l8 l80 h8 l4 h8 l4 h36 l69 h36 l18 l2 h53 h20 l84 h20 h57 h94 l10 h94 l49 l17 h79 l34 h31 h69 h31 h48 h49 h48 h98 l0
21
h83 h83 h89
h1 h1
h0 h0
h91 h91
h3 h3 h2
l97 h4 h5 h6 h7 h9 h10 h11 h12 h13 h14 h15 h16 h18 h19 h22 h23 h24 h25 h26 h27 h28 h29 h37 h38 h39 h40 h41 h42 h43 h45 h46 h47 h50 h51 h52 h54 h55 h56 h57 h58 h59 h60 h61 h62 h63 h64 h65 h66 h67 h70 h71 h72 h73 h75 h76 h77 h80 h81 h82 h84 h86 h87 h88 h90 h92 h93 h94 h95 h97 h99
h8 h8
h85 h85
h79 h21 h30 h32 h33 h34 h35 h68 h79
h69 h69
h31 h31 h78
h17 h17
h36 h36
h20 h20
h44 h44
h49 h49
h48 h48
h53 h53
h74 h74
h96 h96
h98 h98
