L0 L73 L82 L32 L41 L101 L80 L101 L80 L114 L165 L10 L165 L114 L59 L64 L47 L68 L110 L68 L30 L152 L30 L92 L157 L134 L119 L134 L119 L48 L49 L89 L49 L159 L98 L121 L150 L183 L23 L180 L171 L170 L188 L115 L0
19
L0 L39 L118 L197 L57 L18 L29 L192 L50 L7 L24 L144 L33 L176 L1 L94 L163 L61 L75 L54 L142 L23 L84 L177 L147 L199 L116 L8 L13 L153 L141 L175 L149 L130 L58 L107 L125 L160 L60 L64 L81 L96 L164 L127 L97 L53 L123 L77 L12 L14 L113 L55 L2 L135 L62 L95 L48 L74 L109 L143 L65 L132 L106 L27 L26 L145 L104 L146 L112 L38 L46 L52 L178 L138 L20 L194 L168 L69 L139 L102
L152 L152
L30 L30 L3 L31
L10 L10
L165 L165 L196
L41 L41
L47 L47
L49 L49
L59 L59
L110 L110
L68 L68
L73 L73
L80 L80
L82 L82
L98 L98
L119 L119
L121 L121
L157 L157
L188 L188
