point0 point70 point68 point66 point81 point89 point87 point95 point87 point89 point85 point93 point92 point95 point39 point40 point39 point37 point41 point38 point41 point20 point6 point53 point57 point54 point57 point54 point101 point97 point103 point97 point101 point147 point148 point145 point149 point154 point152 point143 point152 point170 point188 point173 point178 point177 point175 point177 point176 point174 point169 point140 point134 point140 point134 point186 point137 point139 point142 point139 point135 point131 point184 point185 point119 point0
22
point68 point1 point3 point5 point10 point11 point13 point15 point16 point17 point18 point21 point27 point29 point30 point31 point33 point34 point49 point51 point52 point55 point56 point67 point69 point72 point73 point75 point76 point78 point79 point83 point100 point102 point109 point110 point111 point112 point113 point115 point119 point120 point122 point123 point124 point126 point132 point138 point172 point179 point180 point183 point185 point187
point6 point6
point54 point54
point38 point38
point41 point41
point40 point40
point39 point39 point42 point43
point92 point94
point93 point86
point85 point85
point89 point89 point91
point87 point87
point103 point103
point97 point108
point131 point131
point139 point139
point134 point134
point135 point135
point152 point152
point145 point144 point148 point149 point151 point153 point155 point157 point158 point160 point162 point163
point177 point177
point184 point184
