55 21 96 137 111 137 176 189 71 189 4 92 12 84 12 84 182 101 182 89 149 81 128 81 141 66 88 26 147 43 66 140 166 133 77 143 77 79 65 148 8 172 98 13 90 56 90 146 181 55
23
8 40 97 170 172 32 61 27 62 76 49 74 67 15 53 41 134 54 175 116 135 105 179 160 8 109 126 150 42 122 113 9 30 114
133 140 184 78 133 58 107 163 153
89 11 149 17 188 45 185 162 118 36 171 177 151 86 131 16 20 80 173 168
12 12
13 13
111 111
137 137 83
81 81
43 43
26 26
88 88
66 66
96 33 159 63 119 91 152 59 186 29 106 158 115 48
101 101
182 182 57
56 56 85
90 90 146
71 71
189 189
77 77
148 148
166 166
181 181
