x61 x5 x46 x5 x65 x94 x48 x66 x68 x65 x28 x40 x57 x95 x91 x28 x78 x32 x78 x32 x82 x0 x77 x4 x90 x87 x9 x87 x90 x4 x69 x23 x69 x23 x79 x3 x55 x3 x79 x13 x59 x49 x3 x20 x1 x20 x1 x12 x88 x31 x50 x89 x41 x12 x98 x77 x44 x61
33
x0 x18 x43 x99 x58 x81 x8 x93 x0 x71
x20 x54
x1 x1 x30
x49 x49
x59 x59
x13 x13
x79 x79 x42
x3 x26 x3
x55 x55 x2
x69 x90
x23 x23 x34
x46 x46
x5 x5 x61
x91 x91 x37
x95 x95
x57 x7
x40 x40
x28 x28
x9 x39
x87 x87 x53 x80
x68 x68
x66 x66
x48 x52
x94 x94
x65 x96
x41 x97
x89 x89
x50 x21
x31 x31
x88 x88
x12 x12
x32 x32
x98 x98
