exothermic lordosis midget coarse tate midget amateur Bernini Tucson intangible Tucson wafer swordfish exothermic shovel trill combine Iowa combine trill shovel exothermic felony Irvin swordtail McCall namesake exothermic Curtis Injun Bernini McCall sacrifice extrovert schedule barnacle embroil Halstead embroil FPC namesake Dominican yogurt Dominican felony exothermic
23
Bernini Bernini
Curtis Curtis
FPC FPC
Halstead Halstead
Injun Injun
Iowa Iowa
Irvin Irvin decor
McCall Andersen McCall
Tucson Tucson
amateur amateur
coarse coarse
combine combine
extrovert extrovert
felony felony
lordosis lordosis
midget midget
namesake namesake
sacrifice sacrifice
shovel shovel
swordfish swordfish
trill trill
wafer wafer
yogurt yogurt
