tepsteinfdkilldlmhns sltkillfndepsteinmhd htskillepsteindnlfdm thsfnmkilldlepsteind fnlskillhtepsteindmd hdepsteinsmdtnflkill hfskillnepsteinldtdm ldnmepsteinhfstdkill nmhdkilltslepsteinfd hldmepsteindsnkilltf dhlepsteindkillsmtnf lepsteinfdkillsdnmht fhntdkillmepsteinsld lepsteinfdkillsdnmht dhlepsteindkillsmtnf killepsteintdldshfnm dtepsteindnhmskillfl fnmhskilldepsteinltd msnepsteinfkillhtdld snldmtkillfepsteindh epsteinthsdmndkillfl nfdhepsteinltsdmkill thmepsteinlkillfsndd mfskillnhlddtepstein thmepsteinlkillfsndd slepsteinftndkillmdh epsteinsdfmhltkillnd slepsteinftndkillmdh htskillepsteindnlfdm ndlmhepsteintdskillf htskillepsteindnlfdm sltkillfndepsteinmhd tepsteinfdkilldlmhns
19
ndlmhepsteintdskillf ndlmhepsteintdskillf tmhsnfepsteinldkilld
nfdhepsteinltsdmkill nfdhepsteinltsdmkill
ldnmepsteinhfstdkill skilldnmlhdftepstein hepsteinnfstkilllmdd ndlepsteinhdtskillfm
lepsteinfdkillsdnmht lepsteinfdkillsdnmht
mfskillnhlddtepstein epsteindsmnlfdtkillh
dhlepsteindkillsmtnf dhlepsteindkillsmtnf
msnepsteinfkillhtdld hkillmepsteinstdfdnl msnepsteinfkillhtdld
fnlskillhtepsteindmd fnlskillhtepsteindmd
thsfnmkilldlepsteind tskillepsteinhfmddnl
hldmepsteindsnkilltf hldmepsteindsnkilltf
killepsteintdldshfnm killepsteintdldshfnm nlhtdsdepsteinfmkill
epsteinthsdmndkillfl nkillsdtdhfmlepstein epsteinthsdmndkillfl
hdepsteinsmdtnflkill hdepsteinsmdtnflkill
hfskillnepsteinldtdm killnfhdsdltepsteinm
fnmhskilldepsteinltd fnmhskilldepsteinltd
snldmtkillfepsteindh snldmtkillfepsteindh
htskillepsteindnlfdm htskillepsteindnlfdm
thmepsteinlkillfsndd thmepsteinlkillfsndd
epsteinsdfmhltkillnd epsteinsdfmhltkillnd
