Donner Helena McCone Optometry North Providence Illinois Topeka Life Phoenix Recreational Minnesota Old Tallahassee Gilman Foothill Iowa Wurster Haste Cyclotron Juneau Santa Donner
22
Donner Donner
Cyclotron Haas Cyclotron
Helena Helena
North North
McCone McCone
Juneau Juneau
Wurster Wurster
Optometry Optometry
Santa Santa
Phoenix Phoenix
Illinois Illinois
Haste Haste
Providence Providence
Life Life
Topeka Topeka
Foothill Foothill
Minnesota Minnesota
Gilman Gilman
Tallahassee Ishi Tallahassee
Old Old
Recreational Gayley Recreational
Iowa Iowa
