paint slam inherit rake blade ice same determine complain learning ambiguous thumb imported desire glamorous ray route finish indicate nutty measure diligent stink wooden paint
24
ambiguous ambiguous
rake rake
blade blade
inherit inherit
paint paint
desire desire
nutty nutty
ice ice
thumb thumb
finish finish
measure measure
indicate indicate
ray ray
diligent diligent
same floor same
determine determine
glamorous glamorous
slam slam
route route
imported imported
complain complain
learning learning
stink stink
wooden wooden
