Kaimganj Leixlip Mesa EncarnaciondeDiaz Mesa Leixlip Isakogorka Yucheng Korolev Tsirang MilpaAlta MontecatiniTerme Tocache GobernadorGalvez Narangba Dankov Narangba GobernadorGalvez Tocache Gobo Albi Novopokrovskaya Anahuac Novopokrovskaya Albi Karasuyama Tsukawaki Karasuyama Albi Gobo Racine PinhalNovo MilpaAlta Tsirang Brecht Tsirang Korolev Yucheng Isakogorka Kaimganj Fagaras Pilibhit Fagaras Kaimganj
23
Dankov Dankov
Karasuyama Karasuyama
Narangba Narangba
Tsukawaki Tsukawaki
Fagaras Fagaras
Pilibhit Pilibhit Irvine
Racine Racine
PinhalNovo PinhalNovo
Brecht Brecht
Anahuac Anahuac
Yucheng Yucheng
Korolev Korolev
EncarnaciondeDiaz EncarnaciondeDiaz
Novopokrovskaya Novopokrovskaya
Albi Albi
Tsirang Tsirang
Isakogorka Isakogorka
GobernadorGalvez GobernadorGalvez
Gobo Gobo
Tocache Tocache Fandriana
Leixlip Leixlip
MilpaAlta MilpaAlta
MontecatiniTerme MontecatiniTerme
