pace exclusive output injury pier gate tablet approval voice mixture brake nationalist brake headline audience page likely circulation likely king opposed thumb exempt thumb enter prison view throne exclusive pace
20
likely likely market
prison honor
king king
mixture mixture
injury injury skeleton
output output
circulation circulation
page guarantee page
view excuse
audience audience
voice voice
enter deposit enter
throne throne
gate gate
exempt exempt
opposed opposed
headline headline
brake brake
nationalist feature nationalist
approval approval
