location41 location77 location20 location10 location41 location17 location77 location12 location34 location8 location44 location34 location35 location15 location35 location54 location35 location25 location58 location2 location25 location108 location37 location64 location61 location108 location4 location48 location4 location36 location104 location36 location1 location19 location30 location42 location73 location9 location7 location51 location1 location11 location67 location11 location66 location111 location66 location28 location56 location24 location28 location98 location40 location22 location21 location55 location98 location41
35
location44 location44 location0
location8 location8 location38
location34 location34
location51 location51 location65 location46
location7 location7
location9 location9
location42 location42
location30 location30 location32
location19 location19
location1 location1
location2 location2 location14
location58 location58 location6
location25 location25
location66 location66
location48 location48 location43
location4 location4 location39
location17 location17 location5 location50
location41 location41 location62
location10 location10
location20 location20
location11 location11
location104 location13 location53
location36 location36 location29
location54 location54 location49
location35 location35
location15 location15 location52
location61 location61 location26
location64 location64 location63
location37 location37
location24 location24 location59
location56 location56 location33
location55 location55 location23
location21 location21
location22 location22
location40 location40 location47
