location4 location69 location12 location69 location0 location43 location0 location24 location56 location34 location24 location47 location17 location47 location23 location16 location26 location23 location89 location67 location41 location78 location4 location3 location81 location89 location85 location57 location85 location44 location53 location44 location35 location42 location29 location61 location29 location28 location99 location42 location95 location82 location95 location77 location79 location77 location4
26
location43 location43 location70
location0 location0 location37
location35 location1 location60 location15 location93 location50 location98 location68 location91 location36 location76 location11
location57 location57 location83
location85 location85 location2
location81 location81 location55
location3 location3
location4 location4 location88
location78 location78
location89 location89
location99 location99 location38
location28 location28
location61 location61 location94
location34 location34 location6
location56 location56 location13
location24 location24
location12 location66
location69 location69 location86
location16 location16 location74
location23 location23 location62
location47 location47
location53 location53
location44 location44 location54
location95 location95
location79 location79
location77 location77
