location4 location197 location118 location169 location1 location178 location84 location197 location56 location18 location24 location56 location156 location185 location56 location186 location180 location190 location41 location115 location135 location186 location39 location192 location102 location131 location68 location192 location100 location0 location59 location132 location39 location148 location31 location110 location25 location148 location15 location170 location15 location198 location70 location198 location78 location136 location78 location139 location189 location99 location2 location108 location51 location139 location144 location133 location64 location144 location14 location88 location14 location49 location33 location49 location29 location42 location29 location54 location46 location54 location183 location119 location116 location80 location140 location183 location92 location40 location57 location107 location74 location92 location37 location159 location27 location141 location173 location72 location37 location83 location37 location17 location48 location60 location113 location93 location55 location63 location66 location17 location89 location50 location127 location50 location161 location122 location89 location35 location117 location35 location147 location175 location147 location4
70
location132 location132 location11
location0 location0
location100 location100
location68 location68 location16
location102 location102
location192 location192
location84 location84 location171
location1 location1
location169 location169 location71
location51 location51 location157
location108 location108 location160
location2 location2
location99 location99
location189 location189
location33 location33
location49 location49 location129
location83 location83 location20
location37 location37
location72 location72
location141 location141 location23
location159 location159
location64 location64 location5
location133 location133
location144 location144 location152
location66 location158 location19
location63 location63
location55 location55
location93 location93
location113 location113 location6
location60 location60
location48 location48
location74 location74 location21
location107 location107
location57 location57 location163
location40 location40
location92 location92
location185 location185 location62
location156 location156
location24 location24 location191
location18 location18
location56 location56
location140 location140 location165
location80 location80
location116 location116 location193
location119 location119
location183 location183
location14 location14
location170 location170
location15 location15 location120
location25 location25 location177
location110 location110 location101
location31 location31
location148 location148
location29 location29
location70 location70 location43
location198 location168
location122 location122 location188
location50 location50
location127 location127 location96
location117 location117 location125
location35 location155
location135 location135 location181 location146
location115 location115
location41 location41 location124
location190 location190
location186 location186
location54 location54
location136 location136 location128
location78 location143
location147 location147
