Clearnesse Ironriver Goldwyvern Esterfall Morwald Foxvale Morwald Dellwyn Oakmere Butterbush Morwall Woodice Corbank Marbleiron Foxhaven Courtwall Buttermead Westvale Violetley Eriwall Oldmoor Eriwall Woodice Freyview Newby Courtcastle Valhaven Ironshore Clearnesse
25
Marbleiron Marbleiron
Courtcastle Courtcastle
Ironriver Ironriver
Courtwall Courtwall
Morwald Morwald
Clearnesse Clearnesse
Valhaven Valhaven
Buttermead Buttermead
Violetley Violetley
Westvale Westvale
Woodice Woodice
Esterfall Esterfall
Eriwall Eriwall
Goldwyvern Goldwyvern
Newby Newby
Foxvale Foxvale
Morwall Morwall
Oakmere Oakmere
Foxhaven Foxhaven
Freyview Freyview
Ironshore Ironshore
Oldmoor Oldmoor
Dellwyn Dellwyn
Butterbush Butterbush
Corbank Corbank
