Shoreburn Fairice Windbridge Fairice Mallowway Snowsage Summermage Snowsage Shoreburn Courtedge Coldville Courtedge Mallowway Springfox Violetley Springfox Shoreburn Wellbank Valhaven Wellbank Shoreburn Goldcrest Lightmere Goldcrest Mallowway Wooddell Oldmoor Wooddell Shoreburn Orfort Bluedale Orfort Mallowway Starryhill Foxhaven Starryhill Shoreburn Bluelake Redlake Bluelake Mallowway Janholt Marbleiron Janholt Mallowway Shoreburn Mistshore Dellwyn Mistshore Shoreburn Butterhill Lochmage Butterhill Shoreburn Northriver Newley Northriver Mallowway Southpine Greenshore Southpine Shoreburn Fairsage Strongfall Fairsage Shoreburn Flowermill Westvale Flowermill Mallowway Wolflea Eriwall Wolflea Shoreburn Silverlea Butterway Silverlea Mallowway Orbarrow Butterbush Orbarrow Mallowway Applecastle Violetfay Applecastle Mallowway Eastcastle Courtcastle Eastcastle Shoreburn Fieldedge Brightmere Fieldedge Mallowway Newmill Rosemill Newmill Mallowway Silverbarrow Snowshore Silverbarrow Mallowway Bluewyn Deephedge Bluewyn Mallowway Erilyn Redwell Erilyn Shoreburn Westmill Woodice Westmill Shoreburn Southwheat Highmont Southwheat Shoreburn Brightrock Stonefair Brightrock Mallowway Irondeer Newby Irondeer Shoreburn Northwynne Freymere Northwynne Mallowway Wellmage Freyview Wellmage Shoreburn Greyice Mallowness Greyice Mallowway Bluedell Corbank Bluedell Mallowway Wildemarsh Fogland Wildemarsh Shoreburn Mallowway Clearland Morwald Clearland Mallowway Stoneglass Seamoor Stoneglass Shoreburn Bushgate Westerlight Bushgate Shoreburn Ironshore Silverwitch Ironshore Shoreburn Oakmere Greensummer Oakmere Shoreburn Esterash Ostwynne Esterash Mallowway Morwall Icenesse Morwall Mallowway Foxvale Buttermead Foxvale Shoreburn Clearnesse Blackbush Clearnesse Shoreburn Goldwyvern Verthedge Goldwyvern Mallowway Esterfall Rosegate Esterfall Mallowway Ironriver Mallowbridge Ironriver Mallowway Courtwall Flowerfield Courtwall Shoreburn
100
Marbleiron Marbleiron
Courtcastle Courtcastle
Ironriver Ironriver
Courtwall Courtwall
Morwald Morwald
Clearnesse Clearnesse
Valhaven Valhaven
Buttermead Buttermead
Violetley Violetley
Westvale Westvale
Woodice Woodice
Esterfall Esterfall
Eriwall Eriwall
Goldwyvern Goldwyvern
Newby Newby
Foxvale Foxvale
Morwall Morwall
Oakmere Oakmere
Foxhaven Foxhaven
Freyview Freyview
Ironshore Ironshore
Oldmoor Oldmoor
Dellwyn Dellwyn
Butterbush Butterbush
Corbank Corbank
Esterash Esterash
Stonefair Stonefair
Westerlight Westerlight
Clearland Clearland
Bushgate Bushgate
Brightmere Brightmere
Stoneglass Stoneglass
Wildemarsh Wildemarsh
Wellmage Wellmage
Snowshore Snowshore
Irondeer Irondeer
Lightmere Lightmere
Southwheat Southwheat
Westmill Westmill
Lochmage Lochmage
Shoreburn Shoreburn
Erilyn Erilyn
Eastcastle Eastcastle
Rosemill Rosemill
Wolflea Wolflea
Greenshore Greenshore
Bluedell Bluedell
Newley Newley
Fairsage Fairsage
Greyice Greyice
Greensummer Greensummer
Southpine Southpine
Ostwynne Ostwynne
Violetfay Violetfay
Northwynne Northwynne
Redlake Redlake
Butterway Butterway
Brightrock Brightrock
Fogland Fogland
Silverwitch Silverwitch
Butterhill Butterhill
Deephedge Deephedge
Flowerfield Flowerfield
Coldville Coldville
Mallowbridge Mallowbridge
Blackbush Blackbush
Bluewyn Bluewyn
Silverbarrow Silverbarrow
Rosegate Rosegate
Freymere Freymere
Newmill Newmill
Icenesse Icenesse
Mallowness Mallowness
Fieldedge Fieldedge
Verthedge Verthedge
Highmont Highmont
Mistshore Mistshore
Applecastle Applecastle
Bluedale Bluedale
Orbarrow Orbarrow
Strongfall Strongfall
Silverlea Silverlea
Mallowway Mallowway
Flowermill Flowermill
Seamoor Seamoor
Northriver Northriver
Starryhill Starryhill
Wooddell Wooddell
Wellbank Wellbank
Janholt Janholt
Bluelake Bluelake
Orfort Orfort
Redwell Redwell
Springfox Springfox
Summermage Summermage
Goldcrest Goldcrest
Courtedge Courtedge
Fairice Fairice
Snowsage Snowsage
Windbridge Windbridge
