Brightmere Greyice Ironriver Greyice Eriwall Stoneglass Eriwall Wildemarsh Marbleiron Wildemarsh Esterash Morwall Esterash Courtcastle Irondeer Oakmere Southwheat Oakmere Corbank Goldwyvern Oldmoor Morwald Westvale Lochmage Westvale Erilyn Newby Erilyn Goldwyvern Applecastle Ironshore Clearland Fairsage Dellwyn Woodice Snowshore Woodice Westmill Brightrock Clearnesse Stonefair Foxhaven Buttermead Foxhaven Stonefair Clearnesse Lightmere Esterfall Newley Wolflea Bushgate Wolflea Violetley Shoreburn Violetley Greenshore Eastcastle Valhaven Westerlight Valhaven Wellmage Foxvale Freyview Bluedell Butterbush Bluedell Courtwall Rosemill Courtwall Bluedell Brightmere
50
Marbleiron Marbleiron
Courtcastle Courtcastle
Ironriver Ironriver
Courtwall Courtwall
Morwald Morwald
Clearnesse Clearnesse
Valhaven Valhaven
Buttermead Buttermead
Violetley Violetley
Westvale Westvale
Woodice Woodice
Esterfall Esterfall
Eriwall Eriwall
Goldwyvern Goldwyvern
Newby Newby
Foxvale Foxvale
Morwall Morwall
Oakmere Oakmere
Foxhaven Foxhaven
Freyview Freyview
Ironshore Ironshore
Oldmoor Oldmoor
Dellwyn Dellwyn
Butterbush Butterbush
Corbank Corbank
Esterash Esterash
Stonefair Stonefair
Westerlight Westerlight
Clearland Clearland
Bushgate Bushgate
Brightmere Brightmere
Stoneglass Stoneglass
Wildemarsh Wildemarsh
Wellmage Wellmage
Snowshore Snowshore
Irondeer Irondeer
Lightmere Lightmere
Southwheat Southwheat
Westmill Westmill
Lochmage Lochmage
Shoreburn Shoreburn
Erilyn Erilyn
Eastcastle Eastcastle
Rosemill Rosemill
Wolflea Wolflea
Greenshore Greenshore
Bluedell Bluedell
Newley Newley
Fairsage Fairsage
Greyice Greyice
